Building DAG of jobs...
Relative file path './serverRunning' starts with './'. This is redundant and strongly discouraged. It can also lead to inconsistent results of the file-matching approach used by Snakemake. You can simply omit the './' for relative file paths.
Relative file path './serverRunning' starts with './'. This is redundant and strongly discouraged. It can also lead to inconsistent results of the file-matching approach used by Snakemake. You can simply omit the './' for relative file paths.
Provided cores: 10
Rules claiming more threads will be scaled down.
Job stats:
job                                      count
-------------------------------------  -------
all                                          1
create_docker_image_jupyter_server           1
create_docker_image_notebook_executor        1
run_jupyter_server                           1
total                                        4

Select jobs to execute...
Execute 2 jobs...

[Tue May  7 16:26:54 2024]
localrule create_docker_image_notebook_executor:
    input: 00-Utils/Docker-ipnyb-execution/Dockerfile, 00-Utils/Docker-ipnyb-execution/requirements.txt, 00-Utils/Docker-ipnyb-execution/execute_notebook.sh
    output: 00-Utils/Docker-images/notebook-executor.tar
    log: logs/setup_notebook-executor.log
    jobid: 1
    reason: Missing output files: 00-Utils/Docker-images/notebook-executor.tar
    resources: tmpdir=C:\Users\Etienne\AppData\Local\Temp


[Tue May  7 16:26:54 2024]
localrule create_docker_image_jupyter_server:
    input: 00-Utils/Docker-jupyter-server/Dockerfile, 00-Utils/Docker-jupyter-server/requirements.txt
    output: 00-Utils/Docker-images/jupyter-server.tar
    log: logs/setup_jupyter-server.log
    jobid: 2
    reason: Missing output files: 00-Utils/Docker-images/jupyter-server.tar
    resources: tmpdir=C:\Users\Etienne\AppData\Local\Temp

[Tue May  7 16:27:24 2024]
Finished job 2.
1 of 4 steps (25%) done
Select jobs to execute...
Execute 1 jobs...

[Tue May  7 16:27:24 2024]
localrule run_jupyter_server:
    input: 00-Utils/Docker-images/jupyter-server.tar
    output: ./serverRunning
    jobid: 3
    reason: Input files updated by another job: 00-Utils/Docker-images/jupyter-server.tar
    resources: tmpdir=C:\Users\Etienne\AppData\Local\Temp

[Tue May  7 16:27:28 2024]
Finished job 1.
2 of 4 steps (50%) done
[Tue May  7 16:28:11 2024]
Finished job 3.
3 of 4 steps (75%) done
Select jobs to execute...
Execute 1 jobs...

[Tue May  7 16:28:11 2024]
localrule all:
    input: 00-Utils/Docker-images/notebook-executor.tar, 00-Utils/Docker-images/jupyter-server.tar, ./serverRunning
    jobid: 0
    reason: Input files updated by another job: 00-Utils/Docker-images/jupyter-server.tar, ./serverRunning, 00-Utils/Docker-images/notebook-executor.tar
    resources: tmpdir=C:\Users\Etienne\AppData\Local\Temp

[Tue May  7 16:28:11 2024]
Finished job 0.
4 of 4 steps (100%) done
Complete log: .snakemake\log\2024-05-07T162654.287757.snakemake.log
