Building DAG of jobs...
Provided cores: 1 (use --cores to define parallelism)
Rules claiming more threads will be scaled down.
Job stats:
job      count
-----  -------
test         1
total        1

Select jobs to execute...
Execute 1 jobs...

[Mon May  6 14:53:41 2024]
localrule test:
    output: output.txt
    jobid: 0
    reason: Code has changed since last execution
    resources: tmpdir=C:\Users\Etienne\AppData\Local\Temp

[Mon May  6 14:53:41 2024]
Finished job 0.
1 of 1 steps (100%) done
Complete log: .snakemake\log\2024-05-06T145341.732734.snakemake.log
