Building DAG of jobs...
Provided cores: 10
Rules claiming more threads will be scaled down.
Singularity containers: ignored
Job stats:
job                  count
-----------------  -------
all                      1
create_database          1
validate_notebook        1
total                    3

Select jobs to execute...
Execute 1 jobs...

[Mon May  6 16:38:38 2024]
localrule validate_notebook:
    input: 02 - Data Curation/DB creation.ipynb
    output: 02 - Data Curation/DB creation normalized.ipynb
    jobid: 2
    reason: Missing output files: 02 - Data Curation/DB creation normalized.ipynb
    resources: tmpdir=C:\Users\Etienne\AppData\Local\Temp

RuleException:
CalledProcessError in file Z:\projects\dc_project\Snakefile, line 28:
Command 'C:/Users/Etienne/AppData/Local/Programs/Python/Python311/python.exe "Z:\projects\dc_project\.snakemake\scripts\tmp3d_dc1pe.validate notebooks.py"' returned non-zero exit status 1.
[Mon May  6 16:38:38 2024]
Error in rule validate_notebook:
    jobid: 2
    input: 02 - Data Curation/DB creation.ipynb
    output: 02 - Data Curation/DB creation normalized.ipynb

Shutting down, this might take some time.
Exiting because a job execution failed. Look above for error message
Complete log: .snakemake\log\2024-05-06T163838.188715.snakemake.log
WorkflowError:
At least one job did not complete successfully.
