Building DAG of jobs...
Provided cores: 100
Rules claiming more threads will be scaled down.
Singularity containers: ignored
Job stats:
job                  count
-----------------  -------
all                      1
create_database          1
validate_notebook        1
total                    3

Select jobs to execute...
Execute 1 jobs...

[Mon May  6 17:05:06 2024]
localrule validate_notebook:
    input: 02 - Data Curation/DB creation.ipynb
    output: 02 - Data Curation/DB creation normalized.ipynb
    log: logs/validate_notebooks.log
    jobid: 2
    reason: Missing output files: 02 - Data Curation/DB creation normalized.ipynb
    resources: tmpdir=C:\Users\Etienne\AppData\Local\Temp

[Mon May  6 17:05:07 2024]
Finished job 2.
1 of 3 steps (33%) done
Select jobs to execute...
Execute 1 jobs...

[Mon May  6 17:05:07 2024]
localrule create_database:
    input: 01 - Data Extraction/data_pos_neg.csv, 02 - Data Curation/DB creation normalized.ipynb
    output: 02 - Data Curation/unified.db
    log: logs/create_database.log
    jobid: 1
    reason: Missing output files: 02 - Data Curation/unified.db; Input files updated by another job: 02 - Data Curation/DB creation normalized.ipynb
    resources: tmpdir=C:\Users\Etienne\AppData\Local\Temp

[Mon May  6 17:05:14 2024]
Finished job 1.
2 of 3 steps (67%) done
Select jobs to execute...
Execute 1 jobs...

[Mon May  6 17:05:14 2024]
localrule all:
    input: 02 - Data Curation/unified.db
    jobid: 0
    reason: Input files updated by another job: 02 - Data Curation/unified.db
    resources: tmpdir=C:\Users\Etienne\AppData\Local\Temp

[Mon May  6 17:05:14 2024]
Finished job 0.
3 of 3 steps (100%) done
Complete log: .snakemake\log\2024-05-06T170506.704226.snakemake.log
