Building DAG of jobs...
Provided cores: 100
Rules claiming more threads will be scaled down.
Singularity containers: ignored
Job stats:
job                count
---------------  -------
all                    1
create_database        1
total                  2

Select jobs to execute...
Execute 1 jobs...

[Mon May  6 16:14:16 2024]
localrule create_database:
    input: 01 - Data Extraction/data_pos_neg.csv
    output: 02 - Data Curation/unified.db
    jobid: 1
    reason: Code has changed since last execution
    resources: tmpdir=C:\Users\Etienne\AppData\Local\Temp

[Mon May  6 16:14:22 2024]
Finished job 1.
1 of 2 steps (50%) done
Select jobs to execute...
Execute 1 jobs...

[Mon May  6 16:14:22 2024]
localrule all:
    input: 02 - Data Curation/unified.db
    jobid: 0
    reason: Input files updated by another job: 02 - Data Curation/unified.db
    resources: tmpdir=C:\Users\Etienne\AppData\Local\Temp

[Mon May  6 16:14:22 2024]
Finished job 0.
2 of 2 steps (100%) done
Complete log: .snakemake\log\2024-05-06T161416.375591.snakemake.log
