Building DAG of jobs...
Provided cores: 20
Rules claiming more threads will be scaled down.
Job stats:
job                                   count
----------------------------------  -------
all                                       1
create_docker_image_jupyter_server        1
total                                     2

Select jobs to execute...
Execute 1 jobs...

[Tue May  7 16:05:06 2024]
localrule create_docker_image_jupyter_server:
    input: 00-Utils/Docker-jupyter-server/Dockerfile, 00-Utils/Docker-jupyter-server/requirements.txt
    output: 00-Utils/Docker-images/jupyter-server.tar
    log: logs/setup_jupyter-server.log
    jobid: 2
    reason: Missing output files: 00-Utils/Docker-images/jupyter-server.tar
    resources: tmpdir=C:\Users\Etienne\AppData\Local\Temp

RuleException:
CalledProcessError in file Z:\projects\dc_project\Snakefile, line 34:
Command 'docker build -t jupyter-server -f 00-Utils/Docker-jupyter-server/Dockerfile .' returned non-zero exit status 1.
[Tue May  7 16:05:09 2024]
Error in rule create_docker_image_jupyter_server:
    jobid: 2
    input: 00-Utils/Docker-jupyter-server/Dockerfile, 00-Utils/Docker-jupyter-server/requirements.txt
    output: 00-Utils/Docker-images/jupyter-server.tar
    log: logs/setup_jupyter-server.log (check log file(s) for error details)

Shutting down, this might take some time.
Exiting because a job execution failed. Look above for error message
Complete log: .snakemake\log\2024-05-07T160506.000909.snakemake.log
WorkflowError:
At least one job did not complete successfully.
