Building DAG of jobs...
Provided cores: 10
Rules claiming more threads will be scaled down.
Singularity containers: ignored
Job stats:
job                count
---------------  -------
all                    1
create_database        1
total                  2

Select jobs to execute...
Execute 1 jobs...

[Mon May  6 16:34:09 2024]
localrule create_database:
    input: 01 - Data Extraction/data_pos_neg.csv
    output: 02 - Data Curation/unified.db
    log: logs/create_database.log
    jobid: 1
    reason: Code has changed since last execution
    resources: tmpdir=C:\Users\Etienne\AppData\Local\Temp

RuleException:
WorkflowError in file Z:\projects\dc_project\Snakefile, line 15:
Failed to open source file Z:\projects\dc_project\02 - Data Curation/DB creation normalized.ipynb
FileNotFoundError: [Errno 2] No such file or directory: 'Z:\\projects\\dc_project\\02 - Data Curation/DB creation normalized.ipynb'
[Mon May  6 16:34:09 2024]
Error in rule create_database:
    jobid: 1
    input: 01 - Data Extraction/data_pos_neg.csv
    output: 02 - Data Curation/unified.db
    log: logs/create_database.log (check log file(s) for error details)

Shutting down, this might take some time.
Exiting because a job execution failed. Look above for error message
Complete log: .snakemake\log\2024-05-06T163409.563667.snakemake.log
WorkflowError:
At least one job did not complete successfully.
