Building DAG of jobs...
Provided cores: 10
Rules claiming more threads will be scaled down.
Job stats:
job             count
------------  -------
setup_docker        1
total               1

Select jobs to execute...
Execute 1 jobs...

[Tue May  7 10:28:35 2024]
localrule setup_docker:
    input: 00 - Utils/Docker/Dockerfile, 00 - Utils/Docker/requirements.txt
    log: logs/setup_docker.log
    jobid: 0
    reason: Forced execution
    resources: tmpdir=C:\Users\Etienne\AppData\Local\Temp

[Tue May  7 10:28:45 2024]
Error in rule setup_docker:
    jobid: 0
    input: 00 - Utils/Docker/Dockerfile, 00 - Utils/Docker/requirements.txt
    log: logs/setup_docker.log (check log file(s) for error details)
    shell:
        
        start './00 - Utils/Docker/startDocker.bat'
        
        (one of the commands exited with non-zero exit code; note that snakemake uses bash strict mode!)

Shutting down, this might take some time.
Exiting because a job execution failed. Look above for error message
Complete log: .snakemake\log\2024-05-07T102835.688081.snakemake.log
WorkflowError:
At least one job did not complete successfully.
