Building DAG of jobs...
Provided cores: 100
Rules claiming more threads will be scaled down.
Singularity containers: ignored
Job stats:
job                count
---------------  -------
all                    1
create_database        1
total                  2

Select jobs to execute...
Execute 1 jobs...

[Mon May  6 16:15:55 2024]
localrule create_database:
    input: 01 - Data Extraction/data_pos_neg.csv
    output: 02 - Data Curation/unified.db
    jobid: 1
    reason: Code has changed since last execution
    resources: tmpdir=C:\Users\Etienne\AppData\Local\Temp

RuleException:
NBFormatError in file Z:\projects\dc_project\Snakefile, line 13:
Unsupported nbformat version 5
  File "C:\Users\Etienne\AppData\Local\Programs\Python\Python311\Lib\site-packages\nbformat\__init__.py", line 89, in reads
  File "C:\Users\Etienne\AppData\Local\Programs\Python\Python311\Lib\site-packages\nbformat\reader.py", line 85, in reads
[Mon May  6 16:15:55 2024]
Error in rule create_database:
    jobid: 1
    input: 01 - Data Extraction/data_pos_neg.csv
    output: 02 - Data Curation/unified.db

Shutting down, this might take some time.
Exiting because a job execution failed. Look above for error message
Complete log: .snakemake\log\2024-05-06T161555.780243.snakemake.log
WorkflowError:
At least one job did not complete successfully.
