Building DAG of jobs...
Provided cores: 20
Rules claiming more threads will be scaled down.
Job stats:
job                   count
------------------  -------
all                       1
run_jupyter_server        1
total                     2

Select jobs to execute...
Execute 1 jobs...

[Tue May  7 16:46:42 2024]
localrule run_jupyter_server:
    input: 00-Utils/Docker-images/jupyter-server.tar
    output: serverRunning
    jobid: 3
    reason: Missing output files: serverRunning
    resources: tmpdir=C:\Users\Etienne\AppData\Local\Temp

RuleException:
CalledProcessError in file Z:\projects\dc_project\Snakefile, line 51:
Command 'docker load -i 00-Utils/Docker-images/jupyter-server.tar' returned non-zero exit status 3221225786.
[Tue May  7 16:47:17 2024]
Error in rule run_jupyter_server:
    jobid: 3
    input: 00-Utils/Docker-images/jupyter-server.tar
    output: serverRunning

Terminating processes on user request, this might take some time.
Complete log: .snakemake\log\2024-05-07T164642.709423.snakemake.log
WorkflowError:
At least one job did not complete successfully.
