Building DAG of jobs...
Provided cores: 20
Rules claiming more threads will be scaled down.
Job stats:
job                                       count
--------------------------------------  -------
create_docker_images_notebook_executor        1
total                                         1

Select jobs to execute...
Execute 1 jobs...

[Tue May  7 15:57:39 2024]
localrule create_docker_images_notebook_executor:
    input: 00-Utils/Docker-ipnyb-execution/Dockerfile, 00-Utils/Docker-ipnyb-execution/requirements.txt, 00-Utils/Docker-ipnyb-execution/execute_notebook.sh
    output: 00-Utils/Docker-ipnyb-execution/image/notebook-executor.tar
    log: logs/setup_notebook-executor.log
    jobid: 0
    reason: Forced execution
    resources: tmpdir=C:\Users\Etienne\AppData\Local\Temp

[Tue May  7 15:58:39 2024]
Finished job 0.
1 of 1 steps (100%) done
Complete log: .snakemake\log\2024-05-07T155739.429537.snakemake.log
