Building DAG of jobs...
Relative file path './serverRunning' starts with './'. This is redundant and strongly discouraged. It can also lead to inconsistent results of the file-matching approach used by Snakemake. You can simply omit the './' for relative file paths.
Relative file path './serverRunning' starts with './'. This is redundant and strongly discouraged. It can also lead to inconsistent results of the file-matching approach used by Snakemake. You can simply omit the './' for relative file paths.
Provided cores: 10
Rules claiming more threads will be scaled down.
Job stats:
job                   count
------------------  -------
all                       1
run_jupyter_server        1
total                     2

Select jobs to execute...
Execute 1 jobs...

[Tue May  7 16:29:03 2024]
localrule run_jupyter_server:
    input: 00-Utils/Docker-images/jupyter-server.tar
    output: ./serverRunning
    jobid: 3
    reason: Missing output files: ./serverRunning
    resources: tmpdir=C:\Users\Etienne\AppData\Local\Temp

[Tue May  7 16:29:42 2024]
Finished job 3.
1 of 2 steps (50%) done
Select jobs to execute...
Execute 1 jobs...

[Tue May  7 16:29:42 2024]
localrule all:
    input: 00-Utils/Docker-images/notebook-executor.tar, 00-Utils/Docker-images/jupyter-server.tar, ./serverRunning
    jobid: 0
    reason: Input files updated by another job: ./serverRunning
    resources: tmpdir=C:\Users\Etienne\AppData\Local\Temp

[Tue May  7 16:29:42 2024]
Finished job 0.
2 of 2 steps (100%) done
Complete log: .snakemake\log\2024-05-07T162903.261065.snakemake.log
