[2024-05-21T09:33:22.600+0000] {processor.py:161} INFO - Started process (PID=82) to work on /home/airflow/.local/lib/python3.12/site-packages/airflow/example_dags/example_setup_teardown.py
[2024-05-21T09:33:22.602+0000] {processor.py:830} INFO - Processing file /home/airflow/.local/lib/python3.12/site-packages/airflow/example_dags/example_setup_teardown.py for tasks to queue
[2024-05-21T09:33:22.604+0000] {logging_mixin.py:188} INFO - [2024-05-21T09:33:22.604+0000] {dagbag.py:545} INFO - Filling up the DagBag from /home/airflow/.local/lib/python3.12/site-packages/airflow/example_dags/example_setup_teardown.py
[2024-05-21T09:33:22.610+0000] {processor.py:840} INFO - DAG(s) 'example_setup_teardown' retrieved from /home/airflow/.local/lib/python3.12/site-packages/airflow/example_dags/example_setup_teardown.py
[2024-05-21T09:33:22.687+0000] {logging_mixin.py:188} INFO - [2024-05-21T09:33:22.687+0000] {override.py:1829} INFO - Created Permission View: can read on DAG:example_setup_teardown
[2024-05-21T09:33:22.697+0000] {logging_mixin.py:188} INFO - [2024-05-21T09:33:22.696+0000] {override.py:1829} INFO - Created Permission View: can edit on DAG:example_setup_teardown
[2024-05-21T09:33:22.702+0000] {logging_mixin.py:188} INFO - [2024-05-21T09:33:22.702+0000] {override.py:1829} INFO - Created Permission View: can delete on DAG:example_setup_teardown
[2024-05-21T09:33:22.703+0000] {logging_mixin.py:188} INFO - [2024-05-21T09:33:22.703+0000] {dag.py:3096} INFO - Sync 1 DAGs
[2024-05-21T09:33:22.713+0000] {logging_mixin.py:188} INFO - [2024-05-21T09:33:22.713+0000] {dag.py:3118} INFO - Creating ORM DAG for example_setup_teardown
[2024-05-21T09:33:22.722+0000] {logging_mixin.py:188} INFO - [2024-05-21T09:33:22.721+0000] {dag.py:3954} INFO - Setting next_dagrun for example_setup_teardown to 2024-05-20 00:00:00+00:00, run_after=2024-05-21 00:00:00+00:00
[2024-05-21T09:33:22.735+0000] {processor.py:183} INFO - Processing /home/airflow/.local/lib/python3.12/site-packages/airflow/example_dags/example_setup_teardown.py took 0.140 seconds
[2024-05-21T09:33:53.127+0000] {processor.py:161} INFO - Started process (PID=140) to work on /home/airflow/.local/lib/python3.12/site-packages/airflow/example_dags/example_setup_teardown.py
[2024-05-21T09:33:53.128+0000] {processor.py:830} INFO - Processing file /home/airflow/.local/lib/python3.12/site-packages/airflow/example_dags/example_setup_teardown.py for tasks to queue
[2024-05-21T09:33:53.130+0000] {logging_mixin.py:188} INFO - [2024-05-21T09:33:53.129+0000] {dagbag.py:545} INFO - Filling up the DagBag from /home/airflow/.local/lib/python3.12/site-packages/airflow/example_dags/example_setup_teardown.py
[2024-05-21T09:33:53.134+0000] {processor.py:840} INFO - DAG(s) 'example_setup_teardown' retrieved from /home/airflow/.local/lib/python3.12/site-packages/airflow/example_dags/example_setup_teardown.py
[2024-05-21T09:33:53.152+0000] {logging_mixin.py:188} INFO - [2024-05-21T09:33:53.152+0000] {dag.py:3096} INFO - Sync 1 DAGs
[2024-05-21T09:33:53.169+0000] {logging_mixin.py:188} INFO - [2024-05-21T09:33:53.169+0000] {dag.py:3954} INFO - Setting next_dagrun for example_setup_teardown to 2024-05-20 00:00:00+00:00, run_after=2024-05-21 00:00:00+00:00
[2024-05-21T09:33:53.192+0000] {processor.py:183} INFO - Processing /home/airflow/.local/lib/python3.12/site-packages/airflow/example_dags/example_setup_teardown.py took 0.070 seconds
[2024-05-21T09:34:24.121+0000] {processor.py:161} INFO - Started process (PID=198) to work on /home/airflow/.local/lib/python3.12/site-packages/airflow/example_dags/example_setup_teardown.py
[2024-05-21T09:34:24.122+0000] {processor.py:830} INFO - Processing file /home/airflow/.local/lib/python3.12/site-packages/airflow/example_dags/example_setup_teardown.py for tasks to queue
[2024-05-21T09:34:24.124+0000] {logging_mixin.py:188} INFO - [2024-05-21T09:34:24.124+0000] {dagbag.py:545} INFO - Filling up the DagBag from /home/airflow/.local/lib/python3.12/site-packages/airflow/example_dags/example_setup_teardown.py
[2024-05-21T09:34:24.129+0000] {processor.py:840} INFO - DAG(s) 'example_setup_teardown' retrieved from /home/airflow/.local/lib/python3.12/site-packages/airflow/example_dags/example_setup_teardown.py
[2024-05-21T09:34:24.155+0000] {logging_mixin.py:188} INFO - [2024-05-21T09:34:24.154+0000] {dag.py:3096} INFO - Sync 1 DAGs
[2024-05-21T09:34:24.170+0000] {logging_mixin.py:188} INFO - [2024-05-21T09:34:24.170+0000] {dag.py:3954} INFO - Setting next_dagrun for example_setup_teardown to 2024-05-20 00:00:00+00:00, run_after=2024-05-21 00:00:00+00:00
[2024-05-21T09:34:24.185+0000] {processor.py:183} INFO - Processing /home/airflow/.local/lib/python3.12/site-packages/airflow/example_dags/example_setup_teardown.py took 0.068 seconds
