[2024-05-21T09:33:20.011+0000] {processor.py:161} INFO - Started process (PID=55) to work on /home/airflow/.local/lib/python3.12/site-packages/airflow/example_dags/example_trigger_target_dag.py
[2024-05-21T09:33:20.013+0000] {processor.py:830} INFO - Processing file /home/airflow/.local/lib/python3.12/site-packages/airflow/example_dags/example_trigger_target_dag.py for tasks to queue
[2024-05-21T09:33:20.014+0000] {logging_mixin.py:188} INFO - [2024-05-21T09:33:20.014+0000] {dagbag.py:545} INFO - Filling up the DagBag from /home/airflow/.local/lib/python3.12/site-packages/airflow/example_dags/example_trigger_target_dag.py
[2024-05-21T09:33:20.020+0000] {processor.py:840} INFO - DAG(s) 'example_trigger_target_dag' retrieved from /home/airflow/.local/lib/python3.12/site-packages/airflow/example_dags/example_trigger_target_dag.py
[2024-05-21T09:33:20.096+0000] {logging_mixin.py:188} INFO - [2024-05-21T09:33:20.096+0000] {override.py:1829} INFO - Created Permission View: can read on DAG:example_trigger_target_dag
[2024-05-21T09:33:20.104+0000] {logging_mixin.py:188} INFO - [2024-05-21T09:33:20.104+0000] {override.py:1829} INFO - Created Permission View: can edit on DAG:example_trigger_target_dag
[2024-05-21T09:33:20.109+0000] {logging_mixin.py:188} INFO - [2024-05-21T09:33:20.109+0000] {override.py:1829} INFO - Created Permission View: can delete on DAG:example_trigger_target_dag
[2024-05-21T09:33:20.110+0000] {logging_mixin.py:188} INFO - [2024-05-21T09:33:20.109+0000] {dag.py:3096} INFO - Sync 1 DAGs
[2024-05-21T09:33:20.119+0000] {logging_mixin.py:188} INFO - [2024-05-21T09:33:20.118+0000] {dag.py:3118} INFO - Creating ORM DAG for example_trigger_target_dag
[2024-05-21T09:33:20.120+0000] {logging_mixin.py:188} INFO - [2024-05-21T09:33:20.119+0000] {dag.py:3954} INFO - Setting next_dagrun for example_trigger_target_dag to None, run_after=None
[2024-05-21T09:33:20.133+0000] {processor.py:183} INFO - Processing /home/airflow/.local/lib/python3.12/site-packages/airflow/example_dags/example_trigger_target_dag.py took 0.127 seconds
[2024-05-21T09:33:50.342+0000] {processor.py:161} INFO - Started process (PID=113) to work on /home/airflow/.local/lib/python3.12/site-packages/airflow/example_dags/example_trigger_target_dag.py
[2024-05-21T09:33:50.344+0000] {processor.py:830} INFO - Processing file /home/airflow/.local/lib/python3.12/site-packages/airflow/example_dags/example_trigger_target_dag.py for tasks to queue
[2024-05-21T09:33:50.346+0000] {logging_mixin.py:188} INFO - [2024-05-21T09:33:50.345+0000] {dagbag.py:545} INFO - Filling up the DagBag from /home/airflow/.local/lib/python3.12/site-packages/airflow/example_dags/example_trigger_target_dag.py
[2024-05-21T09:33:50.351+0000] {processor.py:840} INFO - DAG(s) 'example_trigger_target_dag' retrieved from /home/airflow/.local/lib/python3.12/site-packages/airflow/example_dags/example_trigger_target_dag.py
[2024-05-21T09:33:50.366+0000] {logging_mixin.py:188} INFO - [2024-05-21T09:33:50.366+0000] {dag.py:3096} INFO - Sync 1 DAGs
[2024-05-21T09:33:50.377+0000] {logging_mixin.py:188} INFO - [2024-05-21T09:33:50.377+0000] {dag.py:3954} INFO - Setting next_dagrun for example_trigger_target_dag to None, run_after=None
[2024-05-21T09:33:50.395+0000] {processor.py:183} INFO - Processing /home/airflow/.local/lib/python3.12/site-packages/airflow/example_dags/example_trigger_target_dag.py took 0.057 seconds
[2024-05-21T09:34:20.614+0000] {processor.py:161} INFO - Started process (PID=171) to work on /home/airflow/.local/lib/python3.12/site-packages/airflow/example_dags/example_trigger_target_dag.py
[2024-05-21T09:34:20.615+0000] {processor.py:830} INFO - Processing file /home/airflow/.local/lib/python3.12/site-packages/airflow/example_dags/example_trigger_target_dag.py for tasks to queue
[2024-05-21T09:34:20.617+0000] {logging_mixin.py:188} INFO - [2024-05-21T09:34:20.617+0000] {dagbag.py:545} INFO - Filling up the DagBag from /home/airflow/.local/lib/python3.12/site-packages/airflow/example_dags/example_trigger_target_dag.py
[2024-05-21T09:34:20.622+0000] {processor.py:840} INFO - DAG(s) 'example_trigger_target_dag' retrieved from /home/airflow/.local/lib/python3.12/site-packages/airflow/example_dags/example_trigger_target_dag.py
[2024-05-21T09:34:20.639+0000] {logging_mixin.py:188} INFO - [2024-05-21T09:34:20.639+0000] {dag.py:3096} INFO - Sync 1 DAGs
[2024-05-21T09:34:20.648+0000] {logging_mixin.py:188} INFO - [2024-05-21T09:34:20.648+0000] {dag.py:3954} INFO - Setting next_dagrun for example_trigger_target_dag to None, run_after=None
[2024-05-21T09:34:20.665+0000] {processor.py:183} INFO - Processing /home/airflow/.local/lib/python3.12/site-packages/airflow/example_dags/example_trigger_target_dag.py took 0.055 seconds
