[2024-05-21T09:33:19.993+0000] {processor.py:161} INFO - Started process (PID=54) to work on /home/airflow/.local/lib/python3.12/site-packages/airflow/example_dags/example_nested_branch_dag.py
[2024-05-21T09:33:19.994+0000] {processor.py:830} INFO - Processing file /home/airflow/.local/lib/python3.12/site-packages/airflow/example_dags/example_nested_branch_dag.py for tasks to queue
[2024-05-21T09:33:19.995+0000] {logging_mixin.py:188} INFO - [2024-05-21T09:33:19.995+0000] {dagbag.py:545} INFO - Filling up the DagBag from /home/airflow/.local/lib/python3.12/site-packages/airflow/example_dags/example_nested_branch_dag.py
[2024-05-21T09:33:20.005+0000] {processor.py:840} INFO - DAG(s) 'example_nested_branch_dag' retrieved from /home/airflow/.local/lib/python3.12/site-packages/airflow/example_dags/example_nested_branch_dag.py
[2024-05-21T09:33:20.084+0000] {logging_mixin.py:188} INFO - [2024-05-21T09:33:20.083+0000] {override.py:1829} INFO - Created Permission View: can read on DAG:example_nested_branch_dag
[2024-05-21T09:33:20.092+0000] {logging_mixin.py:188} INFO - [2024-05-21T09:33:20.092+0000] {override.py:1829} INFO - Created Permission View: can edit on DAG:example_nested_branch_dag
[2024-05-21T09:33:20.097+0000] {logging_mixin.py:188} INFO - [2024-05-21T09:33:20.097+0000] {override.py:1829} INFO - Created Permission View: can delete on DAG:example_nested_branch_dag
[2024-05-21T09:33:20.098+0000] {logging_mixin.py:188} INFO - [2024-05-21T09:33:20.098+0000] {dag.py:3096} INFO - Sync 1 DAGs
[2024-05-21T09:33:20.106+0000] {logging_mixin.py:188} INFO - [2024-05-21T09:33:20.106+0000] {dag.py:3118} INFO - Creating ORM DAG for example_nested_branch_dag
[2024-05-21T09:33:20.115+0000] {logging_mixin.py:188} INFO - [2024-05-21T09:33:20.115+0000] {dag.py:3954} INFO - Setting next_dagrun for example_nested_branch_dag to 2024-05-20 00:00:00+00:00, run_after=2024-05-21 00:00:00+00:00
[2024-05-21T09:33:20.128+0000] {processor.py:183} INFO - Processing /home/airflow/.local/lib/python3.12/site-packages/airflow/example_dags/example_nested_branch_dag.py took 0.139 seconds
[2024-05-21T09:33:50.301+0000] {processor.py:161} INFO - Started process (PID=112) to work on /home/airflow/.local/lib/python3.12/site-packages/airflow/example_dags/example_nested_branch_dag.py
[2024-05-21T09:33:50.302+0000] {processor.py:830} INFO - Processing file /home/airflow/.local/lib/python3.12/site-packages/airflow/example_dags/example_nested_branch_dag.py for tasks to queue
[2024-05-21T09:33:50.304+0000] {logging_mixin.py:188} INFO - [2024-05-21T09:33:50.303+0000] {dagbag.py:545} INFO - Filling up the DagBag from /home/airflow/.local/lib/python3.12/site-packages/airflow/example_dags/example_nested_branch_dag.py
[2024-05-21T09:33:50.312+0000] {processor.py:840} INFO - DAG(s) 'example_nested_branch_dag' retrieved from /home/airflow/.local/lib/python3.12/site-packages/airflow/example_dags/example_nested_branch_dag.py
[2024-05-21T09:33:50.332+0000] {logging_mixin.py:188} INFO - [2024-05-21T09:33:50.332+0000] {dag.py:3096} INFO - Sync 1 DAGs
[2024-05-21T09:33:50.351+0000] {logging_mixin.py:188} INFO - [2024-05-21T09:33:50.351+0000] {dag.py:3954} INFO - Setting next_dagrun for example_nested_branch_dag to 2024-05-20 00:00:00+00:00, run_after=2024-05-21 00:00:00+00:00
[2024-05-21T09:33:50.370+0000] {processor.py:183} INFO - Processing /home/airflow/.local/lib/python3.12/site-packages/airflow/example_dags/example_nested_branch_dag.py took 0.074 seconds
[2024-05-21T09:34:20.593+0000] {processor.py:161} INFO - Started process (PID=170) to work on /home/airflow/.local/lib/python3.12/site-packages/airflow/example_dags/example_nested_branch_dag.py
[2024-05-21T09:34:20.594+0000] {processor.py:830} INFO - Processing file /home/airflow/.local/lib/python3.12/site-packages/airflow/example_dags/example_nested_branch_dag.py for tasks to queue
[2024-05-21T09:34:20.596+0000] {logging_mixin.py:188} INFO - [2024-05-21T09:34:20.596+0000] {dagbag.py:545} INFO - Filling up the DagBag from /home/airflow/.local/lib/python3.12/site-packages/airflow/example_dags/example_nested_branch_dag.py
[2024-05-21T09:34:20.604+0000] {processor.py:840} INFO - DAG(s) 'example_nested_branch_dag' retrieved from /home/airflow/.local/lib/python3.12/site-packages/airflow/example_dags/example_nested_branch_dag.py
[2024-05-21T09:34:20.623+0000] {logging_mixin.py:188} INFO - [2024-05-21T09:34:20.623+0000] {dag.py:3096} INFO - Sync 1 DAGs
[2024-05-21T09:34:20.640+0000] {logging_mixin.py:188} INFO - [2024-05-21T09:34:20.640+0000] {dag.py:3954} INFO - Setting next_dagrun for example_nested_branch_dag to 2024-05-20 00:00:00+00:00, run_after=2024-05-21 00:00:00+00:00
[2024-05-21T09:34:20.657+0000] {processor.py:183} INFO - Processing /home/airflow/.local/lib/python3.12/site-packages/airflow/example_dags/example_nested_branch_dag.py took 0.068 seconds
