[2024-05-21T09:33:19.464+0000] {processor.py:161} INFO - Started process (PID=49) to work on /home/airflow/.local/lib/python3.12/site-packages/airflow/example_dags/example_sla_dag.py
[2024-05-21T09:33:19.466+0000] {processor.py:830} INFO - Processing file /home/airflow/.local/lib/python3.12/site-packages/airflow/example_dags/example_sla_dag.py for tasks to queue
[2024-05-21T09:33:19.468+0000] {logging_mixin.py:188} INFO - [2024-05-21T09:33:19.468+0000] {dagbag.py:545} INFO - Filling up the DagBag from /home/airflow/.local/lib/python3.12/site-packages/airflow/example_dags/example_sla_dag.py
[2024-05-21T09:33:19.478+0000] {processor.py:840} INFO - DAG(s) 'example_sla_dag' retrieved from /home/airflow/.local/lib/python3.12/site-packages/airflow/example_dags/example_sla_dag.py
[2024-05-21T09:33:19.573+0000] {logging_mixin.py:188} INFO - [2024-05-21T09:33:19.573+0000] {override.py:1829} INFO - Created Permission View: can read on DAG:example_sla_dag
[2024-05-21T09:33:19.582+0000] {logging_mixin.py:188} INFO - [2024-05-21T09:33:19.582+0000] {override.py:1829} INFO - Created Permission View: can edit on DAG:example_sla_dag
[2024-05-21T09:33:19.588+0000] {logging_mixin.py:188} INFO - [2024-05-21T09:33:19.588+0000] {override.py:1829} INFO - Created Permission View: can delete on DAG:example_sla_dag
[2024-05-21T09:33:19.589+0000] {logging_mixin.py:188} INFO - [2024-05-21T09:33:19.589+0000] {dag.py:3096} INFO - Sync 1 DAGs
[2024-05-21T09:33:19.597+0000] {logging_mixin.py:188} INFO - [2024-05-21T09:33:19.597+0000] {dag.py:3118} INFO - Creating ORM DAG for example_sla_dag
[2024-05-21T09:33:19.606+0000] {logging_mixin.py:188} INFO - [2024-05-21T09:33:19.606+0000] {dag.py:3954} INFO - Setting next_dagrun for example_sla_dag to 2024-05-21 09:30:00+00:00, run_after=2024-05-21 09:32:00+00:00
[2024-05-21T09:33:19.628+0000] {processor.py:183} INFO - Processing /home/airflow/.local/lib/python3.12/site-packages/airflow/example_dags/example_sla_dag.py took 0.169 seconds
[2024-05-21T09:33:50.031+0000] {processor.py:161} INFO - Started process (PID=107) to work on /home/airflow/.local/lib/python3.12/site-packages/airflow/example_dags/example_sla_dag.py
[2024-05-21T09:33:50.032+0000] {processor.py:830} INFO - Processing file /home/airflow/.local/lib/python3.12/site-packages/airflow/example_dags/example_sla_dag.py for tasks to queue
[2024-05-21T09:33:50.034+0000] {logging_mixin.py:188} INFO - [2024-05-21T09:33:50.034+0000] {dagbag.py:545} INFO - Filling up the DagBag from /home/airflow/.local/lib/python3.12/site-packages/airflow/example_dags/example_sla_dag.py
[2024-05-21T09:33:50.040+0000] {processor.py:840} INFO - DAG(s) 'example_sla_dag' retrieved from /home/airflow/.local/lib/python3.12/site-packages/airflow/example_dags/example_sla_dag.py
[2024-05-21T09:33:50.055+0000] {logging_mixin.py:188} INFO - [2024-05-21T09:33:50.054+0000] {dag.py:3096} INFO - Sync 1 DAGs
[2024-05-21T09:33:50.071+0000] {logging_mixin.py:188} INFO - [2024-05-21T09:33:50.071+0000] {dag.py:3954} INFO - Setting next_dagrun for example_sla_dag to 2024-05-21 09:30:00+00:00, run_after=2024-05-21 09:32:00+00:00
[2024-05-21T09:33:50.098+0000] {processor.py:183} INFO - Processing /home/airflow/.local/lib/python3.12/site-packages/airflow/example_dags/example_sla_dag.py took 0.071 seconds
[2024-05-21T09:34:20.321+0000] {processor.py:161} INFO - Started process (PID=165) to work on /home/airflow/.local/lib/python3.12/site-packages/airflow/example_dags/example_sla_dag.py
[2024-05-21T09:34:20.322+0000] {processor.py:830} INFO - Processing file /home/airflow/.local/lib/python3.12/site-packages/airflow/example_dags/example_sla_dag.py for tasks to queue
[2024-05-21T09:34:20.324+0000] {logging_mixin.py:188} INFO - [2024-05-21T09:34:20.324+0000] {dagbag.py:545} INFO - Filling up the DagBag from /home/airflow/.local/lib/python3.12/site-packages/airflow/example_dags/example_sla_dag.py
[2024-05-21T09:34:20.330+0000] {processor.py:840} INFO - DAG(s) 'example_sla_dag' retrieved from /home/airflow/.local/lib/python3.12/site-packages/airflow/example_dags/example_sla_dag.py
[2024-05-21T09:34:20.348+0000] {logging_mixin.py:188} INFO - [2024-05-21T09:34:20.347+0000] {dag.py:3096} INFO - Sync 1 DAGs
[2024-05-21T09:34:20.367+0000] {logging_mixin.py:188} INFO - [2024-05-21T09:34:20.367+0000] {dag.py:3954} INFO - Setting next_dagrun for example_sla_dag to 2024-05-21 09:32:00+00:00, run_after=2024-05-21 09:34:00+00:00
[2024-05-21T09:34:20.385+0000] {processor.py:183} INFO - Processing /home/airflow/.local/lib/python3.12/site-packages/airflow/example_dags/example_sla_dag.py took 0.070 seconds
