[2024-05-21T09:33:21.746+0000] {processor.py:161} INFO - Started process (PID=72) to work on /home/airflow/.local/lib/python3.12/site-packages/airflow/example_dags/example_python_decorator.py
[2024-05-21T09:33:21.747+0000] {processor.py:830} INFO - Processing file /home/airflow/.local/lib/python3.12/site-packages/airflow/example_dags/example_python_decorator.py for tasks to queue
[2024-05-21T09:33:21.749+0000] {logging_mixin.py:188} INFO - [2024-05-21T09:33:21.748+0000] {dagbag.py:545} INFO - Filling up the DagBag from /home/airflow/.local/lib/python3.12/site-packages/airflow/example_dags/example_python_decorator.py
[2024-05-21T09:33:21.760+0000] {processor.py:840} INFO - DAG(s) 'example_python_decorator' retrieved from /home/airflow/.local/lib/python3.12/site-packages/airflow/example_dags/example_python_decorator.py
[2024-05-21T09:33:21.838+0000] {logging_mixin.py:188} INFO - [2024-05-21T09:33:21.838+0000] {override.py:1829} INFO - Created Permission View: can read on DAG:example_python_decorator
[2024-05-21T09:33:21.847+0000] {logging_mixin.py:188} INFO - [2024-05-21T09:33:21.847+0000] {override.py:1829} INFO - Created Permission View: can edit on DAG:example_python_decorator
[2024-05-21T09:33:21.853+0000] {logging_mixin.py:188} INFO - [2024-05-21T09:33:21.853+0000] {override.py:1829} INFO - Created Permission View: can delete on DAG:example_python_decorator
[2024-05-21T09:33:21.855+0000] {logging_mixin.py:188} INFO - [2024-05-21T09:33:21.854+0000] {dag.py:3096} INFO - Sync 1 DAGs
[2024-05-21T09:33:21.865+0000] {logging_mixin.py:188} INFO - [2024-05-21T09:33:21.865+0000] {dag.py:3118} INFO - Creating ORM DAG for example_python_decorator
[2024-05-21T09:33:21.866+0000] {logging_mixin.py:188} INFO - [2024-05-21T09:33:21.866+0000] {dag.py:3954} INFO - Setting next_dagrun for example_python_decorator to None, run_after=None
[2024-05-21T09:33:21.881+0000] {processor.py:183} INFO - Processing /home/airflow/.local/lib/python3.12/site-packages/airflow/example_dags/example_python_decorator.py took 0.140 seconds
[2024-05-21T09:33:52.276+0000] {processor.py:161} INFO - Started process (PID=130) to work on /home/airflow/.local/lib/python3.12/site-packages/airflow/example_dags/example_python_decorator.py
[2024-05-21T09:33:52.277+0000] {processor.py:830} INFO - Processing file /home/airflow/.local/lib/python3.12/site-packages/airflow/example_dags/example_python_decorator.py for tasks to queue
[2024-05-21T09:33:52.278+0000] {logging_mixin.py:188} INFO - [2024-05-21T09:33:52.278+0000] {dagbag.py:545} INFO - Filling up the DagBag from /home/airflow/.local/lib/python3.12/site-packages/airflow/example_dags/example_python_decorator.py
[2024-05-21T09:33:52.288+0000] {processor.py:840} INFO - DAG(s) 'example_python_decorator' retrieved from /home/airflow/.local/lib/python3.12/site-packages/airflow/example_dags/example_python_decorator.py
[2024-05-21T09:33:52.304+0000] {logging_mixin.py:188} INFO - [2024-05-21T09:33:52.304+0000] {dag.py:3096} INFO - Sync 1 DAGs
[2024-05-21T09:33:52.314+0000] {logging_mixin.py:188} INFO - [2024-05-21T09:33:52.313+0000] {dag.py:3954} INFO - Setting next_dagrun for example_python_decorator to None, run_after=None
[2024-05-21T09:33:52.334+0000] {processor.py:183} INFO - Processing /home/airflow/.local/lib/python3.12/site-packages/airflow/example_dags/example_python_decorator.py took 0.062 seconds
[2024-05-21T09:34:22.433+0000] {processor.py:161} INFO - Started process (PID=188) to work on /home/airflow/.local/lib/python3.12/site-packages/airflow/example_dags/example_python_decorator.py
[2024-05-21T09:34:22.434+0000] {processor.py:830} INFO - Processing file /home/airflow/.local/lib/python3.12/site-packages/airflow/example_dags/example_python_decorator.py for tasks to queue
[2024-05-21T09:34:22.436+0000] {logging_mixin.py:188} INFO - [2024-05-21T09:34:22.436+0000] {dagbag.py:545} INFO - Filling up the DagBag from /home/airflow/.local/lib/python3.12/site-packages/airflow/example_dags/example_python_decorator.py
[2024-05-21T09:34:22.447+0000] {processor.py:840} INFO - DAG(s) 'example_python_decorator' retrieved from /home/airflow/.local/lib/python3.12/site-packages/airflow/example_dags/example_python_decorator.py
[2024-05-21T09:34:22.470+0000] {logging_mixin.py:188} INFO - [2024-05-21T09:34:22.470+0000] {dag.py:3096} INFO - Sync 1 DAGs
[2024-05-21T09:34:22.482+0000] {logging_mixin.py:188} INFO - [2024-05-21T09:34:22.482+0000] {dag.py:3954} INFO - Setting next_dagrun for example_python_decorator to None, run_after=None
[2024-05-21T09:34:22.500+0000] {processor.py:183} INFO - Processing /home/airflow/.local/lib/python3.12/site-packages/airflow/example_dags/example_python_decorator.py took 0.072 seconds
