[2024-05-21T09:33:20.958+0000] {processor.py:161} INFO - Started process (PID=63) to work on /home/airflow/.local/lib/python3.12/site-packages/airflow/example_dags/example_params_ui_tutorial.py
[2024-05-21T09:33:20.959+0000] {processor.py:830} INFO - Processing file /home/airflow/.local/lib/python3.12/site-packages/airflow/example_dags/example_params_ui_tutorial.py for tasks to queue
[2024-05-21T09:33:20.961+0000] {logging_mixin.py:188} INFO - [2024-05-21T09:33:20.961+0000] {dagbag.py:545} INFO - Filling up the DagBag from /home/airflow/.local/lib/python3.12/site-packages/airflow/example_dags/example_params_ui_tutorial.py
[2024-05-21T09:33:20.972+0000] {processor.py:840} INFO - DAG(s) 'example_params_ui_tutorial' retrieved from /home/airflow/.local/lib/python3.12/site-packages/airflow/example_dags/example_params_ui_tutorial.py
[2024-05-21T09:33:21.074+0000] {logging_mixin.py:188} INFO - [2024-05-21T09:33:21.074+0000] {override.py:1829} INFO - Created Permission View: can read on DAG:example_params_ui_tutorial
[2024-05-21T09:33:21.082+0000] {logging_mixin.py:188} INFO - [2024-05-21T09:33:21.082+0000] {override.py:1829} INFO - Created Permission View: can edit on DAG:example_params_ui_tutorial
[2024-05-21T09:33:21.088+0000] {logging_mixin.py:188} INFO - [2024-05-21T09:33:21.088+0000] {override.py:1829} INFO - Created Permission View: can delete on DAG:example_params_ui_tutorial
[2024-05-21T09:33:21.089+0000] {logging_mixin.py:188} INFO - [2024-05-21T09:33:21.088+0000] {dag.py:3096} INFO - Sync 1 DAGs
[2024-05-21T09:33:21.098+0000] {logging_mixin.py:188} INFO - [2024-05-21T09:33:21.098+0000] {dag.py:3118} INFO - Creating ORM DAG for example_params_ui_tutorial
[2024-05-21T09:33:21.099+0000] {logging_mixin.py:188} INFO - [2024-05-21T09:33:21.099+0000] {dag.py:3954} INFO - Setting next_dagrun for example_params_ui_tutorial to None, run_after=None
[2024-05-21T09:33:21.113+0000] {processor.py:183} INFO - Processing /home/airflow/.local/lib/python3.12/site-packages/airflow/example_dags/example_params_ui_tutorial.py took 0.159 seconds
[2024-05-21T09:33:51.908+0000] {processor.py:161} INFO - Started process (PID=121) to work on /home/airflow/.local/lib/python3.12/site-packages/airflow/example_dags/example_params_ui_tutorial.py
[2024-05-21T09:33:51.909+0000] {processor.py:830} INFO - Processing file /home/airflow/.local/lib/python3.12/site-packages/airflow/example_dags/example_params_ui_tutorial.py for tasks to queue
[2024-05-21T09:33:51.911+0000] {logging_mixin.py:188} INFO - [2024-05-21T09:33:51.911+0000] {dagbag.py:545} INFO - Filling up the DagBag from /home/airflow/.local/lib/python3.12/site-packages/airflow/example_dags/example_params_ui_tutorial.py
[2024-05-21T09:33:51.920+0000] {processor.py:840} INFO - DAG(s) 'example_params_ui_tutorial' retrieved from /home/airflow/.local/lib/python3.12/site-packages/airflow/example_dags/example_params_ui_tutorial.py
[2024-05-21T09:33:51.963+0000] {logging_mixin.py:188} INFO - [2024-05-21T09:33:51.963+0000] {dag.py:3096} INFO - Sync 1 DAGs
[2024-05-21T09:33:51.974+0000] {logging_mixin.py:188} INFO - [2024-05-21T09:33:51.974+0000] {dag.py:3954} INFO - Setting next_dagrun for example_params_ui_tutorial to None, run_after=None
[2024-05-21T09:33:51.989+0000] {processor.py:183} INFO - Processing /home/airflow/.local/lib/python3.12/site-packages/airflow/example_dags/example_params_ui_tutorial.py took 0.085 seconds
[2024-05-21T09:34:22.016+0000] {processor.py:161} INFO - Started process (PID=179) to work on /home/airflow/.local/lib/python3.12/site-packages/airflow/example_dags/example_params_ui_tutorial.py
[2024-05-21T09:34:22.016+0000] {processor.py:830} INFO - Processing file /home/airflow/.local/lib/python3.12/site-packages/airflow/example_dags/example_params_ui_tutorial.py for tasks to queue
[2024-05-21T09:34:22.018+0000] {logging_mixin.py:188} INFO - [2024-05-21T09:34:22.018+0000] {dagbag.py:545} INFO - Filling up the DagBag from /home/airflow/.local/lib/python3.12/site-packages/airflow/example_dags/example_params_ui_tutorial.py
[2024-05-21T09:34:22.027+0000] {processor.py:840} INFO - DAG(s) 'example_params_ui_tutorial' retrieved from /home/airflow/.local/lib/python3.12/site-packages/airflow/example_dags/example_params_ui_tutorial.py
[2024-05-21T09:34:22.068+0000] {logging_mixin.py:188} INFO - [2024-05-21T09:34:22.068+0000] {dag.py:3096} INFO - Sync 1 DAGs
[2024-05-21T09:34:22.080+0000] {logging_mixin.py:188} INFO - [2024-05-21T09:34:22.079+0000] {dag.py:3954} INFO - Setting next_dagrun for example_params_ui_tutorial to None, run_after=None
[2024-05-21T09:34:22.104+0000] {processor.py:183} INFO - Processing /home/airflow/.local/lib/python3.12/site-packages/airflow/example_dags/example_params_ui_tutorial.py took 0.093 seconds
