[2024-05-21T09:33:21.069+0000] {processor.py:161} INFO - Started process (PID=64) to work on /home/airflow/.local/lib/python3.12/site-packages/airflow/example_dags/example_branch_python_dop_operator_3.py
[2024-05-21T09:33:21.070+0000] {processor.py:830} INFO - Processing file /home/airflow/.local/lib/python3.12/site-packages/airflow/example_dags/example_branch_python_dop_operator_3.py for tasks to queue
[2024-05-21T09:33:21.072+0000] {logging_mixin.py:188} INFO - [2024-05-21T09:33:21.072+0000] {dagbag.py:545} INFO - Filling up the DagBag from /home/airflow/.local/lib/python3.12/site-packages/airflow/example_dags/example_branch_python_dop_operator_3.py
[2024-05-21T09:33:21.080+0000] {processor.py:840} INFO - DAG(s) 'example_branch_dop_operator_v3' retrieved from /home/airflow/.local/lib/python3.12/site-packages/airflow/example_dags/example_branch_python_dop_operator_3.py
[2024-05-21T09:33:21.152+0000] {logging_mixin.py:188} INFO - [2024-05-21T09:33:21.152+0000] {override.py:1829} INFO - Created Permission View: can read on DAG:example_branch_dop_operator_v3
[2024-05-21T09:33:21.162+0000] {logging_mixin.py:188} INFO - [2024-05-21T09:33:21.161+0000] {override.py:1829} INFO - Created Permission View: can edit on DAG:example_branch_dop_operator_v3
[2024-05-21T09:33:21.167+0000] {logging_mixin.py:188} INFO - [2024-05-21T09:33:21.167+0000] {override.py:1829} INFO - Created Permission View: can delete on DAG:example_branch_dop_operator_v3
[2024-05-21T09:33:21.168+0000] {logging_mixin.py:188} INFO - [2024-05-21T09:33:21.168+0000] {dag.py:3096} INFO - Sync 1 DAGs
[2024-05-21T09:33:21.176+0000] {logging_mixin.py:188} INFO - [2024-05-21T09:33:21.176+0000] {dag.py:3118} INFO - Creating ORM DAG for example_branch_dop_operator_v3
[2024-05-21T09:33:21.187+0000] {logging_mixin.py:188} INFO - [2024-05-21T09:33:21.187+0000] {dag.py:3954} INFO - Setting next_dagrun for example_branch_dop_operator_v3 to 2024-05-21 09:32:00+00:00, run_after=2024-05-21 09:33:00+00:00
[2024-05-21T09:33:21.204+0000] {processor.py:183} INFO - Processing /home/airflow/.local/lib/python3.12/site-packages/airflow/example_dags/example_branch_python_dop_operator_3.py took 0.139 seconds
[2024-05-21T09:33:51.908+0000] {processor.py:161} INFO - Started process (PID=122) to work on /home/airflow/.local/lib/python3.12/site-packages/airflow/example_dags/example_branch_python_dop_operator_3.py
[2024-05-21T09:33:51.909+0000] {processor.py:830} INFO - Processing file /home/airflow/.local/lib/python3.12/site-packages/airflow/example_dags/example_branch_python_dop_operator_3.py for tasks to queue
[2024-05-21T09:33:51.911+0000] {logging_mixin.py:188} INFO - [2024-05-21T09:33:51.911+0000] {dagbag.py:545} INFO - Filling up the DagBag from /home/airflow/.local/lib/python3.12/site-packages/airflow/example_dags/example_branch_python_dop_operator_3.py
[2024-05-21T09:33:51.918+0000] {processor.py:840} INFO - DAG(s) 'example_branch_dop_operator_v3' retrieved from /home/airflow/.local/lib/python3.12/site-packages/airflow/example_dags/example_branch_python_dop_operator_3.py
[2024-05-21T09:33:51.934+0000] {logging_mixin.py:188} INFO - [2024-05-21T09:33:51.934+0000] {dag.py:3096} INFO - Sync 1 DAGs
[2024-05-21T09:33:51.954+0000] {logging_mixin.py:188} INFO - [2024-05-21T09:33:51.954+0000] {dag.py:3954} INFO - Setting next_dagrun for example_branch_dop_operator_v3 to 2024-05-21 09:32:00+00:00, run_after=2024-05-21 09:33:00+00:00
[2024-05-21T09:33:51.973+0000] {processor.py:183} INFO - Processing /home/airflow/.local/lib/python3.12/site-packages/airflow/example_dags/example_branch_python_dop_operator_3.py took 0.069 seconds
[2024-05-21T09:34:22.078+0000] {processor.py:161} INFO - Started process (PID=180) to work on /home/airflow/.local/lib/python3.12/site-packages/airflow/example_dags/example_branch_python_dop_operator_3.py
[2024-05-21T09:34:22.079+0000] {processor.py:830} INFO - Processing file /home/airflow/.local/lib/python3.12/site-packages/airflow/example_dags/example_branch_python_dop_operator_3.py for tasks to queue
[2024-05-21T09:34:22.084+0000] {logging_mixin.py:188} INFO - [2024-05-21T09:34:22.083+0000] {dagbag.py:545} INFO - Filling up the DagBag from /home/airflow/.local/lib/python3.12/site-packages/airflow/example_dags/example_branch_python_dop_operator_3.py
[2024-05-21T09:34:22.091+0000] {processor.py:840} INFO - DAG(s) 'example_branch_dop_operator_v3' retrieved from /home/airflow/.local/lib/python3.12/site-packages/airflow/example_dags/example_branch_python_dop_operator_3.py
[2024-05-21T09:34:22.109+0000] {logging_mixin.py:188} INFO - [2024-05-21T09:34:22.109+0000] {dag.py:3096} INFO - Sync 1 DAGs
[2024-05-21T09:34:22.128+0000] {logging_mixin.py:188} INFO - [2024-05-21T09:34:22.128+0000] {dag.py:3954} INFO - Setting next_dagrun for example_branch_dop_operator_v3 to 2024-05-21 09:33:00+00:00, run_after=2024-05-21 09:34:00+00:00
[2024-05-21T09:34:22.144+0000] {processor.py:183} INFO - Processing /home/airflow/.local/lib/python3.12/site-packages/airflow/example_dags/example_branch_python_dop_operator_3.py took 0.070 seconds
