[2024-05-21T09:33:19.658+0000] {processor.py:161} INFO - Started process (PID=50) to work on /home/airflow/.local/lib/python3.12/site-packages/airflow/example_dags/example_xcomargs.py
[2024-05-21T09:33:19.659+0000] {processor.py:830} INFO - Processing file /home/airflow/.local/lib/python3.12/site-packages/airflow/example_dags/example_xcomargs.py for tasks to queue
[2024-05-21T09:33:19.661+0000] {logging_mixin.py:188} INFO - [2024-05-21T09:33:19.661+0000] {dagbag.py:545} INFO - Filling up the DagBag from /home/airflow/.local/lib/python3.12/site-packages/airflow/example_dags/example_xcomargs.py
[2024-05-21T09:33:19.670+0000] {processor.py:840} INFO - DAG(s) 'example_xcom_args', 'example_xcom_args_with_operators' retrieved from /home/airflow/.local/lib/python3.12/site-packages/airflow/example_dags/example_xcomargs.py
[2024-05-21T09:33:19.758+0000] {logging_mixin.py:188} INFO - [2024-05-21T09:33:19.757+0000] {override.py:1829} INFO - Created Permission View: can read on DAG:example_xcom_args
[2024-05-21T09:33:19.768+0000] {logging_mixin.py:188} INFO - [2024-05-21T09:33:19.767+0000] {override.py:1829} INFO - Created Permission View: can edit on DAG:example_xcom_args
[2024-05-21T09:33:19.773+0000] {logging_mixin.py:188} INFO - [2024-05-21T09:33:19.773+0000] {override.py:1829} INFO - Created Permission View: can delete on DAG:example_xcom_args
[2024-05-21T09:33:19.783+0000] {logging_mixin.py:188} INFO - [2024-05-21T09:33:19.783+0000] {override.py:1829} INFO - Created Permission View: can read on DAG:example_xcom_args_with_operators
[2024-05-21T09:33:19.788+0000] {logging_mixin.py:188} INFO - [2024-05-21T09:33:19.788+0000] {override.py:1829} INFO - Created Permission View: can edit on DAG:example_xcom_args_with_operators
[2024-05-21T09:33:19.794+0000] {logging_mixin.py:188} INFO - [2024-05-21T09:33:19.794+0000] {override.py:1829} INFO - Created Permission View: can delete on DAG:example_xcom_args_with_operators
[2024-05-21T09:33:19.794+0000] {logging_mixin.py:188} INFO - [2024-05-21T09:33:19.794+0000] {dag.py:3096} INFO - Sync 2 DAGs
[2024-05-21T09:33:19.803+0000] {logging_mixin.py:188} INFO - [2024-05-21T09:33:19.802+0000] {dag.py:3118} INFO - Creating ORM DAG for example_xcom_args
[2024-05-21T09:33:19.804+0000] {logging_mixin.py:188} INFO - [2024-05-21T09:33:19.803+0000] {dag.py:3118} INFO - Creating ORM DAG for example_xcom_args_with_operators
[2024-05-21T09:33:19.804+0000] {logging_mixin.py:188} INFO - [2024-05-21T09:33:19.804+0000] {dag.py:3954} INFO - Setting next_dagrun for example_xcom_args to None, run_after=None
[2024-05-21T09:33:19.805+0000] {logging_mixin.py:188} INFO - [2024-05-21T09:33:19.805+0000] {dag.py:3954} INFO - Setting next_dagrun for example_xcom_args_with_operators to None, run_after=None
[2024-05-21T09:33:19.818+0000] {processor.py:183} INFO - Processing /home/airflow/.local/lib/python3.12/site-packages/airflow/example_dags/example_xcomargs.py took 0.164 seconds
[2024-05-21T09:33:50.128+0000] {processor.py:161} INFO - Started process (PID=108) to work on /home/airflow/.local/lib/python3.12/site-packages/airflow/example_dags/example_xcomargs.py
[2024-05-21T09:33:50.129+0000] {processor.py:830} INFO - Processing file /home/airflow/.local/lib/python3.12/site-packages/airflow/example_dags/example_xcomargs.py for tasks to queue
[2024-05-21T09:33:50.130+0000] {logging_mixin.py:188} INFO - [2024-05-21T09:33:50.130+0000] {dagbag.py:545} INFO - Filling up the DagBag from /home/airflow/.local/lib/python3.12/site-packages/airflow/example_dags/example_xcomargs.py
[2024-05-21T09:33:50.138+0000] {processor.py:840} INFO - DAG(s) 'example_xcom_args_with_operators', 'example_xcom_args' retrieved from /home/airflow/.local/lib/python3.12/site-packages/airflow/example_dags/example_xcomargs.py
[2024-05-21T09:33:50.159+0000] {logging_mixin.py:188} INFO - [2024-05-21T09:33:50.158+0000] {dag.py:3096} INFO - Sync 2 DAGs
[2024-05-21T09:33:50.168+0000] {logging_mixin.py:188} INFO - [2024-05-21T09:33:50.168+0000] {dag.py:3954} INFO - Setting next_dagrun for example_xcom_args to None, run_after=None
[2024-05-21T09:33:50.172+0000] {logging_mixin.py:188} INFO - [2024-05-21T09:33:50.172+0000] {dag.py:3954} INFO - Setting next_dagrun for example_xcom_args_with_operators to None, run_after=None
[2024-05-21T09:33:50.187+0000] {processor.py:183} INFO - Processing /home/airflow/.local/lib/python3.12/site-packages/airflow/example_dags/example_xcomargs.py took 0.064 seconds
[2024-05-21T09:34:20.402+0000] {processor.py:161} INFO - Started process (PID=166) to work on /home/airflow/.local/lib/python3.12/site-packages/airflow/example_dags/example_xcomargs.py
[2024-05-21T09:34:20.403+0000] {processor.py:830} INFO - Processing file /home/airflow/.local/lib/python3.12/site-packages/airflow/example_dags/example_xcomargs.py for tasks to queue
[2024-05-21T09:34:20.405+0000] {logging_mixin.py:188} INFO - [2024-05-21T09:34:20.405+0000] {dagbag.py:545} INFO - Filling up the DagBag from /home/airflow/.local/lib/python3.12/site-packages/airflow/example_dags/example_xcomargs.py
[2024-05-21T09:34:20.412+0000] {processor.py:840} INFO - DAG(s) 'example_xcom_args_with_operators', 'example_xcom_args' retrieved from /home/airflow/.local/lib/python3.12/site-packages/airflow/example_dags/example_xcomargs.py
[2024-05-21T09:34:20.431+0000] {logging_mixin.py:188} INFO - [2024-05-21T09:34:20.431+0000] {dag.py:3096} INFO - Sync 2 DAGs
[2024-05-21T09:34:20.441+0000] {logging_mixin.py:188} INFO - [2024-05-21T09:34:20.441+0000] {dag.py:3954} INFO - Setting next_dagrun for example_xcom_args to None, run_after=None
[2024-05-21T09:34:20.445+0000] {logging_mixin.py:188} INFO - [2024-05-21T09:34:20.445+0000] {dag.py:3954} INFO - Setting next_dagrun for example_xcom_args_with_operators to None, run_after=None
[2024-05-21T09:34:20.469+0000] {processor.py:183} INFO - Processing /home/airflow/.local/lib/python3.12/site-packages/airflow/example_dags/example_xcomargs.py took 0.071 seconds
