[2024-05-21T09:33:19.836+0000] {processor.py:161} INFO - Started process (PID=52) to work on /home/airflow/.local/lib/python3.12/site-packages/airflow/example_dags/example_sensor_decorator.py
[2024-05-21T09:33:19.837+0000] {processor.py:830} INFO - Processing file /home/airflow/.local/lib/python3.12/site-packages/airflow/example_dags/example_sensor_decorator.py for tasks to queue
[2024-05-21T09:33:19.839+0000] {logging_mixin.py:188} INFO - [2024-05-21T09:33:19.839+0000] {dagbag.py:545} INFO - Filling up the DagBag from /home/airflow/.local/lib/python3.12/site-packages/airflow/example_dags/example_sensor_decorator.py
[2024-05-21T09:33:19.845+0000] {processor.py:840} INFO - DAG(s) 'example_sensor_decorator' retrieved from /home/airflow/.local/lib/python3.12/site-packages/airflow/example_dags/example_sensor_decorator.py
[2024-05-21T09:33:19.935+0000] {logging_mixin.py:188} INFO - [2024-05-21T09:33:19.934+0000] {override.py:1829} INFO - Created Permission View: can read on DAG:example_sensor_decorator
[2024-05-21T09:33:19.942+0000] {logging_mixin.py:188} INFO - [2024-05-21T09:33:19.942+0000] {override.py:1829} INFO - Created Permission View: can edit on DAG:example_sensor_decorator
[2024-05-21T09:33:19.946+0000] {logging_mixin.py:188} INFO - [2024-05-21T09:33:19.946+0000] {override.py:1829} INFO - Created Permission View: can delete on DAG:example_sensor_decorator
[2024-05-21T09:33:19.947+0000] {logging_mixin.py:188} INFO - [2024-05-21T09:33:19.947+0000] {dag.py:3096} INFO - Sync 1 DAGs
[2024-05-21T09:33:19.955+0000] {logging_mixin.py:188} INFO - [2024-05-21T09:33:19.955+0000] {dag.py:3118} INFO - Creating ORM DAG for example_sensor_decorator
[2024-05-21T09:33:19.956+0000] {logging_mixin.py:188} INFO - [2024-05-21T09:33:19.956+0000] {dag.py:3954} INFO - Setting next_dagrun for example_sensor_decorator to None, run_after=None
[2024-05-21T09:33:19.968+0000] {processor.py:183} INFO - Processing /home/airflow/.local/lib/python3.12/site-packages/airflow/example_dags/example_sensor_decorator.py took 0.136 seconds
[2024-05-21T09:33:50.214+0000] {processor.py:161} INFO - Started process (PID=110) to work on /home/airflow/.local/lib/python3.12/site-packages/airflow/example_dags/example_sensor_decorator.py
[2024-05-21T09:33:50.215+0000] {processor.py:830} INFO - Processing file /home/airflow/.local/lib/python3.12/site-packages/airflow/example_dags/example_sensor_decorator.py for tasks to queue
[2024-05-21T09:33:50.217+0000] {logging_mixin.py:188} INFO - [2024-05-21T09:33:50.216+0000] {dagbag.py:545} INFO - Filling up the DagBag from /home/airflow/.local/lib/python3.12/site-packages/airflow/example_dags/example_sensor_decorator.py
[2024-05-21T09:33:50.221+0000] {processor.py:840} INFO - DAG(s) 'example_sensor_decorator' retrieved from /home/airflow/.local/lib/python3.12/site-packages/airflow/example_dags/example_sensor_decorator.py
[2024-05-21T09:33:50.238+0000] {logging_mixin.py:188} INFO - [2024-05-21T09:33:50.238+0000] {dag.py:3096} INFO - Sync 1 DAGs
[2024-05-21T09:33:50.247+0000] {logging_mixin.py:188} INFO - [2024-05-21T09:33:50.247+0000] {dag.py:3954} INFO - Setting next_dagrun for example_sensor_decorator to None, run_after=None
[2024-05-21T09:33:50.266+0000] {processor.py:183} INFO - Processing /home/airflow/.local/lib/python3.12/site-packages/airflow/example_dags/example_sensor_decorator.py took 0.056 seconds
[2024-05-21T09:34:20.500+0000] {processor.py:161} INFO - Started process (PID=168) to work on /home/airflow/.local/lib/python3.12/site-packages/airflow/example_dags/example_sensor_decorator.py
[2024-05-21T09:34:20.502+0000] {processor.py:830} INFO - Processing file /home/airflow/.local/lib/python3.12/site-packages/airflow/example_dags/example_sensor_decorator.py for tasks to queue
[2024-05-21T09:34:20.503+0000] {logging_mixin.py:188} INFO - [2024-05-21T09:34:20.503+0000] {dagbag.py:545} INFO - Filling up the DagBag from /home/airflow/.local/lib/python3.12/site-packages/airflow/example_dags/example_sensor_decorator.py
[2024-05-21T09:34:20.509+0000] {processor.py:840} INFO - DAG(s) 'example_sensor_decorator' retrieved from /home/airflow/.local/lib/python3.12/site-packages/airflow/example_dags/example_sensor_decorator.py
[2024-05-21T09:34:20.525+0000] {logging_mixin.py:188} INFO - [2024-05-21T09:34:20.525+0000] {dag.py:3096} INFO - Sync 1 DAGs
[2024-05-21T09:34:20.535+0000] {logging_mixin.py:188} INFO - [2024-05-21T09:34:20.534+0000] {dag.py:3954} INFO - Setting next_dagrun for example_sensor_decorator to None, run_after=None
[2024-05-21T09:34:20.562+0000] {processor.py:183} INFO - Processing /home/airflow/.local/lib/python3.12/site-packages/airflow/example_dags/example_sensor_decorator.py took 0.066 seconds
