[2024-05-21T09:33:21.791+0000] {processor.py:161} INFO - Started process (PID=73) to work on /home/airflow/.local/lib/python3.12/site-packages/airflow/example_dags/example_subdag_operator.py
[2024-05-21T09:33:21.792+0000] {processor.py:830} INFO - Processing file /home/airflow/.local/lib/python3.12/site-packages/airflow/example_dags/example_subdag_operator.py for tasks to queue
[2024-05-21T09:33:21.794+0000] {logging_mixin.py:188} INFO - [2024-05-21T09:33:21.793+0000] {dagbag.py:545} INFO - Filling up the DagBag from /home/airflow/.local/lib/python3.12/site-packages/airflow/example_dags/example_subdag_operator.py
[2024-05-21T09:33:21.813+0000] {processor.py:840} INFO - DAG(s) 'example_subdag_operator.section-1', 'example_subdag_operator.section-2', 'example_subdag_operator' retrieved from /home/airflow/.local/lib/python3.12/site-packages/airflow/example_dags/example_subdag_operator.py
[2024-05-21T09:33:21.892+0000] {logging_mixin.py:188} INFO - [2024-05-21T09:33:21.891+0000] {override.py:1829} INFO - Created Permission View: can read on DAG:example_subdag_operator
[2024-05-21T09:33:21.901+0000] {logging_mixin.py:188} INFO - [2024-05-21T09:33:21.900+0000] {override.py:1829} INFO - Created Permission View: can edit on DAG:example_subdag_operator
[2024-05-21T09:33:21.907+0000] {logging_mixin.py:188} INFO - [2024-05-21T09:33:21.907+0000] {override.py:1829} INFO - Created Permission View: can delete on DAG:example_subdag_operator
[2024-05-21T09:33:21.908+0000] {logging_mixin.py:188} INFO - [2024-05-21T09:33:21.908+0000] {dag.py:3096} INFO - Sync 3 DAGs
[2024-05-21T09:33:21.917+0000] {logging_mixin.py:188} INFO - [2024-05-21T09:33:21.917+0000] {dag.py:3118} INFO - Creating ORM DAG for example_subdag_operator.section-2
[2024-05-21T09:33:21.918+0000] {logging_mixin.py:188} INFO - [2024-05-21T09:33:21.918+0000] {dag.py:3118} INFO - Creating ORM DAG for example_subdag_operator
[2024-05-21T09:33:21.920+0000] {logging_mixin.py:188} INFO - [2024-05-21T09:33:21.919+0000] {dag.py:3118} INFO - Creating ORM DAG for example_subdag_operator.section-1
[2024-05-21T09:33:21.927+0000] {logging_mixin.py:188} INFO - [2024-05-21T09:33:21.927+0000] {dag.py:3954} INFO - Setting next_dagrun for example_subdag_operator to 2022-01-01 00:00:00+00:00, run_after=2022-01-01 00:00:00+00:00
[2024-05-21T09:33:21.928+0000] {logging_mixin.py:188} INFO - [2024-05-21T09:33:21.928+0000] {dag.py:3954} INFO - Setting next_dagrun for example_subdag_operator.section-1 to None, run_after=None
[2024-05-21T09:33:21.929+0000] {logging_mixin.py:188} INFO - [2024-05-21T09:33:21.929+0000] {dag.py:3954} INFO - Setting next_dagrun for example_subdag_operator.section-2 to None, run_after=None
[2024-05-21T09:33:21.936+0000] {logging_mixin.py:188} INFO - [2024-05-21T09:33:21.936+0000] {dag.py:3096} INFO - Sync 2 DAGs
[2024-05-21T09:33:21.941+0000] {logging_mixin.py:188} INFO - [2024-05-21T09:33:21.941+0000] {dag.py:3954} INFO - Setting next_dagrun for example_subdag_operator.section-1 to None, run_after=None
[2024-05-21T09:33:21.943+0000] {logging_mixin.py:188} INFO - [2024-05-21T09:33:21.943+0000] {dag.py:3954} INFO - Setting next_dagrun for example_subdag_operator.section-2 to None, run_after=None
[2024-05-21T09:33:21.955+0000] {processor.py:183} INFO - Processing /home/airflow/.local/lib/python3.12/site-packages/airflow/example_dags/example_subdag_operator.py took 0.169 seconds
[2024-05-21T09:33:52.370+0000] {processor.py:161} INFO - Started process (PID=131) to work on /home/airflow/.local/lib/python3.12/site-packages/airflow/example_dags/example_subdag_operator.py
[2024-05-21T09:33:52.371+0000] {processor.py:830} INFO - Processing file /home/airflow/.local/lib/python3.12/site-packages/airflow/example_dags/example_subdag_operator.py for tasks to queue
[2024-05-21T09:33:52.373+0000] {logging_mixin.py:188} INFO - [2024-05-21T09:33:52.373+0000] {dagbag.py:545} INFO - Filling up the DagBag from /home/airflow/.local/lib/python3.12/site-packages/airflow/example_dags/example_subdag_operator.py
[2024-05-21T09:33:52.389+0000] {processor.py:840} INFO - DAG(s) 'example_subdag_operator.section-1', 'example_subdag_operator.section-2', 'example_subdag_operator' retrieved from /home/airflow/.local/lib/python3.12/site-packages/airflow/example_dags/example_subdag_operator.py
[2024-05-21T09:33:52.400+0000] {logging_mixin.py:188} INFO - [2024-05-21T09:33:52.400+0000] {dag.py:3096} INFO - Sync 3 DAGs
[2024-05-21T09:33:52.414+0000] {logging_mixin.py:188} INFO - [2024-05-21T09:33:52.414+0000] {dag.py:3954} INFO - Setting next_dagrun for example_subdag_operator to 2022-01-01 00:00:00+00:00, run_after=2022-01-01 00:00:00+00:00
[2024-05-21T09:33:52.418+0000] {logging_mixin.py:188} INFO - [2024-05-21T09:33:52.418+0000] {dag.py:3954} INFO - Setting next_dagrun for example_subdag_operator.section-1 to None, run_after=None
[2024-05-21T09:33:52.419+0000] {logging_mixin.py:188} INFO - [2024-05-21T09:33:52.419+0000] {dag.py:3954} INFO - Setting next_dagrun for example_subdag_operator.section-2 to None, run_after=None
[2024-05-21T09:33:52.425+0000] {logging_mixin.py:188} INFO - [2024-05-21T09:33:52.424+0000] {dag.py:3096} INFO - Sync 2 DAGs
[2024-05-21T09:33:52.428+0000] {logging_mixin.py:188} INFO - [2024-05-21T09:33:52.428+0000] {dag.py:3954} INFO - Setting next_dagrun for example_subdag_operator.section-1 to None, run_after=None
[2024-05-21T09:33:52.429+0000] {logging_mixin.py:188} INFO - [2024-05-21T09:33:52.429+0000] {dag.py:3954} INFO - Setting next_dagrun for example_subdag_operator.section-2 to None, run_after=None
[2024-05-21T09:33:52.446+0000] {processor.py:183} INFO - Processing /home/airflow/.local/lib/python3.12/site-packages/airflow/example_dags/example_subdag_operator.py took 0.080 seconds
[2024-05-21T09:34:22.490+0000] {processor.py:161} INFO - Started process (PID=189) to work on /home/airflow/.local/lib/python3.12/site-packages/airflow/example_dags/example_subdag_operator.py
[2024-05-21T09:34:22.492+0000] {processor.py:830} INFO - Processing file /home/airflow/.local/lib/python3.12/site-packages/airflow/example_dags/example_subdag_operator.py for tasks to queue
[2024-05-21T09:34:22.493+0000] {logging_mixin.py:188} INFO - [2024-05-21T09:34:22.493+0000] {dagbag.py:545} INFO - Filling up the DagBag from /home/airflow/.local/lib/python3.12/site-packages/airflow/example_dags/example_subdag_operator.py
[2024-05-21T09:34:22.512+0000] {processor.py:840} INFO - DAG(s) 'example_subdag_operator.section-1', 'example_subdag_operator.section-2', 'example_subdag_operator' retrieved from /home/airflow/.local/lib/python3.12/site-packages/airflow/example_dags/example_subdag_operator.py
[2024-05-21T09:34:22.524+0000] {logging_mixin.py:188} INFO - [2024-05-21T09:34:22.524+0000] {dag.py:3096} INFO - Sync 3 DAGs
[2024-05-21T09:34:22.539+0000] {logging_mixin.py:188} INFO - [2024-05-21T09:34:22.539+0000] {dag.py:3954} INFO - Setting next_dagrun for example_subdag_operator to 2022-01-01 00:00:00+00:00, run_after=2022-01-01 00:00:00+00:00
[2024-05-21T09:34:22.544+0000] {logging_mixin.py:188} INFO - [2024-05-21T09:34:22.544+0000] {dag.py:3954} INFO - Setting next_dagrun for example_subdag_operator.section-1 to None, run_after=None
[2024-05-21T09:34:22.546+0000] {logging_mixin.py:188} INFO - [2024-05-21T09:34:22.545+0000] {dag.py:3954} INFO - Setting next_dagrun for example_subdag_operator.section-2 to None, run_after=None
[2024-05-21T09:34:22.551+0000] {logging_mixin.py:188} INFO - [2024-05-21T09:34:22.551+0000] {dag.py:3096} INFO - Sync 2 DAGs
[2024-05-21T09:34:22.555+0000] {logging_mixin.py:188} INFO - [2024-05-21T09:34:22.555+0000] {dag.py:3954} INFO - Setting next_dagrun for example_subdag_operator.section-1 to None, run_after=None
[2024-05-21T09:34:22.556+0000] {logging_mixin.py:188} INFO - [2024-05-21T09:34:22.556+0000] {dag.py:3954} INFO - Setting next_dagrun for example_subdag_operator.section-2 to None, run_after=None
[2024-05-21T09:34:22.573+0000] {processor.py:183} INFO - Processing /home/airflow/.local/lib/python3.12/site-packages/airflow/example_dags/example_subdag_operator.py took 0.088 seconds
