[2024-05-21T09:33:20.711+0000] {processor.py:161} INFO - Started process (PID=60) to work on /home/airflow/.local/lib/python3.12/site-packages/airflow/example_dags/example_kubernetes_executor.py
[2024-05-21T09:33:20.713+0000] {processor.py:830} INFO - Processing file /home/airflow/.local/lib/python3.12/site-packages/airflow/example_dags/example_kubernetes_executor.py for tasks to queue
[2024-05-21T09:33:20.715+0000] {logging_mixin.py:188} INFO - [2024-05-21T09:33:20.715+0000] {dagbag.py:545} INFO - Filling up the DagBag from /home/airflow/.local/lib/python3.12/site-packages/airflow/example_dags/example_kubernetes_executor.py
[2024-05-21T09:33:20.729+0000] {processor.py:840} INFO - DAG(s) 'example_kubernetes_executor' retrieved from /home/airflow/.local/lib/python3.12/site-packages/airflow/example_dags/example_kubernetes_executor.py
[2024-05-21T09:33:20.833+0000] {logging_mixin.py:188} INFO - [2024-05-21T09:33:20.833+0000] {override.py:1829} INFO - Created Permission View: can read on DAG:example_kubernetes_executor
[2024-05-21T09:33:20.842+0000] {logging_mixin.py:188} INFO - [2024-05-21T09:33:20.842+0000] {override.py:1829} INFO - Created Permission View: can edit on DAG:example_kubernetes_executor
[2024-05-21T09:33:20.849+0000] {logging_mixin.py:188} INFO - [2024-05-21T09:33:20.849+0000] {override.py:1829} INFO - Created Permission View: can delete on DAG:example_kubernetes_executor
[2024-05-21T09:33:20.850+0000] {logging_mixin.py:188} INFO - [2024-05-21T09:33:20.850+0000] {dag.py:3096} INFO - Sync 1 DAGs
[2024-05-21T09:33:20.859+0000] {logging_mixin.py:188} INFO - [2024-05-21T09:33:20.858+0000] {dag.py:3118} INFO - Creating ORM DAG for example_kubernetes_executor
[2024-05-21T09:33:20.860+0000] {logging_mixin.py:188} INFO - [2024-05-21T09:33:20.860+0000] {dag.py:3954} INFO - Setting next_dagrun for example_kubernetes_executor to None, run_after=None
[2024-05-21T09:33:20.874+0000] {processor.py:183} INFO - Processing /home/airflow/.local/lib/python3.12/site-packages/airflow/example_dags/example_kubernetes_executor.py took 0.167 seconds
[2024-05-21T09:33:51.655+0000] {processor.py:161} INFO - Started process (PID=118) to work on /home/airflow/.local/lib/python3.12/site-packages/airflow/example_dags/example_kubernetes_executor.py
[2024-05-21T09:33:51.656+0000] {processor.py:830} INFO - Processing file /home/airflow/.local/lib/python3.12/site-packages/airflow/example_dags/example_kubernetes_executor.py for tasks to queue
[2024-05-21T09:33:51.658+0000] {logging_mixin.py:188} INFO - [2024-05-21T09:33:51.658+0000] {dagbag.py:545} INFO - Filling up the DagBag from /home/airflow/.local/lib/python3.12/site-packages/airflow/example_dags/example_kubernetes_executor.py
[2024-05-21T09:33:51.667+0000] {processor.py:840} INFO - DAG(s) 'example_kubernetes_executor' retrieved from /home/airflow/.local/lib/python3.12/site-packages/airflow/example_dags/example_kubernetes_executor.py
[2024-05-21T09:33:51.695+0000] {logging_mixin.py:188} INFO - [2024-05-21T09:33:51.695+0000] {dag.py:3096} INFO - Sync 1 DAGs
[2024-05-21T09:33:51.706+0000] {logging_mixin.py:188} INFO - [2024-05-21T09:33:51.706+0000] {dag.py:3954} INFO - Setting next_dagrun for example_kubernetes_executor to None, run_after=None
[2024-05-21T09:33:51.734+0000] {processor.py:183} INFO - Processing /home/airflow/.local/lib/python3.12/site-packages/airflow/example_dags/example_kubernetes_executor.py took 0.084 seconds
[2024-05-21T09:34:21.890+0000] {processor.py:161} INFO - Started process (PID=176) to work on /home/airflow/.local/lib/python3.12/site-packages/airflow/example_dags/example_kubernetes_executor.py
[2024-05-21T09:34:21.891+0000] {processor.py:830} INFO - Processing file /home/airflow/.local/lib/python3.12/site-packages/airflow/example_dags/example_kubernetes_executor.py for tasks to queue
[2024-05-21T09:34:21.893+0000] {logging_mixin.py:188} INFO - [2024-05-21T09:34:21.893+0000] {dagbag.py:545} INFO - Filling up the DagBag from /home/airflow/.local/lib/python3.12/site-packages/airflow/example_dags/example_kubernetes_executor.py
[2024-05-21T09:34:21.901+0000] {processor.py:840} INFO - DAG(s) 'example_kubernetes_executor' retrieved from /home/airflow/.local/lib/python3.12/site-packages/airflow/example_dags/example_kubernetes_executor.py
[2024-05-21T09:34:21.934+0000] {logging_mixin.py:188} INFO - [2024-05-21T09:34:21.934+0000] {dag.py:3096} INFO - Sync 1 DAGs
[2024-05-21T09:34:21.945+0000] {logging_mixin.py:188} INFO - [2024-05-21T09:34:21.945+0000] {dag.py:3954} INFO - Setting next_dagrun for example_kubernetes_executor to None, run_after=None
[2024-05-21T09:34:21.961+0000] {processor.py:183} INFO - Processing /home/airflow/.local/lib/python3.12/site-packages/airflow/example_dags/example_kubernetes_executor.py took 0.076 seconds
