[2024-05-21T09:33:22.423+0000] {processor.py:161} INFO - Started process (PID=80) to work on /home/airflow/.local/lib/python3.12/site-packages/airflow/example_dags/example_complex.py
[2024-05-21T09:33:22.426+0000] {processor.py:830} INFO - Processing file /home/airflow/.local/lib/python3.12/site-packages/airflow/example_dags/example_complex.py for tasks to queue
[2024-05-21T09:33:22.427+0000] {logging_mixin.py:188} INFO - [2024-05-21T09:33:22.427+0000] {dagbag.py:545} INFO - Filling up the DagBag from /home/airflow/.local/lib/python3.12/site-packages/airflow/example_dags/example_complex.py
[2024-05-21T09:33:22.436+0000] {processor.py:840} INFO - DAG(s) 'example_complex' retrieved from /home/airflow/.local/lib/python3.12/site-packages/airflow/example_dags/example_complex.py
[2024-05-21T09:33:22.535+0000] {logging_mixin.py:188} INFO - [2024-05-21T09:33:22.534+0000] {override.py:1829} INFO - Created Permission View: can read on DAG:example_complex
[2024-05-21T09:33:22.543+0000] {logging_mixin.py:188} INFO - [2024-05-21T09:33:22.543+0000] {override.py:1829} INFO - Created Permission View: can edit on DAG:example_complex
[2024-05-21T09:33:22.548+0000] {logging_mixin.py:188} INFO - [2024-05-21T09:33:22.548+0000] {override.py:1829} INFO - Created Permission View: can delete on DAG:example_complex
[2024-05-21T09:33:22.548+0000] {logging_mixin.py:188} INFO - [2024-05-21T09:33:22.548+0000] {dag.py:3096} INFO - Sync 1 DAGs
[2024-05-21T09:33:22.558+0000] {logging_mixin.py:188} INFO - [2024-05-21T09:33:22.557+0000] {dag.py:3118} INFO - Creating ORM DAG for example_complex
[2024-05-21T09:33:22.558+0000] {logging_mixin.py:188} INFO - [2024-05-21T09:33:22.558+0000] {dag.py:3954} INFO - Setting next_dagrun for example_complex to None, run_after=None
[2024-05-21T09:33:22.572+0000] {processor.py:183} INFO - Processing /home/airflow/.local/lib/python3.12/site-packages/airflow/example_dags/example_complex.py took 0.153 seconds
[2024-05-21T09:33:53.014+0000] {processor.py:161} INFO - Started process (PID=138) to work on /home/airflow/.local/lib/python3.12/site-packages/airflow/example_dags/example_complex.py
[2024-05-21T09:33:53.015+0000] {processor.py:830} INFO - Processing file /home/airflow/.local/lib/python3.12/site-packages/airflow/example_dags/example_complex.py for tasks to queue
[2024-05-21T09:33:53.017+0000] {logging_mixin.py:188} INFO - [2024-05-21T09:33:53.017+0000] {dagbag.py:545} INFO - Filling up the DagBag from /home/airflow/.local/lib/python3.12/site-packages/airflow/example_dags/example_complex.py
[2024-05-21T09:33:53.025+0000] {processor.py:840} INFO - DAG(s) 'example_complex' retrieved from /home/airflow/.local/lib/python3.12/site-packages/airflow/example_dags/example_complex.py
[2024-05-21T09:33:53.053+0000] {logging_mixin.py:188} INFO - [2024-05-21T09:33:53.053+0000] {dag.py:3096} INFO - Sync 1 DAGs
[2024-05-21T09:33:53.063+0000] {logging_mixin.py:188} INFO - [2024-05-21T09:33:53.063+0000] {dag.py:3954} INFO - Setting next_dagrun for example_complex to None, run_after=None
[2024-05-21T09:33:53.092+0000] {processor.py:183} INFO - Processing /home/airflow/.local/lib/python3.12/site-packages/airflow/example_dags/example_complex.py took 0.083 seconds
[2024-05-21T09:34:24.021+0000] {processor.py:161} INFO - Started process (PID=196) to work on /home/airflow/.local/lib/python3.12/site-packages/airflow/example_dags/example_complex.py
[2024-05-21T09:34:24.022+0000] {processor.py:830} INFO - Processing file /home/airflow/.local/lib/python3.12/site-packages/airflow/example_dags/example_complex.py for tasks to queue
[2024-05-21T09:34:24.024+0000] {logging_mixin.py:188} INFO - [2024-05-21T09:34:24.024+0000] {dagbag.py:545} INFO - Filling up the DagBag from /home/airflow/.local/lib/python3.12/site-packages/airflow/example_dags/example_complex.py
[2024-05-21T09:34:24.031+0000] {processor.py:840} INFO - DAG(s) 'example_complex' retrieved from /home/airflow/.local/lib/python3.12/site-packages/airflow/example_dags/example_complex.py
[2024-05-21T09:34:24.055+0000] {logging_mixin.py:188} INFO - [2024-05-21T09:34:24.055+0000] {dag.py:3096} INFO - Sync 1 DAGs
[2024-05-21T09:34:24.064+0000] {logging_mixin.py:188} INFO - [2024-05-21T09:34:24.064+0000] {dag.py:3954} INFO - Setting next_dagrun for example_complex to None, run_after=None
[2024-05-21T09:34:24.081+0000] {processor.py:183} INFO - Processing /home/airflow/.local/lib/python3.12/site-packages/airflow/example_dags/example_complex.py took 0.064 seconds
