[2024-05-21T09:33:21.916+0000] {processor.py:161} INFO - Started process (PID=74) to work on /home/airflow/.local/lib/python3.12/site-packages/airflow/example_dags/example_branch_operator.py
[2024-05-21T09:33:21.917+0000] {processor.py:830} INFO - Processing file /home/airflow/.local/lib/python3.12/site-packages/airflow/example_dags/example_branch_operator.py for tasks to queue
[2024-05-21T09:33:21.920+0000] {logging_mixin.py:188} INFO - [2024-05-21T09:33:21.920+0000] {dagbag.py:545} INFO - Filling up the DagBag from /home/airflow/.local/lib/python3.12/site-packages/airflow/example_dags/example_branch_operator.py
[2024-05-21T09:33:21.933+0000] {processor.py:840} INFO - DAG(s) 'example_branch_operator' retrieved from /home/airflow/.local/lib/python3.12/site-packages/airflow/example_dags/example_branch_operator.py
[2024-05-21T09:33:22.014+0000] {logging_mixin.py:188} INFO - [2024-05-21T09:33:22.013+0000] {override.py:1829} INFO - Created Permission View: can read on DAG:example_branch_operator
[2024-05-21T09:33:22.024+0000] {logging_mixin.py:188} INFO - [2024-05-21T09:33:22.023+0000] {override.py:1829} INFO - Created Permission View: can edit on DAG:example_branch_operator
[2024-05-21T09:33:22.030+0000] {logging_mixin.py:188} INFO - [2024-05-21T09:33:22.030+0000] {override.py:1829} INFO - Created Permission View: can delete on DAG:example_branch_operator
[2024-05-21T09:33:22.031+0000] {logging_mixin.py:188} INFO - [2024-05-21T09:33:22.030+0000] {dag.py:3096} INFO - Sync 1 DAGs
[2024-05-21T09:33:22.040+0000] {logging_mixin.py:188} INFO - [2024-05-21T09:33:22.040+0000] {dag.py:3118} INFO - Creating ORM DAG for example_branch_operator
[2024-05-21T09:33:22.049+0000] {logging_mixin.py:188} INFO - [2024-05-21T09:33:22.048+0000] {dag.py:3954} INFO - Setting next_dagrun for example_branch_operator to 2024-05-20 00:00:00+00:00, run_after=2024-05-21 00:00:00+00:00
[2024-05-21T09:33:22.064+0000] {processor.py:183} INFO - Processing /home/airflow/.local/lib/python3.12/site-packages/airflow/example_dags/example_branch_operator.py took 0.152 seconds
[2024-05-21T09:33:52.504+0000] {processor.py:161} INFO - Started process (PID=132) to work on /home/airflow/.local/lib/python3.12/site-packages/airflow/example_dags/example_branch_operator.py
[2024-05-21T09:33:52.505+0000] {processor.py:830} INFO - Processing file /home/airflow/.local/lib/python3.12/site-packages/airflow/example_dags/example_branch_operator.py for tasks to queue
[2024-05-21T09:33:52.507+0000] {logging_mixin.py:188} INFO - [2024-05-21T09:33:52.507+0000] {dagbag.py:545} INFO - Filling up the DagBag from /home/airflow/.local/lib/python3.12/site-packages/airflow/example_dags/example_branch_operator.py
[2024-05-21T09:33:52.522+0000] {processor.py:840} INFO - DAG(s) 'example_branch_operator' retrieved from /home/airflow/.local/lib/python3.12/site-packages/airflow/example_dags/example_branch_operator.py
[2024-05-21T09:33:52.546+0000] {logging_mixin.py:188} INFO - [2024-05-21T09:33:52.546+0000] {dag.py:3096} INFO - Sync 1 DAGs
[2024-05-21T09:33:52.562+0000] {logging_mixin.py:188} INFO - [2024-05-21T09:33:52.562+0000] {dag.py:3954} INFO - Setting next_dagrun for example_branch_operator to 2024-05-20 00:00:00+00:00, run_after=2024-05-21 00:00:00+00:00
[2024-05-21T09:33:52.589+0000] {processor.py:183} INFO - Processing /home/airflow/.local/lib/python3.12/site-packages/airflow/example_dags/example_branch_operator.py took 0.089 seconds
[2024-05-21T09:34:23.547+0000] {processor.py:161} INFO - Started process (PID=190) to work on /home/airflow/.local/lib/python3.12/site-packages/airflow/example_dags/example_branch_operator.py
[2024-05-21T09:34:23.548+0000] {processor.py:830} INFO - Processing file /home/airflow/.local/lib/python3.12/site-packages/airflow/example_dags/example_branch_operator.py for tasks to queue
[2024-05-21T09:34:23.549+0000] {logging_mixin.py:188} INFO - [2024-05-21T09:34:23.549+0000] {dagbag.py:545} INFO - Filling up the DagBag from /home/airflow/.local/lib/python3.12/site-packages/airflow/example_dags/example_branch_operator.py
[2024-05-21T09:34:23.563+0000] {processor.py:840} INFO - DAG(s) 'example_branch_operator' retrieved from /home/airflow/.local/lib/python3.12/site-packages/airflow/example_dags/example_branch_operator.py
[2024-05-21T09:34:23.585+0000] {logging_mixin.py:188} INFO - [2024-05-21T09:34:23.585+0000] {dag.py:3096} INFO - Sync 1 DAGs
[2024-05-21T09:34:23.602+0000] {logging_mixin.py:188} INFO - [2024-05-21T09:34:23.602+0000] {dag.py:3954} INFO - Setting next_dagrun for example_branch_operator to 2024-05-20 00:00:00+00:00, run_after=2024-05-21 00:00:00+00:00
[2024-05-21T09:34:23.620+0000] {processor.py:183} INFO - Processing /home/airflow/.local/lib/python3.12/site-packages/airflow/example_dags/example_branch_operator.py took 0.077 seconds
