[2024-05-21T09:33:21.986+0000] {processor.py:161} INFO - Started process (PID=75) to work on /home/airflow/.local/lib/python3.12/site-packages/airflow/example_dags/example_python_operator.py
[2024-05-21T09:33:21.987+0000] {processor.py:830} INFO - Processing file /home/airflow/.local/lib/python3.12/site-packages/airflow/example_dags/example_python_operator.py for tasks to queue
[2024-05-21T09:33:21.989+0000] {logging_mixin.py:188} INFO - [2024-05-21T09:33:21.989+0000] {dagbag.py:545} INFO - Filling up the DagBag from /home/airflow/.local/lib/python3.12/site-packages/airflow/example_dags/example_python_operator.py
[2024-05-21T09:33:21.997+0000] {processor.py:840} INFO - DAG(s) 'example_python_operator' retrieved from /home/airflow/.local/lib/python3.12/site-packages/airflow/example_dags/example_python_operator.py
[2024-05-21T09:33:22.077+0000] {logging_mixin.py:188} INFO - [2024-05-21T09:33:22.077+0000] {override.py:1829} INFO - Created Permission View: can read on DAG:example_python_operator
[2024-05-21T09:33:22.087+0000] {logging_mixin.py:188} INFO - [2024-05-21T09:33:22.087+0000] {override.py:1829} INFO - Created Permission View: can edit on DAG:example_python_operator
[2024-05-21T09:33:22.093+0000] {logging_mixin.py:188} INFO - [2024-05-21T09:33:22.093+0000] {override.py:1829} INFO - Created Permission View: can delete on DAG:example_python_operator
[2024-05-21T09:33:22.094+0000] {logging_mixin.py:188} INFO - [2024-05-21T09:33:22.093+0000] {dag.py:3096} INFO - Sync 1 DAGs
[2024-05-21T09:33:22.102+0000] {logging_mixin.py:188} INFO - [2024-05-21T09:33:22.102+0000] {dag.py:3118} INFO - Creating ORM DAG for example_python_operator
[2024-05-21T09:33:22.103+0000] {logging_mixin.py:188} INFO - [2024-05-21T09:33:22.103+0000] {dag.py:3954} INFO - Setting next_dagrun for example_python_operator to None, run_after=None
[2024-05-21T09:33:22.117+0000] {processor.py:183} INFO - Processing /home/airflow/.local/lib/python3.12/site-packages/airflow/example_dags/example_python_operator.py took 0.135 seconds
[2024-05-21T09:33:52.636+0000] {processor.py:161} INFO - Started process (PID=133) to work on /home/airflow/.local/lib/python3.12/site-packages/airflow/example_dags/example_python_operator.py
[2024-05-21T09:33:52.637+0000] {processor.py:830} INFO - Processing file /home/airflow/.local/lib/python3.12/site-packages/airflow/example_dags/example_python_operator.py for tasks to queue
[2024-05-21T09:33:52.640+0000] {logging_mixin.py:188} INFO - [2024-05-21T09:33:52.639+0000] {dagbag.py:545} INFO - Filling up the DagBag from /home/airflow/.local/lib/python3.12/site-packages/airflow/example_dags/example_python_operator.py
[2024-05-21T09:33:52.648+0000] {processor.py:840} INFO - DAG(s) 'example_python_operator' retrieved from /home/airflow/.local/lib/python3.12/site-packages/airflow/example_dags/example_python_operator.py
[2024-05-21T09:33:52.674+0000] {logging_mixin.py:188} INFO - [2024-05-21T09:33:52.674+0000] {dag.py:3096} INFO - Sync 1 DAGs
[2024-05-21T09:33:52.683+0000] {logging_mixin.py:188} INFO - [2024-05-21T09:33:52.683+0000] {dag.py:3954} INFO - Setting next_dagrun for example_python_operator to None, run_after=None
[2024-05-21T09:33:52.708+0000] {processor.py:183} INFO - Processing /home/airflow/.local/lib/python3.12/site-packages/airflow/example_dags/example_python_operator.py took 0.077 seconds
[2024-05-21T09:34:23.547+0000] {processor.py:161} INFO - Started process (PID=191) to work on /home/airflow/.local/lib/python3.12/site-packages/airflow/example_dags/example_python_operator.py
[2024-05-21T09:34:23.548+0000] {processor.py:830} INFO - Processing file /home/airflow/.local/lib/python3.12/site-packages/airflow/example_dags/example_python_operator.py for tasks to queue
[2024-05-21T09:34:23.549+0000] {logging_mixin.py:188} INFO - [2024-05-21T09:34:23.549+0000] {dagbag.py:545} INFO - Filling up the DagBag from /home/airflow/.local/lib/python3.12/site-packages/airflow/example_dags/example_python_operator.py
[2024-05-21T09:34:23.559+0000] {processor.py:840} INFO - DAG(s) 'example_python_operator' retrieved from /home/airflow/.local/lib/python3.12/site-packages/airflow/example_dags/example_python_operator.py
[2024-05-21T09:34:23.580+0000] {logging_mixin.py:188} INFO - [2024-05-21T09:34:23.580+0000] {dag.py:3096} INFO - Sync 1 DAGs
[2024-05-21T09:34:23.590+0000] {logging_mixin.py:188} INFO - [2024-05-21T09:34:23.590+0000] {dag.py:3954} INFO - Setting next_dagrun for example_python_operator to None, run_after=None
[2024-05-21T09:34:23.616+0000] {processor.py:183} INFO - Processing /home/airflow/.local/lib/python3.12/site-packages/airflow/example_dags/example_python_operator.py took 0.073 seconds
