[2024-05-21T09:33:22.702+0000] {processor.py:161} INFO - Started process (PID=83) to work on /home/airflow/.local/lib/python3.12/site-packages/airflow/example_dags/example_local_kubernetes_executor.py
[2024-05-21T09:33:22.703+0000] {processor.py:830} INFO - Processing file /home/airflow/.local/lib/python3.12/site-packages/airflow/example_dags/example_local_kubernetes_executor.py for tasks to queue
[2024-05-21T09:33:22.705+0000] {logging_mixin.py:188} INFO - [2024-05-21T09:33:22.705+0000] {dagbag.py:545} INFO - Filling up the DagBag from /home/airflow/.local/lib/python3.12/site-packages/airflow/example_dags/example_local_kubernetes_executor.py
[2024-05-21T09:33:22.711+0000] {processor.py:840} INFO - DAG(s) 'example_local_kubernetes_executor' retrieved from /home/airflow/.local/lib/python3.12/site-packages/airflow/example_dags/example_local_kubernetes_executor.py
[2024-05-21T09:33:22.804+0000] {logging_mixin.py:188} INFO - [2024-05-21T09:33:22.803+0000] {override.py:1829} INFO - Created Permission View: can read on DAG:example_local_kubernetes_executor
[2024-05-21T09:33:22.811+0000] {logging_mixin.py:188} INFO - [2024-05-21T09:33:22.811+0000] {override.py:1829} INFO - Created Permission View: can edit on DAG:example_local_kubernetes_executor
[2024-05-21T09:33:22.817+0000] {logging_mixin.py:188} INFO - [2024-05-21T09:33:22.817+0000] {override.py:1829} INFO - Created Permission View: can delete on DAG:example_local_kubernetes_executor
[2024-05-21T09:33:22.818+0000] {logging_mixin.py:188} INFO - [2024-05-21T09:33:22.818+0000] {dag.py:3096} INFO - Sync 1 DAGs
[2024-05-21T09:33:22.826+0000] {logging_mixin.py:188} INFO - [2024-05-21T09:33:22.826+0000] {dag.py:3118} INFO - Creating ORM DAG for example_local_kubernetes_executor
[2024-05-21T09:33:22.827+0000] {logging_mixin.py:188} INFO - [2024-05-21T09:33:22.827+0000] {dag.py:3954} INFO - Setting next_dagrun for example_local_kubernetes_executor to None, run_after=None
[2024-05-21T09:33:22.842+0000] {processor.py:183} INFO - Processing /home/airflow/.local/lib/python3.12/site-packages/airflow/example_dags/example_local_kubernetes_executor.py took 0.144 seconds
[2024-05-21T09:33:53.241+0000] {processor.py:161} INFO - Started process (PID=141) to work on /home/airflow/.local/lib/python3.12/site-packages/airflow/example_dags/example_local_kubernetes_executor.py
[2024-05-21T09:33:53.243+0000] {processor.py:830} INFO - Processing file /home/airflow/.local/lib/python3.12/site-packages/airflow/example_dags/example_local_kubernetes_executor.py for tasks to queue
[2024-05-21T09:33:53.245+0000] {logging_mixin.py:188} INFO - [2024-05-21T09:33:53.244+0000] {dagbag.py:545} INFO - Filling up the DagBag from /home/airflow/.local/lib/python3.12/site-packages/airflow/example_dags/example_local_kubernetes_executor.py
[2024-05-21T09:33:53.250+0000] {processor.py:840} INFO - DAG(s) 'example_local_kubernetes_executor' retrieved from /home/airflow/.local/lib/python3.12/site-packages/airflow/example_dags/example_local_kubernetes_executor.py
[2024-05-21T09:33:53.282+0000] {logging_mixin.py:188} INFO - [2024-05-21T09:33:53.281+0000] {dag.py:3096} INFO - Sync 1 DAGs
[2024-05-21T09:33:53.291+0000] {logging_mixin.py:188} INFO - [2024-05-21T09:33:53.291+0000] {dag.py:3954} INFO - Setting next_dagrun for example_local_kubernetes_executor to None, run_after=None
[2024-05-21T09:33:53.314+0000] {processor.py:183} INFO - Processing /home/airflow/.local/lib/python3.12/site-packages/airflow/example_dags/example_local_kubernetes_executor.py took 0.077 seconds
[2024-05-21T09:34:24.223+0000] {processor.py:161} INFO - Started process (PID=199) to work on /home/airflow/.local/lib/python3.12/site-packages/airflow/example_dags/example_local_kubernetes_executor.py
[2024-05-21T09:34:24.224+0000] {processor.py:830} INFO - Processing file /home/airflow/.local/lib/python3.12/site-packages/airflow/example_dags/example_local_kubernetes_executor.py for tasks to queue
[2024-05-21T09:34:24.226+0000] {logging_mixin.py:188} INFO - [2024-05-21T09:34:24.226+0000] {dagbag.py:545} INFO - Filling up the DagBag from /home/airflow/.local/lib/python3.12/site-packages/airflow/example_dags/example_local_kubernetes_executor.py
[2024-05-21T09:34:24.231+0000] {processor.py:840} INFO - DAG(s) 'example_local_kubernetes_executor' retrieved from /home/airflow/.local/lib/python3.12/site-packages/airflow/example_dags/example_local_kubernetes_executor.py
[2024-05-21T09:34:24.259+0000] {logging_mixin.py:188} INFO - [2024-05-21T09:34:24.259+0000] {dag.py:3096} INFO - Sync 1 DAGs
[2024-05-21T09:34:24.267+0000] {logging_mixin.py:188} INFO - [2024-05-21T09:34:24.267+0000] {dag.py:3954} INFO - Setting next_dagrun for example_local_kubernetes_executor to None, run_after=None
[2024-05-21T09:34:24.284+0000] {processor.py:183} INFO - Processing /home/airflow/.local/lib/python3.12/site-packages/airflow/example_dags/example_local_kubernetes_executor.py took 0.065 seconds
