[2024-05-21T09:33:22.768+0000] {processor.py:161} INFO - Started process (PID=84) to work on /home/airflow/.local/lib/python3.12/site-packages/airflow/example_dags/example_datasets.py
[2024-05-21T09:33:22.769+0000] {processor.py:830} INFO - Processing file /home/airflow/.local/lib/python3.12/site-packages/airflow/example_dags/example_datasets.py for tasks to queue
[2024-05-21T09:33:22.771+0000] {logging_mixin.py:188} INFO - [2024-05-21T09:33:22.771+0000] {dagbag.py:545} INFO - Filling up the DagBag from /home/airflow/.local/lib/python3.12/site-packages/airflow/example_dags/example_datasets.py
[2024-05-21T09:33:22.785+0000] {processor.py:840} INFO - DAG(s) 'consume_1_or_2_with_dataset_expressions', 'dataset_produces_2', 'dataset_produces_1', 'dataset_consumes_1', 'dataset_consumes_1_and_2', 'dataset_consumes_1_never_scheduled', 'conditional_dataset_and_time_based_timetable', 'consume_1_and_2_with_dataset_expressions', 'consume_1_or_both_2_and_3_with_dataset_expressions', 'dataset_consumes_unknown_never_scheduled' retrieved from /home/airflow/.local/lib/python3.12/site-packages/airflow/example_dags/example_datasets.py
[2024-05-21T09:33:22.860+0000] {logging_mixin.py:188} INFO - [2024-05-21T09:33:22.859+0000] {override.py:1829} INFO - Created Permission View: can read on DAG:consume_1_or_2_with_dataset_expressions
[2024-05-21T09:33:22.869+0000] {logging_mixin.py:188} INFO - [2024-05-21T09:33:22.869+0000] {override.py:1829} INFO - Created Permission View: can edit on DAG:consume_1_or_2_with_dataset_expressions
[2024-05-21T09:33:22.875+0000] {logging_mixin.py:188} INFO - [2024-05-21T09:33:22.875+0000] {override.py:1829} INFO - Created Permission View: can delete on DAG:consume_1_or_2_with_dataset_expressions
[2024-05-21T09:33:22.888+0000] {logging_mixin.py:188} INFO - [2024-05-21T09:33:22.888+0000] {override.py:1829} INFO - Created Permission View: can read on DAG:dataset_produces_2
[2024-05-21T09:33:22.896+0000] {logging_mixin.py:188} INFO - [2024-05-21T09:33:22.895+0000] {override.py:1829} INFO - Created Permission View: can edit on DAG:dataset_produces_2
[2024-05-21T09:33:22.901+0000] {logging_mixin.py:188} INFO - [2024-05-21T09:33:22.901+0000] {override.py:1829} INFO - Created Permission View: can delete on DAG:dataset_produces_2
[2024-05-21T09:33:22.913+0000] {logging_mixin.py:188} INFO - [2024-05-21T09:33:22.913+0000] {override.py:1829} INFO - Created Permission View: can read on DAG:dataset_produces_1
[2024-05-21T09:33:22.919+0000] {logging_mixin.py:188} INFO - [2024-05-21T09:33:22.919+0000] {override.py:1829} INFO - Created Permission View: can edit on DAG:dataset_produces_1
[2024-05-21T09:33:22.926+0000] {logging_mixin.py:188} INFO - [2024-05-21T09:33:22.926+0000] {override.py:1829} INFO - Created Permission View: can delete on DAG:dataset_produces_1
[2024-05-21T09:33:22.939+0000] {logging_mixin.py:188} INFO - [2024-05-21T09:33:22.939+0000] {override.py:1829} INFO - Created Permission View: can read on DAG:dataset_consumes_1
[2024-05-21T09:33:22.946+0000] {logging_mixin.py:188} INFO - [2024-05-21T09:33:22.945+0000] {override.py:1829} INFO - Created Permission View: can edit on DAG:dataset_consumes_1
[2024-05-21T09:33:22.952+0000] {logging_mixin.py:188} INFO - [2024-05-21T09:33:22.952+0000] {override.py:1829} INFO - Created Permission View: can delete on DAG:dataset_consumes_1
[2024-05-21T09:33:22.962+0000] {logging_mixin.py:188} INFO - [2024-05-21T09:33:22.962+0000] {override.py:1829} INFO - Created Permission View: can read on DAG:dataset_consumes_1_and_2
[2024-05-21T09:33:22.968+0000] {logging_mixin.py:188} INFO - [2024-05-21T09:33:22.968+0000] {override.py:1829} INFO - Created Permission View: can edit on DAG:dataset_consumes_1_and_2
[2024-05-21T09:33:22.974+0000] {logging_mixin.py:188} INFO - [2024-05-21T09:33:22.974+0000] {override.py:1829} INFO - Created Permission View: can delete on DAG:dataset_consumes_1_and_2
[2024-05-21T09:33:22.982+0000] {logging_mixin.py:188} INFO - [2024-05-21T09:33:22.982+0000] {override.py:1829} INFO - Created Permission View: can read on DAG:dataset_consumes_1_never_scheduled
[2024-05-21T09:33:22.987+0000] {logging_mixin.py:188} INFO - [2024-05-21T09:33:22.987+0000] {override.py:1829} INFO - Created Permission View: can edit on DAG:dataset_consumes_1_never_scheduled
[2024-05-21T09:33:22.993+0000] {logging_mixin.py:188} INFO - [2024-05-21T09:33:22.992+0000] {override.py:1829} INFO - Created Permission View: can delete on DAG:dataset_consumes_1_never_scheduled
[2024-05-21T09:33:23.003+0000] {logging_mixin.py:188} INFO - [2024-05-21T09:33:23.003+0000] {override.py:1829} INFO - Created Permission View: can read on DAG:conditional_dataset_and_time_based_timetable
[2024-05-21T09:33:23.009+0000] {logging_mixin.py:188} INFO - [2024-05-21T09:33:23.009+0000] {override.py:1829} INFO - Created Permission View: can edit on DAG:conditional_dataset_and_time_based_timetable
[2024-05-21T09:33:23.016+0000] {logging_mixin.py:188} INFO - [2024-05-21T09:33:23.015+0000] {override.py:1829} INFO - Created Permission View: can delete on DAG:conditional_dataset_and_time_based_timetable
[2024-05-21T09:33:23.025+0000] {logging_mixin.py:188} INFO - [2024-05-21T09:33:23.025+0000] {override.py:1829} INFO - Created Permission View: can read on DAG:consume_1_and_2_with_dataset_expressions
[2024-05-21T09:33:23.029+0000] {logging_mixin.py:188} INFO - [2024-05-21T09:33:23.029+0000] {override.py:1829} INFO - Created Permission View: can edit on DAG:consume_1_and_2_with_dataset_expressions
[2024-05-21T09:33:23.034+0000] {logging_mixin.py:188} INFO - [2024-05-21T09:33:23.034+0000] {override.py:1829} INFO - Created Permission View: can delete on DAG:consume_1_and_2_with_dataset_expressions
[2024-05-21T09:33:23.046+0000] {logging_mixin.py:188} INFO - [2024-05-21T09:33:23.046+0000] {override.py:1829} INFO - Created Permission View: can read on DAG:consume_1_or_both_2_and_3_with_dataset_expressions
[2024-05-21T09:33:23.052+0000] {logging_mixin.py:188} INFO - [2024-05-21T09:33:23.052+0000] {override.py:1829} INFO - Created Permission View: can edit on DAG:consume_1_or_both_2_and_3_with_dataset_expressions
[2024-05-21T09:33:23.058+0000] {logging_mixin.py:188} INFO - [2024-05-21T09:33:23.058+0000] {override.py:1829} INFO - Created Permission View: can delete on DAG:consume_1_or_both_2_and_3_with_dataset_expressions
[2024-05-21T09:33:23.069+0000] {logging_mixin.py:188} INFO - [2024-05-21T09:33:23.068+0000] {override.py:1829} INFO - Created Permission View: can read on DAG:dataset_consumes_unknown_never_scheduled
[2024-05-21T09:33:23.074+0000] {logging_mixin.py:188} INFO - [2024-05-21T09:33:23.074+0000] {override.py:1829} INFO - Created Permission View: can edit on DAG:dataset_consumes_unknown_never_scheduled
[2024-05-21T09:33:23.081+0000] {logging_mixin.py:188} INFO - [2024-05-21T09:33:23.081+0000] {override.py:1829} INFO - Created Permission View: can delete on DAG:dataset_consumes_unknown_never_scheduled
[2024-05-21T09:33:23.082+0000] {logging_mixin.py:188} INFO - [2024-05-21T09:33:23.081+0000] {dag.py:3096} INFO - Sync 10 DAGs
[2024-05-21T09:33:23.090+0000] {logging_mixin.py:188} INFO - [2024-05-21T09:33:23.090+0000] {dag.py:3118} INFO - Creating ORM DAG for dataset_consumes_1_and_2
[2024-05-21T09:33:23.091+0000] {logging_mixin.py:188} INFO - [2024-05-21T09:33:23.091+0000] {dag.py:3118} INFO - Creating ORM DAG for consume_1_and_2_with_dataset_expressions
[2024-05-21T09:33:23.092+0000] {logging_mixin.py:188} INFO - [2024-05-21T09:33:23.092+0000] {dag.py:3118} INFO - Creating ORM DAG for dataset_consumes_1_never_scheduled
[2024-05-21T09:33:23.093+0000] {logging_mixin.py:188} INFO - [2024-05-21T09:33:23.093+0000] {dag.py:3118} INFO - Creating ORM DAG for conditional_dataset_and_time_based_timetable
[2024-05-21T09:33:23.094+0000] {logging_mixin.py:188} INFO - [2024-05-21T09:33:23.094+0000] {dag.py:3118} INFO - Creating ORM DAG for dataset_produces_1
[2024-05-21T09:33:23.095+0000] {logging_mixin.py:188} INFO - [2024-05-21T09:33:23.095+0000] {dag.py:3118} INFO - Creating ORM DAG for consume_1_or_both_2_and_3_with_dataset_expressions
[2024-05-21T09:33:23.096+0000] {logging_mixin.py:188} INFO - [2024-05-21T09:33:23.096+0000] {dag.py:3118} INFO - Creating ORM DAG for consume_1_or_2_with_dataset_expressions
[2024-05-21T09:33:23.098+0000] {logging_mixin.py:188} INFO - [2024-05-21T09:33:23.098+0000] {dag.py:3118} INFO - Creating ORM DAG for dataset_consumes_1
[2024-05-21T09:33:23.099+0000] {logging_mixin.py:188} INFO - [2024-05-21T09:33:23.099+0000] {dag.py:3118} INFO - Creating ORM DAG for dataset_produces_2
[2024-05-21T09:33:23.100+0000] {logging_mixin.py:188} INFO - [2024-05-21T09:33:23.100+0000] {dag.py:3118} INFO - Creating ORM DAG for dataset_consumes_unknown_never_scheduled
[2024-05-21T09:33:23.109+0000] {logging_mixin.py:188} INFO - [2024-05-21T09:33:23.108+0000] {dag.py:3954} INFO - Setting next_dagrun for conditional_dataset_and_time_based_timetable to 2024-05-15 01:00:00+00:00, run_after=2024-05-15 01:00:00+00:00
[2024-05-21T09:33:23.109+0000] {logging_mixin.py:188} INFO - [2024-05-21T09:33:23.109+0000] {dag.py:3954} INFO - Setting next_dagrun for consume_1_and_2_with_dataset_expressions to None, run_after=None
[2024-05-21T09:33:23.110+0000] {logging_mixin.py:188} INFO - [2024-05-21T09:33:23.110+0000] {dag.py:3954} INFO - Setting next_dagrun for consume_1_or_2_with_dataset_expressions to None, run_after=None
[2024-05-21T09:33:23.111+0000] {logging_mixin.py:188} INFO - [2024-05-21T09:33:23.111+0000] {dag.py:3954} INFO - Setting next_dagrun for consume_1_or_both_2_and_3_with_dataset_expressions to None, run_after=None
[2024-05-21T09:33:23.112+0000] {logging_mixin.py:188} INFO - [2024-05-21T09:33:23.111+0000] {dag.py:3954} INFO - Setting next_dagrun for dataset_consumes_1 to None, run_after=None
[2024-05-21T09:33:23.112+0000] {logging_mixin.py:188} INFO - [2024-05-21T09:33:23.112+0000] {dag.py:3954} INFO - Setting next_dagrun for dataset_consumes_1_and_2 to None, run_after=None
[2024-05-21T09:33:23.113+0000] {logging_mixin.py:188} INFO - [2024-05-21T09:33:23.113+0000] {dag.py:3954} INFO - Setting next_dagrun for dataset_consumes_1_never_scheduled to None, run_after=None
[2024-05-21T09:33:23.114+0000] {logging_mixin.py:188} INFO - [2024-05-21T09:33:23.113+0000] {dag.py:3954} INFO - Setting next_dagrun for dataset_consumes_unknown_never_scheduled to None, run_after=None
[2024-05-21T09:33:23.115+0000] {logging_mixin.py:188} INFO - [2024-05-21T09:33:23.115+0000] {dag.py:3954} INFO - Setting next_dagrun for dataset_produces_1 to 2024-05-20 00:00:00+00:00, run_after=2024-05-21 00:00:00+00:00
[2024-05-21T09:33:23.116+0000] {logging_mixin.py:188} INFO - [2024-05-21T09:33:23.116+0000] {dag.py:3954} INFO - Setting next_dagrun for dataset_produces_2 to None, run_after=None
[2024-05-21T09:33:23.155+0000] {processor.py:183} INFO - Processing /home/airflow/.local/lib/python3.12/site-packages/airflow/example_dags/example_datasets.py took 0.391 seconds
[2024-05-21T09:33:53.381+0000] {processor.py:161} INFO - Started process (PID=143) to work on /home/airflow/.local/lib/python3.12/site-packages/airflow/example_dags/example_datasets.py
[2024-05-21T09:33:53.382+0000] {processor.py:830} INFO - Processing file /home/airflow/.local/lib/python3.12/site-packages/airflow/example_dags/example_datasets.py for tasks to queue
[2024-05-21T09:33:53.384+0000] {logging_mixin.py:188} INFO - [2024-05-21T09:33:53.384+0000] {dagbag.py:545} INFO - Filling up the DagBag from /home/airflow/.local/lib/python3.12/site-packages/airflow/example_dags/example_datasets.py
[2024-05-21T09:33:53.395+0000] {processor.py:840} INFO - DAG(s) 'dataset_produces_2', 'consume_1_or_both_2_and_3_with_dataset_expressions', 'dataset_consumes_1_and_2', 'consume_1_and_2_with_dataset_expressions', 'dataset_consumes_1', 'conditional_dataset_and_time_based_timetable', 'dataset_consumes_1_never_scheduled', 'consume_1_or_2_with_dataset_expressions', 'dataset_consumes_unknown_never_scheduled', 'dataset_produces_1' retrieved from /home/airflow/.local/lib/python3.12/site-packages/airflow/example_dags/example_datasets.py
[2024-05-21T09:33:53.437+0000] {logging_mixin.py:188} INFO - [2024-05-21T09:33:53.437+0000] {dag.py:3096} INFO - Sync 10 DAGs
[2024-05-21T09:33:53.457+0000] {logging_mixin.py:188} INFO - [2024-05-21T09:33:53.457+0000] {dag.py:3954} INFO - Setting next_dagrun for conditional_dataset_and_time_based_timetable to 2024-05-15 01:00:00+00:00, run_after=2024-05-15 01:00:00+00:00
[2024-05-21T09:33:53.462+0000] {logging_mixin.py:188} INFO - [2024-05-21T09:33:53.462+0000] {dag.py:3954} INFO - Setting next_dagrun for consume_1_and_2_with_dataset_expressions to None, run_after=None
[2024-05-21T09:33:53.464+0000] {logging_mixin.py:188} INFO - [2024-05-21T09:33:53.464+0000] {dag.py:3954} INFO - Setting next_dagrun for consume_1_or_2_with_dataset_expressions to None, run_after=None
[2024-05-21T09:33:53.466+0000] {logging_mixin.py:188} INFO - [2024-05-21T09:33:53.465+0000] {dag.py:3954} INFO - Setting next_dagrun for consume_1_or_both_2_and_3_with_dataset_expressions to None, run_after=None
[2024-05-21T09:33:53.467+0000] {logging_mixin.py:188} INFO - [2024-05-21T09:33:53.467+0000] {dag.py:3954} INFO - Setting next_dagrun for dataset_consumes_1 to None, run_after=None
[2024-05-21T09:33:53.468+0000] {logging_mixin.py:188} INFO - [2024-05-21T09:33:53.468+0000] {dag.py:3954} INFO - Setting next_dagrun for dataset_consumes_1_and_2 to None, run_after=None
[2024-05-21T09:33:53.470+0000] {logging_mixin.py:188} INFO - [2024-05-21T09:33:53.470+0000] {dag.py:3954} INFO - Setting next_dagrun for dataset_consumes_1_never_scheduled to None, run_after=None
[2024-05-21T09:33:53.472+0000] {logging_mixin.py:188} INFO - [2024-05-21T09:33:53.471+0000] {dag.py:3954} INFO - Setting next_dagrun for dataset_consumes_unknown_never_scheduled to None, run_after=None
[2024-05-21T09:33:53.474+0000] {logging_mixin.py:188} INFO - [2024-05-21T09:33:53.474+0000] {dag.py:3954} INFO - Setting next_dagrun for dataset_produces_1 to 2024-05-20 00:00:00+00:00, run_after=2024-05-21 00:00:00+00:00
[2024-05-21T09:33:53.475+0000] {logging_mixin.py:188} INFO - [2024-05-21T09:33:53.475+0000] {dag.py:3954} INFO - Setting next_dagrun for dataset_produces_2 to None, run_after=None
[2024-05-21T09:33:53.505+0000] {processor.py:183} INFO - Processing /home/airflow/.local/lib/python3.12/site-packages/airflow/example_dags/example_datasets.py took 0.129 seconds
[2024-05-21T09:34:24.223+0000] {processor.py:161} INFO - Started process (PID=200) to work on /home/airflow/.local/lib/python3.12/site-packages/airflow/example_dags/example_datasets.py
[2024-05-21T09:34:24.224+0000] {processor.py:830} INFO - Processing file /home/airflow/.local/lib/python3.12/site-packages/airflow/example_dags/example_datasets.py for tasks to queue
[2024-05-21T09:34:24.226+0000] {logging_mixin.py:188} INFO - [2024-05-21T09:34:24.226+0000] {dagbag.py:545} INFO - Filling up the DagBag from /home/airflow/.local/lib/python3.12/site-packages/airflow/example_dags/example_datasets.py
[2024-05-21T09:34:24.236+0000] {processor.py:840} INFO - DAG(s) 'conditional_dataset_and_time_based_timetable', 'dataset_consumes_1', 'dataset_produces_2', 'consume_1_or_both_2_and_3_with_dataset_expressions', 'consume_1_or_2_with_dataset_expressions', 'dataset_consumes_1_never_scheduled', 'dataset_consumes_unknown_never_scheduled', 'dataset_produces_1', 'consume_1_and_2_with_dataset_expressions', 'dataset_consumes_1_and_2' retrieved from /home/airflow/.local/lib/python3.12/site-packages/airflow/example_dags/example_datasets.py
[2024-05-21T09:34:24.273+0000] {logging_mixin.py:188} INFO - [2024-05-21T09:34:24.272+0000] {dag.py:3096} INFO - Sync 10 DAGs
[2024-05-21T09:34:24.290+0000] {logging_mixin.py:188} INFO - [2024-05-21T09:34:24.290+0000] {dag.py:3954} INFO - Setting next_dagrun for conditional_dataset_and_time_based_timetable to 2024-05-15 01:00:00+00:00, run_after=2024-05-15 01:00:00+00:00
[2024-05-21T09:34:24.294+0000] {logging_mixin.py:188} INFO - [2024-05-21T09:34:24.293+0000] {dag.py:3954} INFO - Setting next_dagrun for consume_1_and_2_with_dataset_expressions to None, run_after=None
[2024-05-21T09:34:24.295+0000] {logging_mixin.py:188} INFO - [2024-05-21T09:34:24.295+0000] {dag.py:3954} INFO - Setting next_dagrun for consume_1_or_2_with_dataset_expressions to None, run_after=None
[2024-05-21T09:34:24.297+0000] {logging_mixin.py:188} INFO - [2024-05-21T09:34:24.297+0000] {dag.py:3954} INFO - Setting next_dagrun for consume_1_or_both_2_and_3_with_dataset_expressions to None, run_after=None
[2024-05-21T09:34:24.298+0000] {logging_mixin.py:188} INFO - [2024-05-21T09:34:24.298+0000] {dag.py:3954} INFO - Setting next_dagrun for dataset_consumes_1 to None, run_after=None
[2024-05-21T09:34:24.300+0000] {logging_mixin.py:188} INFO - [2024-05-21T09:34:24.300+0000] {dag.py:3954} INFO - Setting next_dagrun for dataset_consumes_1_and_2 to None, run_after=None
[2024-05-21T09:34:24.302+0000] {logging_mixin.py:188} INFO - [2024-05-21T09:34:24.302+0000] {dag.py:3954} INFO - Setting next_dagrun for dataset_consumes_1_never_scheduled to None, run_after=None
[2024-05-21T09:34:24.303+0000] {logging_mixin.py:188} INFO - [2024-05-21T09:34:24.303+0000] {dag.py:3954} INFO - Setting next_dagrun for dataset_consumes_unknown_never_scheduled to None, run_after=None
[2024-05-21T09:34:24.305+0000] {logging_mixin.py:188} INFO - [2024-05-21T09:34:24.305+0000] {dag.py:3954} INFO - Setting next_dagrun for dataset_produces_1 to 2024-05-20 00:00:00+00:00, run_after=2024-05-21 00:00:00+00:00
[2024-05-21T09:34:24.307+0000] {logging_mixin.py:188} INFO - [2024-05-21T09:34:24.307+0000] {dag.py:3954} INFO - Setting next_dagrun for dataset_produces_2 to None, run_after=None
[2024-05-21T09:34:24.333+0000] {processor.py:183} INFO - Processing /home/airflow/.local/lib/python3.12/site-packages/airflow/example_dags/example_datasets.py took 0.114 seconds
