[2024-05-21T09:33:21.143+0000] {processor.py:161} INFO - Started process (PID=65) to work on /home/airflow/.local/lib/python3.12/site-packages/airflow/example_dags/example_branch_labels.py
[2024-05-21T09:33:21.145+0000] {processor.py:830} INFO - Processing file /home/airflow/.local/lib/python3.12/site-packages/airflow/example_dags/example_branch_labels.py for tasks to queue
[2024-05-21T09:33:21.147+0000] {logging_mixin.py:188} INFO - [2024-05-21T09:33:21.146+0000] {dagbag.py:545} INFO - Filling up the DagBag from /home/airflow/.local/lib/python3.12/site-packages/airflow/example_dags/example_branch_labels.py
[2024-05-21T09:33:21.155+0000] {processor.py:840} INFO - DAG(s) 'example_branch_labels' retrieved from /home/airflow/.local/lib/python3.12/site-packages/airflow/example_dags/example_branch_labels.py
[2024-05-21T09:33:21.232+0000] {logging_mixin.py:188} INFO - [2024-05-21T09:33:21.232+0000] {override.py:1829} INFO - Created Permission View: can read on DAG:example_branch_labels
[2024-05-21T09:33:21.240+0000] {logging_mixin.py:188} INFO - [2024-05-21T09:33:21.240+0000] {override.py:1829} INFO - Created Permission View: can edit on DAG:example_branch_labels
[2024-05-21T09:33:21.245+0000] {logging_mixin.py:188} INFO - [2024-05-21T09:33:21.245+0000] {override.py:1829} INFO - Created Permission View: can delete on DAG:example_branch_labels
[2024-05-21T09:33:21.246+0000] {logging_mixin.py:188} INFO - [2024-05-21T09:33:21.246+0000] {dag.py:3096} INFO - Sync 1 DAGs
[2024-05-21T09:33:21.254+0000] {logging_mixin.py:188} INFO - [2024-05-21T09:33:21.254+0000] {dag.py:3118} INFO - Creating ORM DAG for example_branch_labels
[2024-05-21T09:33:21.262+0000] {logging_mixin.py:188} INFO - [2024-05-21T09:33:21.261+0000] {dag.py:3954} INFO - Setting next_dagrun for example_branch_labels to 2024-05-20 00:00:00+00:00, run_after=2024-05-21 00:00:00+00:00
[2024-05-21T09:33:21.275+0000] {processor.py:183} INFO - Processing /home/airflow/.local/lib/python3.12/site-packages/airflow/example_dags/example_branch_labels.py took 0.136 seconds
[2024-05-21T09:33:52.003+0000] {processor.py:161} INFO - Started process (PID=123) to work on /home/airflow/.local/lib/python3.12/site-packages/airflow/example_dags/example_branch_labels.py
[2024-05-21T09:33:52.004+0000] {processor.py:830} INFO - Processing file /home/airflow/.local/lib/python3.12/site-packages/airflow/example_dags/example_branch_labels.py for tasks to queue
[2024-05-21T09:33:52.006+0000] {logging_mixin.py:188} INFO - [2024-05-21T09:33:52.005+0000] {dagbag.py:545} INFO - Filling up the DagBag from /home/airflow/.local/lib/python3.12/site-packages/airflow/example_dags/example_branch_labels.py
[2024-05-21T09:33:52.012+0000] {processor.py:840} INFO - DAG(s) 'example_branch_labels' retrieved from /home/airflow/.local/lib/python3.12/site-packages/airflow/example_dags/example_branch_labels.py
[2024-05-21T09:33:52.028+0000] {logging_mixin.py:188} INFO - [2024-05-21T09:33:52.028+0000] {dag.py:3096} INFO - Sync 1 DAGs
[2024-05-21T09:33:52.044+0000] {logging_mixin.py:188} INFO - [2024-05-21T09:33:52.043+0000] {dag.py:3954} INFO - Setting next_dagrun for example_branch_labels to 2024-05-20 00:00:00+00:00, run_after=2024-05-21 00:00:00+00:00
[2024-05-21T09:33:52.066+0000] {processor.py:183} INFO - Processing /home/airflow/.local/lib/python3.12/site-packages/airflow/example_dags/example_branch_labels.py took 0.067 seconds
[2024-05-21T09:34:22.136+0000] {processor.py:161} INFO - Started process (PID=181) to work on /home/airflow/.local/lib/python3.12/site-packages/airflow/example_dags/example_branch_labels.py
[2024-05-21T09:34:22.137+0000] {processor.py:830} INFO - Processing file /home/airflow/.local/lib/python3.12/site-packages/airflow/example_dags/example_branch_labels.py for tasks to queue
[2024-05-21T09:34:22.139+0000] {logging_mixin.py:188} INFO - [2024-05-21T09:34:22.139+0000] {dagbag.py:545} INFO - Filling up the DagBag from /home/airflow/.local/lib/python3.12/site-packages/airflow/example_dags/example_branch_labels.py
[2024-05-21T09:34:22.145+0000] {processor.py:840} INFO - DAG(s) 'example_branch_labels' retrieved from /home/airflow/.local/lib/python3.12/site-packages/airflow/example_dags/example_branch_labels.py
[2024-05-21T09:34:22.164+0000] {logging_mixin.py:188} INFO - [2024-05-21T09:34:22.164+0000] {dag.py:3096} INFO - Sync 1 DAGs
[2024-05-21T09:34:22.182+0000] {logging_mixin.py:188} INFO - [2024-05-21T09:34:22.182+0000] {dag.py:3954} INFO - Setting next_dagrun for example_branch_labels to 2024-05-20 00:00:00+00:00, run_after=2024-05-21 00:00:00+00:00
[2024-05-21T09:34:22.198+0000] {processor.py:183} INFO - Processing /home/airflow/.local/lib/python3.12/site-packages/airflow/example_dags/example_branch_labels.py took 0.066 seconds
