[2024-05-21T09:33:21.407+0000] {processor.py:161} INFO - Started process (PID=68) to work on /home/airflow/.local/lib/python3.12/site-packages/airflow/example_dags/example_latest_only_with_trigger.py
[2024-05-21T09:33:21.408+0000] {processor.py:830} INFO - Processing file /home/airflow/.local/lib/python3.12/site-packages/airflow/example_dags/example_latest_only_with_trigger.py for tasks to queue
[2024-05-21T09:33:21.410+0000] {logging_mixin.py:188} INFO - [2024-05-21T09:33:21.410+0000] {dagbag.py:545} INFO - Filling up the DagBag from /home/airflow/.local/lib/python3.12/site-packages/airflow/example_dags/example_latest_only_with_trigger.py
[2024-05-21T09:33:21.416+0000] {processor.py:840} INFO - DAG(s) 'latest_only_with_trigger' retrieved from /home/airflow/.local/lib/python3.12/site-packages/airflow/example_dags/example_latest_only_with_trigger.py
[2024-05-21T09:33:21.500+0000] {logging_mixin.py:188} INFO - [2024-05-21T09:33:21.499+0000] {override.py:1829} INFO - Created Permission View: can read on DAG:latest_only_with_trigger
[2024-05-21T09:33:21.507+0000] {logging_mixin.py:188} INFO - [2024-05-21T09:33:21.507+0000] {override.py:1829} INFO - Created Permission View: can edit on DAG:latest_only_with_trigger
[2024-05-21T09:33:21.512+0000] {logging_mixin.py:188} INFO - [2024-05-21T09:33:21.512+0000] {override.py:1829} INFO - Created Permission View: can delete on DAG:latest_only_with_trigger
[2024-05-21T09:33:21.513+0000] {logging_mixin.py:188} INFO - [2024-05-21T09:33:21.513+0000] {dag.py:3096} INFO - Sync 1 DAGs
[2024-05-21T09:33:21.521+0000] {logging_mixin.py:188} INFO - [2024-05-21T09:33:21.521+0000] {dag.py:3118} INFO - Creating ORM DAG for latest_only_with_trigger
[2024-05-21T09:33:21.530+0000] {logging_mixin.py:188} INFO - [2024-05-21T09:33:21.530+0000] {dag.py:3954} INFO - Setting next_dagrun for latest_only_with_trigger to 2024-05-21 04:00:00+00:00, run_after=2024-05-21 08:00:00+00:00
[2024-05-21T09:33:21.545+0000] {processor.py:183} INFO - Processing /home/airflow/.local/lib/python3.12/site-packages/airflow/example_dags/example_latest_only_with_trigger.py took 0.142 seconds
[2024-05-21T09:33:52.105+0000] {processor.py:161} INFO - Started process (PID=126) to work on /home/airflow/.local/lib/python3.12/site-packages/airflow/example_dags/example_latest_only_with_trigger.py
[2024-05-21T09:33:52.106+0000] {processor.py:830} INFO - Processing file /home/airflow/.local/lib/python3.12/site-packages/airflow/example_dags/example_latest_only_with_trigger.py for tasks to queue
[2024-05-21T09:33:52.107+0000] {logging_mixin.py:188} INFO - [2024-05-21T09:33:52.107+0000] {dagbag.py:545} INFO - Filling up the DagBag from /home/airflow/.local/lib/python3.12/site-packages/airflow/example_dags/example_latest_only_with_trigger.py
[2024-05-21T09:33:52.112+0000] {processor.py:840} INFO - DAG(s) 'latest_only_with_trigger' retrieved from /home/airflow/.local/lib/python3.12/site-packages/airflow/example_dags/example_latest_only_with_trigger.py
[2024-05-21T09:33:52.127+0000] {logging_mixin.py:188} INFO - [2024-05-21T09:33:52.127+0000] {dag.py:3096} INFO - Sync 1 DAGs
[2024-05-21T09:33:52.144+0000] {logging_mixin.py:188} INFO - [2024-05-21T09:33:52.144+0000] {dag.py:3954} INFO - Setting next_dagrun for latest_only_with_trigger to 2024-05-21 04:00:00+00:00, run_after=2024-05-21 08:00:00+00:00
[2024-05-21T09:33:52.159+0000] {processor.py:183} INFO - Processing /home/airflow/.local/lib/python3.12/site-packages/airflow/example_dags/example_latest_only_with_trigger.py took 0.059 seconds
[2024-05-21T09:34:22.262+0000] {processor.py:161} INFO - Started process (PID=184) to work on /home/airflow/.local/lib/python3.12/site-packages/airflow/example_dags/example_latest_only_with_trigger.py
[2024-05-21T09:34:22.263+0000] {processor.py:830} INFO - Processing file /home/airflow/.local/lib/python3.12/site-packages/airflow/example_dags/example_latest_only_with_trigger.py for tasks to queue
[2024-05-21T09:34:22.264+0000] {logging_mixin.py:188} INFO - [2024-05-21T09:34:22.264+0000] {dagbag.py:545} INFO - Filling up the DagBag from /home/airflow/.local/lib/python3.12/site-packages/airflow/example_dags/example_latest_only_with_trigger.py
[2024-05-21T09:34:22.270+0000] {processor.py:840} INFO - DAG(s) 'latest_only_with_trigger' retrieved from /home/airflow/.local/lib/python3.12/site-packages/airflow/example_dags/example_latest_only_with_trigger.py
[2024-05-21T09:34:22.285+0000] {logging_mixin.py:188} INFO - [2024-05-21T09:34:22.285+0000] {dag.py:3096} INFO - Sync 1 DAGs
[2024-05-21T09:34:22.305+0000] {logging_mixin.py:188} INFO - [2024-05-21T09:34:22.305+0000] {dag.py:3954} INFO - Setting next_dagrun for latest_only_with_trigger to 2024-05-21 04:00:00+00:00, run_after=2024-05-21 08:00:00+00:00
[2024-05-21T09:34:22.321+0000] {processor.py:183} INFO - Processing /home/airflow/.local/lib/python3.12/site-packages/airflow/example_dags/example_latest_only_with_trigger.py took 0.064 seconds
