[2024-05-21T09:33:18.813+0000] {processor.py:161} INFO - Started process (PID=45) to work on /home/airflow/.local/lib/python3.12/site-packages/airflow/example_dags/example_latest_only.py
[2024-05-21T09:33:18.814+0000] {processor.py:830} INFO - Processing file /home/airflow/.local/lib/python3.12/site-packages/airflow/example_dags/example_latest_only.py for tasks to queue
[2024-05-21T09:33:18.815+0000] {logging_mixin.py:188} INFO - [2024-05-21T09:33:18.815+0000] {dagbag.py:545} INFO - Filling up the DagBag from /home/airflow/.local/lib/python3.12/site-packages/airflow/example_dags/example_latest_only.py
[2024-05-21T09:33:18.825+0000] {processor.py:840} INFO - DAG(s) 'latest_only' retrieved from /home/airflow/.local/lib/python3.12/site-packages/airflow/example_dags/example_latest_only.py
[2024-05-21T09:33:19.015+0000] {logging_mixin.py:188} INFO - [2024-05-21T09:33:19.014+0000] {override.py:1829} INFO - Created Permission View: can read on DAG:latest_only
[2024-05-21T09:33:19.024+0000] {logging_mixin.py:188} INFO - [2024-05-21T09:33:19.024+0000] {override.py:1829} INFO - Created Permission View: can edit on DAG:latest_only
[2024-05-21T09:33:19.030+0000] {logging_mixin.py:188} INFO - [2024-05-21T09:33:19.029+0000] {override.py:1829} INFO - Created Permission View: can delete on DAG:latest_only
[2024-05-21T09:33:19.031+0000] {logging_mixin.py:188} INFO - [2024-05-21T09:33:19.031+0000] {dag.py:3096} INFO - Sync 1 DAGs
[2024-05-21T09:33:19.040+0000] {logging_mixin.py:188} INFO - [2024-05-21T09:33:19.040+0000] {dag.py:3118} INFO - Creating ORM DAG for latest_only
[2024-05-21T09:33:19.048+0000] {logging_mixin.py:188} INFO - [2024-05-21T09:33:19.048+0000] {dag.py:3954} INFO - Setting next_dagrun for latest_only to 2024-05-21 04:00:00+00:00, run_after=2024-05-21 08:00:00+00:00
[2024-05-21T09:33:19.062+0000] {processor.py:183} INFO - Processing /home/airflow/.local/lib/python3.12/site-packages/airflow/example_dags/example_latest_only.py took 0.253 seconds
[2024-05-21T09:33:49.704+0000] {processor.py:161} INFO - Started process (PID=103) to work on /home/airflow/.local/lib/python3.12/site-packages/airflow/example_dags/example_latest_only.py
[2024-05-21T09:33:49.705+0000] {processor.py:830} INFO - Processing file /home/airflow/.local/lib/python3.12/site-packages/airflow/example_dags/example_latest_only.py for tasks to queue
[2024-05-21T09:33:49.706+0000] {logging_mixin.py:188} INFO - [2024-05-21T09:33:49.706+0000] {dagbag.py:545} INFO - Filling up the DagBag from /home/airflow/.local/lib/python3.12/site-packages/airflow/example_dags/example_latest_only.py
[2024-05-21T09:33:49.712+0000] {processor.py:840} INFO - DAG(s) 'latest_only' retrieved from /home/airflow/.local/lib/python3.12/site-packages/airflow/example_dags/example_latest_only.py
[2024-05-21T09:33:49.729+0000] {logging_mixin.py:188} INFO - [2024-05-21T09:33:49.729+0000] {dag.py:3096} INFO - Sync 1 DAGs
[2024-05-21T09:33:49.746+0000] {logging_mixin.py:188} INFO - [2024-05-21T09:33:49.745+0000] {dag.py:3954} INFO - Setting next_dagrun for latest_only to 2024-05-21 04:00:00+00:00, run_after=2024-05-21 08:00:00+00:00
[2024-05-21T09:33:49.774+0000] {processor.py:183} INFO - Processing /home/airflow/.local/lib/python3.12/site-packages/airflow/example_dags/example_latest_only.py took 0.074 seconds
[2024-05-21T09:34:20.106+0000] {processor.py:161} INFO - Started process (PID=161) to work on /home/airflow/.local/lib/python3.12/site-packages/airflow/example_dags/example_latest_only.py
[2024-05-21T09:34:20.108+0000] {processor.py:830} INFO - Processing file /home/airflow/.local/lib/python3.12/site-packages/airflow/example_dags/example_latest_only.py for tasks to queue
[2024-05-21T09:34:20.110+0000] {logging_mixin.py:188} INFO - [2024-05-21T09:34:20.109+0000] {dagbag.py:545} INFO - Filling up the DagBag from /home/airflow/.local/lib/python3.12/site-packages/airflow/example_dags/example_latest_only.py
[2024-05-21T09:34:20.114+0000] {processor.py:840} INFO - DAG(s) 'latest_only' retrieved from /home/airflow/.local/lib/python3.12/site-packages/airflow/example_dags/example_latest_only.py
[2024-05-21T09:34:20.132+0000] {logging_mixin.py:188} INFO - [2024-05-21T09:34:20.132+0000] {dag.py:3096} INFO - Sync 1 DAGs
[2024-05-21T09:34:20.152+0000] {logging_mixin.py:188} INFO - [2024-05-21T09:34:20.152+0000] {dag.py:3954} INFO - Setting next_dagrun for latest_only to 2024-05-21 04:00:00+00:00, run_after=2024-05-21 08:00:00+00:00
[2024-05-21T09:34:20.169+0000] {processor.py:183} INFO - Processing /home/airflow/.local/lib/python3.12/site-packages/airflow/example_dags/example_latest_only.py took 0.067 seconds
