[2024-05-21T09:33:19.658+0000] {processor.py:161} INFO - Started process (PID=51) to work on /home/airflow/.local/lib/python3.12/site-packages/airflow/example_dags/example_bash_operator.py
[2024-05-21T09:33:19.659+0000] {processor.py:830} INFO - Processing file /home/airflow/.local/lib/python3.12/site-packages/airflow/example_dags/example_bash_operator.py for tasks to queue
[2024-05-21T09:33:19.661+0000] {logging_mixin.py:188} INFO - [2024-05-21T09:33:19.661+0000] {dagbag.py:545} INFO - Filling up the DagBag from /home/airflow/.local/lib/python3.12/site-packages/airflow/example_dags/example_bash_operator.py
[2024-05-21T09:33:19.672+0000] {processor.py:840} INFO - DAG(s) 'example_bash_operator' retrieved from /home/airflow/.local/lib/python3.12/site-packages/airflow/example_dags/example_bash_operator.py
[2024-05-21T09:33:19.759+0000] {logging_mixin.py:188} INFO - [2024-05-21T09:33:19.758+0000] {override.py:1829} INFO - Created Permission View: can read on DAG:example_bash_operator
[2024-05-21T09:33:19.768+0000] {logging_mixin.py:188} INFO - [2024-05-21T09:33:19.768+0000] {override.py:1829} INFO - Created Permission View: can edit on DAG:example_bash_operator
[2024-05-21T09:33:19.775+0000] {logging_mixin.py:188} INFO - [2024-05-21T09:33:19.775+0000] {override.py:1829} INFO - Created Permission View: can delete on DAG:example_bash_operator
[2024-05-21T09:33:19.776+0000] {logging_mixin.py:188} INFO - [2024-05-21T09:33:19.775+0000] {dag.py:3096} INFO - Sync 1 DAGs
[2024-05-21T09:33:19.784+0000] {logging_mixin.py:188} INFO - [2024-05-21T09:33:19.784+0000] {dag.py:3118} INFO - Creating ORM DAG for example_bash_operator
[2024-05-21T09:33:19.794+0000] {logging_mixin.py:188} INFO - [2024-05-21T09:33:19.794+0000] {dag.py:3954} INFO - Setting next_dagrun for example_bash_operator to 2024-05-20 00:00:00+00:00, run_after=2024-05-21 00:00:00+00:00
[2024-05-21T09:33:19.809+0000] {processor.py:183} INFO - Processing /home/airflow/.local/lib/python3.12/site-packages/airflow/example_dags/example_bash_operator.py took 0.155 seconds
[2024-05-21T09:33:50.127+0000] {processor.py:161} INFO - Started process (PID=109) to work on /home/airflow/.local/lib/python3.12/site-packages/airflow/example_dags/example_bash_operator.py
[2024-05-21T09:33:50.129+0000] {processor.py:830} INFO - Processing file /home/airflow/.local/lib/python3.12/site-packages/airflow/example_dags/example_bash_operator.py for tasks to queue
[2024-05-21T09:33:50.130+0000] {logging_mixin.py:188} INFO - [2024-05-21T09:33:50.130+0000] {dagbag.py:545} INFO - Filling up the DagBag from /home/airflow/.local/lib/python3.12/site-packages/airflow/example_dags/example_bash_operator.py
[2024-05-21T09:33:50.143+0000] {processor.py:840} INFO - DAG(s) 'example_bash_operator' retrieved from /home/airflow/.local/lib/python3.12/site-packages/airflow/example_dags/example_bash_operator.py
[2024-05-21T09:33:50.169+0000] {logging_mixin.py:188} INFO - [2024-05-21T09:33:50.168+0000] {dag.py:3096} INFO - Sync 1 DAGs
[2024-05-21T09:33:50.187+0000] {logging_mixin.py:188} INFO - [2024-05-21T09:33:50.187+0000] {dag.py:3954} INFO - Setting next_dagrun for example_bash_operator to 2024-05-20 00:00:00+00:00, run_after=2024-05-21 00:00:00+00:00
[2024-05-21T09:33:50.209+0000] {processor.py:183} INFO - Processing /home/airflow/.local/lib/python3.12/site-packages/airflow/example_dags/example_bash_operator.py took 0.086 seconds
[2024-05-21T09:34:20.418+0000] {processor.py:161} INFO - Started process (PID=167) to work on /home/airflow/.local/lib/python3.12/site-packages/airflow/example_dags/example_bash_operator.py
[2024-05-21T09:34:20.419+0000] {processor.py:830} INFO - Processing file /home/airflow/.local/lib/python3.12/site-packages/airflow/example_dags/example_bash_operator.py for tasks to queue
[2024-05-21T09:34:20.421+0000] {logging_mixin.py:188} INFO - [2024-05-21T09:34:20.420+0000] {dagbag.py:545} INFO - Filling up the DagBag from /home/airflow/.local/lib/python3.12/site-packages/airflow/example_dags/example_bash_operator.py
[2024-05-21T09:34:20.429+0000] {processor.py:840} INFO - DAG(s) 'example_bash_operator' retrieved from /home/airflow/.local/lib/python3.12/site-packages/airflow/example_dags/example_bash_operator.py
[2024-05-21T09:34:20.452+0000] {logging_mixin.py:188} INFO - [2024-05-21T09:34:20.452+0000] {dag.py:3096} INFO - Sync 1 DAGs
[2024-05-21T09:34:20.469+0000] {logging_mixin.py:188} INFO - [2024-05-21T09:34:20.469+0000] {dag.py:3954} INFO - Setting next_dagrun for example_bash_operator to 2024-05-20 00:00:00+00:00, run_after=2024-05-21 00:00:00+00:00
[2024-05-21T09:34:20.486+0000] {processor.py:183} INFO - Processing /home/airflow/.local/lib/python3.12/site-packages/airflow/example_dags/example_bash_operator.py took 0.072 seconds
