[2024-05-21T09:33:21.623+0000] {processor.py:161} INFO - Started process (PID=71) to work on /home/airflow/.local/lib/python3.12/site-packages/airflow/example_dags/example_setup_teardown_taskflow.py
[2024-05-21T09:33:21.624+0000] {processor.py:830} INFO - Processing file /home/airflow/.local/lib/python3.12/site-packages/airflow/example_dags/example_setup_teardown_taskflow.py for tasks to queue
[2024-05-21T09:33:21.626+0000] {logging_mixin.py:188} INFO - [2024-05-21T09:33:21.626+0000] {dagbag.py:545} INFO - Filling up the DagBag from /home/airflow/.local/lib/python3.12/site-packages/airflow/example_dags/example_setup_teardown_taskflow.py
[2024-05-21T09:33:21.635+0000] {processor.py:840} INFO - DAG(s) 'example_setup_teardown_taskflow' retrieved from /home/airflow/.local/lib/python3.12/site-packages/airflow/example_dags/example_setup_teardown_taskflow.py
[2024-05-21T09:33:21.713+0000] {logging_mixin.py:188} INFO - [2024-05-21T09:33:21.713+0000] {override.py:1829} INFO - Created Permission View: can read on DAG:example_setup_teardown_taskflow
[2024-05-21T09:33:21.721+0000] {logging_mixin.py:188} INFO - [2024-05-21T09:33:21.721+0000] {override.py:1829} INFO - Created Permission View: can edit on DAG:example_setup_teardown_taskflow
[2024-05-21T09:33:21.727+0000] {logging_mixin.py:188} INFO - [2024-05-21T09:33:21.727+0000] {override.py:1829} INFO - Created Permission View: can delete on DAG:example_setup_teardown_taskflow
[2024-05-21T09:33:21.728+0000] {logging_mixin.py:188} INFO - [2024-05-21T09:33:21.728+0000] {dag.py:3096} INFO - Sync 1 DAGs
[2024-05-21T09:33:21.739+0000] {logging_mixin.py:188} INFO - [2024-05-21T09:33:21.739+0000] {dag.py:3118} INFO - Creating ORM DAG for example_setup_teardown_taskflow
[2024-05-21T09:33:21.746+0000] {logging_mixin.py:188} INFO - [2024-05-21T09:33:21.746+0000] {dag.py:3954} INFO - Setting next_dagrun for example_setup_teardown_taskflow to 2024-05-20 00:00:00+00:00, run_after=2024-05-21 00:00:00+00:00
[2024-05-21T09:33:21.761+0000] {processor.py:183} INFO - Processing /home/airflow/.local/lib/python3.12/site-packages/airflow/example_dags/example_setup_teardown_taskflow.py took 0.143 seconds
[2024-05-21T09:33:52.264+0000] {processor.py:161} INFO - Started process (PID=129) to work on /home/airflow/.local/lib/python3.12/site-packages/airflow/example_dags/example_setup_teardown_taskflow.py
[2024-05-21T09:33:52.265+0000] {processor.py:830} INFO - Processing file /home/airflow/.local/lib/python3.12/site-packages/airflow/example_dags/example_setup_teardown_taskflow.py for tasks to queue
[2024-05-21T09:33:52.266+0000] {logging_mixin.py:188} INFO - [2024-05-21T09:33:52.266+0000] {dagbag.py:545} INFO - Filling up the DagBag from /home/airflow/.local/lib/python3.12/site-packages/airflow/example_dags/example_setup_teardown_taskflow.py
[2024-05-21T09:33:52.274+0000] {processor.py:840} INFO - DAG(s) 'example_setup_teardown_taskflow' retrieved from /home/airflow/.local/lib/python3.12/site-packages/airflow/example_dags/example_setup_teardown_taskflow.py
[2024-05-21T09:33:52.290+0000] {logging_mixin.py:188} INFO - [2024-05-21T09:33:52.290+0000] {dag.py:3096} INFO - Sync 1 DAGs
[2024-05-21T09:33:52.307+0000] {logging_mixin.py:188} INFO - [2024-05-21T09:33:52.306+0000] {dag.py:3954} INFO - Setting next_dagrun for example_setup_teardown_taskflow to 2024-05-20 00:00:00+00:00, run_after=2024-05-21 00:00:00+00:00
[2024-05-21T09:33:52.332+0000] {processor.py:183} INFO - Processing /home/airflow/.local/lib/python3.12/site-packages/airflow/example_dags/example_setup_teardown_taskflow.py took 0.073 seconds
[2024-05-21T09:34:22.390+0000] {processor.py:161} INFO - Started process (PID=187) to work on /home/airflow/.local/lib/python3.12/site-packages/airflow/example_dags/example_setup_teardown_taskflow.py
[2024-05-21T09:34:22.391+0000] {processor.py:830} INFO - Processing file /home/airflow/.local/lib/python3.12/site-packages/airflow/example_dags/example_setup_teardown_taskflow.py for tasks to queue
[2024-05-21T09:34:22.393+0000] {logging_mixin.py:188} INFO - [2024-05-21T09:34:22.393+0000] {dagbag.py:545} INFO - Filling up the DagBag from /home/airflow/.local/lib/python3.12/site-packages/airflow/example_dags/example_setup_teardown_taskflow.py
[2024-05-21T09:34:22.401+0000] {processor.py:840} INFO - DAG(s) 'example_setup_teardown_taskflow' retrieved from /home/airflow/.local/lib/python3.12/site-packages/airflow/example_dags/example_setup_teardown_taskflow.py
[2024-05-21T09:34:22.418+0000] {logging_mixin.py:188} INFO - [2024-05-21T09:34:22.418+0000] {dag.py:3096} INFO - Sync 1 DAGs
[2024-05-21T09:34:22.439+0000] {logging_mixin.py:188} INFO - [2024-05-21T09:34:22.439+0000] {dag.py:3954} INFO - Setting next_dagrun for example_setup_teardown_taskflow to 2024-05-20 00:00:00+00:00, run_after=2024-05-21 00:00:00+00:00
[2024-05-21T09:34:22.458+0000] {processor.py:183} INFO - Processing /home/airflow/.local/lib/python3.12/site-packages/airflow/example_dags/example_setup_teardown_taskflow.py took 0.071 seconds
