[2024-05-21T09:33:23.402+0000] {processor.py:161} INFO - Started process (PID=89) to work on /home/airflow/.local/lib/python3.12/site-packages/airflow/example_dags/example_short_circuit_decorator.py
[2024-05-21T09:33:23.404+0000] {processor.py:830} INFO - Processing file /home/airflow/.local/lib/python3.12/site-packages/airflow/example_dags/example_short_circuit_decorator.py for tasks to queue
[2024-05-21T09:33:23.406+0000] {logging_mixin.py:188} INFO - [2024-05-21T09:33:23.406+0000] {dagbag.py:545} INFO - Filling up the DagBag from /home/airflow/.local/lib/python3.12/site-packages/airflow/example_dags/example_short_circuit_decorator.py
[2024-05-21T09:33:23.414+0000] {processor.py:840} INFO - DAG(s) 'example_short_circuit_decorator' retrieved from /home/airflow/.local/lib/python3.12/site-packages/airflow/example_dags/example_short_circuit_decorator.py
[2024-05-21T09:33:23.491+0000] {logging_mixin.py:188} INFO - [2024-05-21T09:33:23.490+0000] {override.py:1829} INFO - Created Permission View: can read on DAG:example_short_circuit_decorator
[2024-05-21T09:33:23.501+0000] {logging_mixin.py:188} INFO - [2024-05-21T09:33:23.501+0000] {override.py:1829} INFO - Created Permission View: can edit on DAG:example_short_circuit_decorator
[2024-05-21T09:33:23.507+0000] {logging_mixin.py:188} INFO - [2024-05-21T09:33:23.507+0000] {override.py:1829} INFO - Created Permission View: can delete on DAG:example_short_circuit_decorator
[2024-05-21T09:33:23.508+0000] {logging_mixin.py:188} INFO - [2024-05-21T09:33:23.508+0000] {dag.py:3096} INFO - Sync 1 DAGs
[2024-05-21T09:33:23.516+0000] {logging_mixin.py:188} INFO - [2024-05-21T09:33:23.516+0000] {dag.py:3118} INFO - Creating ORM DAG for example_short_circuit_decorator
[2024-05-21T09:33:23.525+0000] {logging_mixin.py:188} INFO - [2024-05-21T09:33:23.524+0000] {dag.py:3954} INFO - Setting next_dagrun for example_short_circuit_decorator to 2024-05-20 00:00:00+00:00, run_after=2024-05-21 00:00:00+00:00
[2024-05-21T09:33:23.538+0000] {processor.py:183} INFO - Processing /home/airflow/.local/lib/python3.12/site-packages/airflow/example_dags/example_short_circuit_decorator.py took 0.140 seconds
[2024-05-21T09:33:53.800+0000] {processor.py:161} INFO - Started process (PID=147) to work on /home/airflow/.local/lib/python3.12/site-packages/airflow/example_dags/example_short_circuit_decorator.py
[2024-05-21T09:33:53.801+0000] {processor.py:830} INFO - Processing file /home/airflow/.local/lib/python3.12/site-packages/airflow/example_dags/example_short_circuit_decorator.py for tasks to queue
[2024-05-21T09:33:53.803+0000] {logging_mixin.py:188} INFO - [2024-05-21T09:33:53.803+0000] {dagbag.py:545} INFO - Filling up the DagBag from /home/airflow/.local/lib/python3.12/site-packages/airflow/example_dags/example_short_circuit_decorator.py
[2024-05-21T09:33:53.811+0000] {processor.py:840} INFO - DAG(s) 'example_short_circuit_decorator' retrieved from /home/airflow/.local/lib/python3.12/site-packages/airflow/example_dags/example_short_circuit_decorator.py
[2024-05-21T09:33:53.830+0000] {logging_mixin.py:188} INFO - [2024-05-21T09:33:53.830+0000] {dag.py:3096} INFO - Sync 1 DAGs
[2024-05-21T09:33:53.848+0000] {logging_mixin.py:188} INFO - [2024-05-21T09:33:53.848+0000] {dag.py:3954} INFO - Setting next_dagrun for example_short_circuit_decorator to 2024-05-20 00:00:00+00:00, run_after=2024-05-21 00:00:00+00:00
[2024-05-21T09:33:53.865+0000] {processor.py:183} INFO - Processing /home/airflow/.local/lib/python3.12/site-packages/airflow/example_dags/example_short_circuit_decorator.py took 0.069 seconds
[2024-05-21T09:34:24.475+0000] {processor.py:161} INFO - Started process (PID=205) to work on /home/airflow/.local/lib/python3.12/site-packages/airflow/example_dags/example_short_circuit_decorator.py
[2024-05-21T09:34:24.477+0000] {processor.py:830} INFO - Processing file /home/airflow/.local/lib/python3.12/site-packages/airflow/example_dags/example_short_circuit_decorator.py for tasks to queue
[2024-05-21T09:34:24.479+0000] {logging_mixin.py:188} INFO - [2024-05-21T09:34:24.478+0000] {dagbag.py:545} INFO - Filling up the DagBag from /home/airflow/.local/lib/python3.12/site-packages/airflow/example_dags/example_short_circuit_decorator.py
[2024-05-21T09:34:24.487+0000] {processor.py:840} INFO - DAG(s) 'example_short_circuit_decorator' retrieved from /home/airflow/.local/lib/python3.12/site-packages/airflow/example_dags/example_short_circuit_decorator.py
[2024-05-21T09:34:24.505+0000] {logging_mixin.py:188} INFO - [2024-05-21T09:34:24.505+0000] {dag.py:3096} INFO - Sync 1 DAGs
[2024-05-21T09:34:24.522+0000] {logging_mixin.py:188} INFO - [2024-05-21T09:34:24.522+0000] {dag.py:3954} INFO - Setting next_dagrun for example_short_circuit_decorator to 2024-05-20 00:00:00+00:00, run_after=2024-05-21 00:00:00+00:00
[2024-05-21T09:34:24.537+0000] {processor.py:183} INFO - Processing /home/airflow/.local/lib/python3.12/site-packages/airflow/example_dags/example_short_circuit_decorator.py took 0.066 seconds
