[2024-05-21T09:33:18.811+0000] {processor.py:161} INFO - Started process (PID=44) to work on /home/airflow/.local/lib/python3.12/site-packages/airflow/example_dags/example_params_trigger_ui.py
[2024-05-21T09:33:18.812+0000] {processor.py:830} INFO - Processing file /home/airflow/.local/lib/python3.12/site-packages/airflow/example_dags/example_params_trigger_ui.py for tasks to queue
[2024-05-21T09:33:18.814+0000] {logging_mixin.py:188} INFO - [2024-05-21T09:33:18.814+0000] {dagbag.py:545} INFO - Filling up the DagBag from /home/airflow/.local/lib/python3.12/site-packages/airflow/example_dags/example_params_trigger_ui.py
[2024-05-21T09:33:18.834+0000] {processor.py:840} INFO - DAG(s) 'example_params_trigger_ui' retrieved from /home/airflow/.local/lib/python3.12/site-packages/airflow/example_dags/example_params_trigger_ui.py
[2024-05-21T09:33:19.012+0000] {logging_mixin.py:188} INFO - [2024-05-21T09:33:19.012+0000] {override.py:1829} INFO - Created Permission View: can read on DAG:example_params_trigger_ui
[2024-05-21T09:33:19.021+0000] {logging_mixin.py:188} INFO - [2024-05-21T09:33:19.020+0000] {override.py:1829} INFO - Created Permission View: can edit on DAG:example_params_trigger_ui
[2024-05-21T09:33:19.028+0000] {logging_mixin.py:188} INFO - [2024-05-21T09:33:19.027+0000] {override.py:1829} INFO - Created Permission View: can delete on DAG:example_params_trigger_ui
[2024-05-21T09:33:19.029+0000] {logging_mixin.py:188} INFO - [2024-05-21T09:33:19.029+0000] {dag.py:3096} INFO - Sync 1 DAGs
[2024-05-21T09:33:19.039+0000] {logging_mixin.py:188} INFO - [2024-05-21T09:33:19.038+0000] {dag.py:3118} INFO - Creating ORM DAG for example_params_trigger_ui
[2024-05-21T09:33:19.040+0000] {logging_mixin.py:188} INFO - [2024-05-21T09:33:19.040+0000] {dag.py:3954} INFO - Setting next_dagrun for example_params_trigger_ui to None, run_after=None
[2024-05-21T09:33:19.057+0000] {processor.py:183} INFO - Processing /home/airflow/.local/lib/python3.12/site-packages/airflow/example_dags/example_params_trigger_ui.py took 0.250 seconds
[2024-05-21T09:33:49.704+0000] {processor.py:161} INFO - Started process (PID=102) to work on /home/airflow/.local/lib/python3.12/site-packages/airflow/example_dags/example_params_trigger_ui.py
[2024-05-21T09:33:49.705+0000] {processor.py:830} INFO - Processing file /home/airflow/.local/lib/python3.12/site-packages/airflow/example_dags/example_params_trigger_ui.py for tasks to queue
[2024-05-21T09:33:49.706+0000] {logging_mixin.py:188} INFO - [2024-05-21T09:33:49.706+0000] {dagbag.py:545} INFO - Filling up the DagBag from /home/airflow/.local/lib/python3.12/site-packages/airflow/example_dags/example_params_trigger_ui.py
[2024-05-21T09:33:49.719+0000] {processor.py:840} INFO - DAG(s) 'example_params_trigger_ui' retrieved from /home/airflow/.local/lib/python3.12/site-packages/airflow/example_dags/example_params_trigger_ui.py
[2024-05-21T09:33:49.753+0000] {logging_mixin.py:188} INFO - [2024-05-21T09:33:49.752+0000] {dag.py:3096} INFO - Sync 1 DAGs
[2024-05-21T09:33:49.762+0000] {logging_mixin.py:188} INFO - [2024-05-21T09:33:49.762+0000] {dag.py:3954} INFO - Setting next_dagrun for example_params_trigger_ui to None, run_after=None
[2024-05-21T09:33:49.779+0000] {processor.py:183} INFO - Processing /home/airflow/.local/lib/python3.12/site-packages/airflow/example_dags/example_params_trigger_ui.py took 0.080 seconds
[2024-05-21T09:34:20.108+0000] {processor.py:161} INFO - Started process (PID=160) to work on /home/airflow/.local/lib/python3.12/site-packages/airflow/example_dags/example_params_trigger_ui.py
[2024-05-21T09:34:20.109+0000] {processor.py:830} INFO - Processing file /home/airflow/.local/lib/python3.12/site-packages/airflow/example_dags/example_params_trigger_ui.py for tasks to queue
[2024-05-21T09:34:20.111+0000] {logging_mixin.py:188} INFO - [2024-05-21T09:34:20.111+0000] {dagbag.py:545} INFO - Filling up the DagBag from /home/airflow/.local/lib/python3.12/site-packages/airflow/example_dags/example_params_trigger_ui.py
[2024-05-21T09:34:20.123+0000] {processor.py:840} INFO - DAG(s) 'example_params_trigger_ui' retrieved from /home/airflow/.local/lib/python3.12/site-packages/airflow/example_dags/example_params_trigger_ui.py
[2024-05-21T09:34:20.160+0000] {logging_mixin.py:188} INFO - [2024-05-21T09:34:20.160+0000] {dag.py:3096} INFO - Sync 1 DAGs
[2024-05-21T09:34:20.172+0000] {logging_mixin.py:188} INFO - [2024-05-21T09:34:20.172+0000] {dag.py:3954} INFO - Setting next_dagrun for example_params_trigger_ui to None, run_after=None
[2024-05-21T09:34:20.191+0000] {processor.py:183} INFO - Processing /home/airflow/.local/lib/python3.12/site-packages/airflow/example_dags/example_params_trigger_ui.py took 0.088 seconds
