[2024-05-21T09:33:20.343+0000] {processor.py:161} INFO - Started process (PID=58) to work on /home/airflow/.local/lib/python3.12/site-packages/airflow/example_dags/example_dag_decorator.py
[2024-05-21T09:33:20.344+0000] {processor.py:830} INFO - Processing file /home/airflow/.local/lib/python3.12/site-packages/airflow/example_dags/example_dag_decorator.py for tasks to queue
[2024-05-21T09:33:20.346+0000] {logging_mixin.py:188} INFO - [2024-05-21T09:33:20.346+0000] {dagbag.py:545} INFO - Filling up the DagBag from /home/airflow/.local/lib/python3.12/site-packages/airflow/example_dags/example_dag_decorator.py
[2024-05-21T09:33:20.524+0000] {processor.py:840} INFO - DAG(s) 'example_dag_decorator' retrieved from /home/airflow/.local/lib/python3.12/site-packages/airflow/example_dags/example_dag_decorator.py
[2024-05-21T09:33:20.620+0000] {logging_mixin.py:188} INFO - [2024-05-21T09:33:20.619+0000] {override.py:1829} INFO - Created Permission View: can read on DAG:example_dag_decorator
[2024-05-21T09:33:20.633+0000] {logging_mixin.py:188} INFO - [2024-05-21T09:33:20.632+0000] {override.py:1829} INFO - Created Permission View: can edit on DAG:example_dag_decorator
[2024-05-21T09:33:20.644+0000] {logging_mixin.py:188} INFO - [2024-05-21T09:33:20.644+0000] {override.py:1829} INFO - Created Permission View: can delete on DAG:example_dag_decorator
[2024-05-21T09:33:20.645+0000] {logging_mixin.py:188} INFO - [2024-05-21T09:33:20.645+0000] {dag.py:3096} INFO - Sync 1 DAGs
[2024-05-21T09:33:20.655+0000] {logging_mixin.py:188} INFO - [2024-05-21T09:33:20.655+0000] {dag.py:3118} INFO - Creating ORM DAG for example_dag_decorator
[2024-05-21T09:33:20.656+0000] {logging_mixin.py:188} INFO - [2024-05-21T09:33:20.656+0000] {dag.py:3954} INFO - Setting next_dagrun for example_dag_decorator to None, run_after=None
[2024-05-21T09:33:20.672+0000] {processor.py:183} INFO - Processing /home/airflow/.local/lib/python3.12/site-packages/airflow/example_dags/example_dag_decorator.py took 0.333 seconds
[2024-05-21T09:33:51.441+0000] {processor.py:161} INFO - Started process (PID=116) to work on /home/airflow/.local/lib/python3.12/site-packages/airflow/example_dags/example_dag_decorator.py
[2024-05-21T09:33:51.443+0000] {processor.py:830} INFO - Processing file /home/airflow/.local/lib/python3.12/site-packages/airflow/example_dags/example_dag_decorator.py for tasks to queue
[2024-05-21T09:33:51.444+0000] {logging_mixin.py:188} INFO - [2024-05-21T09:33:51.444+0000] {dagbag.py:545} INFO - Filling up the DagBag from /home/airflow/.local/lib/python3.12/site-packages/airflow/example_dags/example_dag_decorator.py
[2024-05-21T09:33:51.525+0000] {processor.py:840} INFO - DAG(s) 'example_dag_decorator' retrieved from /home/airflow/.local/lib/python3.12/site-packages/airflow/example_dags/example_dag_decorator.py
[2024-05-21T09:33:51.608+0000] {logging_mixin.py:188} INFO - [2024-05-21T09:33:51.608+0000] {dag.py:3096} INFO - Sync 1 DAGs
[2024-05-21T09:33:51.617+0000] {logging_mixin.py:188} INFO - [2024-05-21T09:33:51.617+0000] {dag.py:3954} INFO - Setting next_dagrun for example_dag_decorator to None, run_after=None
[2024-05-21T09:33:51.637+0000] {processor.py:183} INFO - Processing /home/airflow/.local/lib/python3.12/site-packages/airflow/example_dags/example_dag_decorator.py took 0.200 seconds
[2024-05-21T09:34:21.709+0000] {processor.py:161} INFO - Started process (PID=174) to work on /home/airflow/.local/lib/python3.12/site-packages/airflow/example_dags/example_dag_decorator.py
[2024-05-21T09:34:21.710+0000] {processor.py:830} INFO - Processing file /home/airflow/.local/lib/python3.12/site-packages/airflow/example_dags/example_dag_decorator.py for tasks to queue
[2024-05-21T09:34:21.713+0000] {logging_mixin.py:188} INFO - [2024-05-21T09:34:21.713+0000] {dagbag.py:545} INFO - Filling up the DagBag from /home/airflow/.local/lib/python3.12/site-packages/airflow/example_dags/example_dag_decorator.py
[2024-05-21T09:34:21.795+0000] {processor.py:840} INFO - DAG(s) 'example_dag_decorator' retrieved from /home/airflow/.local/lib/python3.12/site-packages/airflow/example_dags/example_dag_decorator.py
[2024-05-21T09:34:21.875+0000] {logging_mixin.py:188} INFO - [2024-05-21T09:34:21.875+0000] {dag.py:3096} INFO - Sync 1 DAGs
[2024-05-21T09:34:21.883+0000] {logging_mixin.py:188} INFO - [2024-05-21T09:34:21.883+0000] {dag.py:3954} INFO - Setting next_dagrun for example_dag_decorator to None, run_after=None
[2024-05-21T09:34:21.899+0000] {processor.py:183} INFO - Processing /home/airflow/.local/lib/python3.12/site-packages/airflow/example_dags/example_dag_decorator.py took 0.198 seconds
