[2024-05-21T09:33:22.091+0000] {processor.py:161} INFO - Started process (PID=76) to work on /home/airflow/.local/lib/python3.12/site-packages/airflow/example_dags/example_task_group_decorator.py
[2024-05-21T09:33:22.092+0000] {processor.py:830} INFO - Processing file /home/airflow/.local/lib/python3.12/site-packages/airflow/example_dags/example_task_group_decorator.py for tasks to queue
[2024-05-21T09:33:22.093+0000] {logging_mixin.py:188} INFO - [2024-05-21T09:33:22.093+0000] {dagbag.py:545} INFO - Filling up the DagBag from /home/airflow/.local/lib/python3.12/site-packages/airflow/example_dags/example_task_group_decorator.py
[2024-05-21T09:33:22.104+0000] {processor.py:840} INFO - DAG(s) 'example_task_group_decorator' retrieved from /home/airflow/.local/lib/python3.12/site-packages/airflow/example_dags/example_task_group_decorator.py
[2024-05-21T09:33:22.183+0000] {logging_mixin.py:188} INFO - [2024-05-21T09:33:22.182+0000] {override.py:1829} INFO - Created Permission View: can read on DAG:example_task_group_decorator
[2024-05-21T09:33:22.191+0000] {logging_mixin.py:188} INFO - [2024-05-21T09:33:22.191+0000] {override.py:1829} INFO - Created Permission View: can edit on DAG:example_task_group_decorator
[2024-05-21T09:33:22.197+0000] {logging_mixin.py:188} INFO - [2024-05-21T09:33:22.197+0000] {override.py:1829} INFO - Created Permission View: can delete on DAG:example_task_group_decorator
[2024-05-21T09:33:22.198+0000] {logging_mixin.py:188} INFO - [2024-05-21T09:33:22.198+0000] {dag.py:3096} INFO - Sync 1 DAGs
[2024-05-21T09:33:22.207+0000] {logging_mixin.py:188} INFO - [2024-05-21T09:33:22.207+0000] {dag.py:3118} INFO - Creating ORM DAG for example_task_group_decorator
[2024-05-21T09:33:22.215+0000] {logging_mixin.py:188} INFO - [2024-05-21T09:33:22.215+0000] {dag.py:3954} INFO - Setting next_dagrun for example_task_group_decorator to 2024-05-20 00:00:00+00:00, run_after=2024-05-21 00:00:00+00:00
[2024-05-21T09:33:22.231+0000] {processor.py:183} INFO - Processing /home/airflow/.local/lib/python3.12/site-packages/airflow/example_dags/example_task_group_decorator.py took 0.145 seconds
[2024-05-21T09:33:52.635+0000] {processor.py:161} INFO - Started process (PID=134) to work on /home/airflow/.local/lib/python3.12/site-packages/airflow/example_dags/example_task_group_decorator.py
[2024-05-21T09:33:52.636+0000] {processor.py:830} INFO - Processing file /home/airflow/.local/lib/python3.12/site-packages/airflow/example_dags/example_task_group_decorator.py for tasks to queue
[2024-05-21T09:33:52.638+0000] {logging_mixin.py:188} INFO - [2024-05-21T09:33:52.638+0000] {dagbag.py:545} INFO - Filling up the DagBag from /home/airflow/.local/lib/python3.12/site-packages/airflow/example_dags/example_task_group_decorator.py
[2024-05-21T09:33:52.652+0000] {processor.py:840} INFO - DAG(s) 'example_task_group_decorator' retrieved from /home/airflow/.local/lib/python3.12/site-packages/airflow/example_dags/example_task_group_decorator.py
[2024-05-21T09:33:52.675+0000] {logging_mixin.py:188} INFO - [2024-05-21T09:33:52.675+0000] {dag.py:3096} INFO - Sync 1 DAGs
[2024-05-21T09:33:52.691+0000] {logging_mixin.py:188} INFO - [2024-05-21T09:33:52.691+0000] {dag.py:3954} INFO - Setting next_dagrun for example_task_group_decorator to 2024-05-20 00:00:00+00:00, run_after=2024-05-21 00:00:00+00:00
[2024-05-21T09:33:52.711+0000] {processor.py:183} INFO - Processing /home/airflow/.local/lib/python3.12/site-packages/airflow/example_dags/example_task_group_decorator.py took 0.081 seconds
[2024-05-21T09:34:23.652+0000] {processor.py:161} INFO - Started process (PID=192) to work on /home/airflow/.local/lib/python3.12/site-packages/airflow/example_dags/example_task_group_decorator.py
[2024-05-21T09:34:23.653+0000] {processor.py:830} INFO - Processing file /home/airflow/.local/lib/python3.12/site-packages/airflow/example_dags/example_task_group_decorator.py for tasks to queue
[2024-05-21T09:34:23.655+0000] {logging_mixin.py:188} INFO - [2024-05-21T09:34:23.654+0000] {dagbag.py:545} INFO - Filling up the DagBag from /home/airflow/.local/lib/python3.12/site-packages/airflow/example_dags/example_task_group_decorator.py
[2024-05-21T09:34:23.665+0000] {processor.py:840} INFO - DAG(s) 'example_task_group_decorator' retrieved from /home/airflow/.local/lib/python3.12/site-packages/airflow/example_dags/example_task_group_decorator.py
[2024-05-21T09:34:23.685+0000] {logging_mixin.py:188} INFO - [2024-05-21T09:34:23.685+0000] {dag.py:3096} INFO - Sync 1 DAGs
[2024-05-21T09:34:23.703+0000] {logging_mixin.py:188} INFO - [2024-05-21T09:34:23.703+0000] {dag.py:3954} INFO - Setting next_dagrun for example_task_group_decorator to 2024-05-20 00:00:00+00:00, run_after=2024-05-21 00:00:00+00:00
[2024-05-21T09:34:23.731+0000] {processor.py:183} INFO - Processing /home/airflow/.local/lib/python3.12/site-packages/airflow/example_dags/example_task_group_decorator.py took 0.084 seconds
