[2024-05-21T09:33:20.902+0000] {processor.py:161} INFO - Started process (PID=62) to work on /home/airflow/.local/lib/python3.12/site-packages/airflow/example_dags/example_external_task_marker_dag.py
[2024-05-21T09:33:20.903+0000] {processor.py:830} INFO - Processing file /home/airflow/.local/lib/python3.12/site-packages/airflow/example_dags/example_external_task_marker_dag.py for tasks to queue
[2024-05-21T09:33:20.905+0000] {logging_mixin.py:188} INFO - [2024-05-21T09:33:20.905+0000] {dagbag.py:545} INFO - Filling up the DagBag from /home/airflow/.local/lib/python3.12/site-packages/airflow/example_dags/example_external_task_marker_dag.py
[2024-05-21T09:33:20.912+0000] {processor.py:840} INFO - DAG(s) 'example_external_task_marker_parent', 'example_external_task_marker_child' retrieved from /home/airflow/.local/lib/python3.12/site-packages/airflow/example_dags/example_external_task_marker_dag.py
[2024-05-21T09:33:20.985+0000] {logging_mixin.py:188} INFO - [2024-05-21T09:33:20.985+0000] {override.py:1829} INFO - Created Permission View: can read on DAG:example_external_task_marker_parent
[2024-05-21T09:33:20.992+0000] {logging_mixin.py:188} INFO - [2024-05-21T09:33:20.992+0000] {override.py:1829} INFO - Created Permission View: can edit on DAG:example_external_task_marker_parent
[2024-05-21T09:33:20.996+0000] {logging_mixin.py:188} INFO - [2024-05-21T09:33:20.995+0000] {override.py:1829} INFO - Created Permission View: can delete on DAG:example_external_task_marker_parent
[2024-05-21T09:33:21.006+0000] {logging_mixin.py:188} INFO - [2024-05-21T09:33:21.006+0000] {override.py:1829} INFO - Created Permission View: can read on DAG:example_external_task_marker_child
[2024-05-21T09:33:21.012+0000] {logging_mixin.py:188} INFO - [2024-05-21T09:33:21.012+0000] {override.py:1829} INFO - Created Permission View: can edit on DAG:example_external_task_marker_child
[2024-05-21T09:33:21.017+0000] {logging_mixin.py:188} INFO - [2024-05-21T09:33:21.017+0000] {override.py:1829} INFO - Created Permission View: can delete on DAG:example_external_task_marker_child
[2024-05-21T09:33:21.018+0000] {logging_mixin.py:188} INFO - [2024-05-21T09:33:21.018+0000] {dag.py:3096} INFO - Sync 2 DAGs
[2024-05-21T09:33:21.028+0000] {logging_mixin.py:188} INFO - [2024-05-21T09:33:21.027+0000] {dag.py:3118} INFO - Creating ORM DAG for example_external_task_marker_parent
[2024-05-21T09:33:21.029+0000] {logging_mixin.py:188} INFO - [2024-05-21T09:33:21.028+0000] {dag.py:3118} INFO - Creating ORM DAG for example_external_task_marker_child
[2024-05-21T09:33:21.029+0000] {logging_mixin.py:188} INFO - [2024-05-21T09:33:21.029+0000] {dag.py:3954} INFO - Setting next_dagrun for example_external_task_marker_child to None, run_after=None
[2024-05-21T09:33:21.030+0000] {logging_mixin.py:188} INFO - [2024-05-21T09:33:21.030+0000] {dag.py:3954} INFO - Setting next_dagrun for example_external_task_marker_parent to None, run_after=None
[2024-05-21T09:33:21.044+0000] {processor.py:183} INFO - Processing /home/airflow/.local/lib/python3.12/site-packages/airflow/example_dags/example_external_task_marker_dag.py took 0.146 seconds
[2024-05-21T09:33:51.792+0000] {processor.py:161} INFO - Started process (PID=120) to work on /home/airflow/.local/lib/python3.12/site-packages/airflow/example_dags/example_external_task_marker_dag.py
[2024-05-21T09:33:51.794+0000] {processor.py:830} INFO - Processing file /home/airflow/.local/lib/python3.12/site-packages/airflow/example_dags/example_external_task_marker_dag.py for tasks to queue
[2024-05-21T09:33:51.795+0000] {logging_mixin.py:188} INFO - [2024-05-21T09:33:51.795+0000] {dagbag.py:545} INFO - Filling up the DagBag from /home/airflow/.local/lib/python3.12/site-packages/airflow/example_dags/example_external_task_marker_dag.py
[2024-05-21T09:33:51.801+0000] {processor.py:840} INFO - DAG(s) 'example_external_task_marker_child', 'example_external_task_marker_parent' retrieved from /home/airflow/.local/lib/python3.12/site-packages/airflow/example_dags/example_external_task_marker_dag.py
[2024-05-21T09:33:51.820+0000] {logging_mixin.py:188} INFO - [2024-05-21T09:33:51.820+0000] {dag.py:3096} INFO - Sync 2 DAGs
[2024-05-21T09:33:51.832+0000] {logging_mixin.py:188} INFO - [2024-05-21T09:33:51.832+0000] {dag.py:3954} INFO - Setting next_dagrun for example_external_task_marker_child to None, run_after=None
[2024-05-21T09:33:51.835+0000] {logging_mixin.py:188} INFO - [2024-05-21T09:33:51.835+0000] {dag.py:3954} INFO - Setting next_dagrun for example_external_task_marker_parent to None, run_after=None
[2024-05-21T09:33:51.863+0000] {processor.py:183} INFO - Processing /home/airflow/.local/lib/python3.12/site-packages/airflow/example_dags/example_external_task_marker_dag.py took 0.077 seconds
[2024-05-21T09:34:21.991+0000] {processor.py:161} INFO - Started process (PID=178) to work on /home/airflow/.local/lib/python3.12/site-packages/airflow/example_dags/example_external_task_marker_dag.py
[2024-05-21T09:34:21.992+0000] {processor.py:830} INFO - Processing file /home/airflow/.local/lib/python3.12/site-packages/airflow/example_dags/example_external_task_marker_dag.py for tasks to queue
[2024-05-21T09:34:21.993+0000] {logging_mixin.py:188} INFO - [2024-05-21T09:34:21.993+0000] {dagbag.py:545} INFO - Filling up the DagBag from /home/airflow/.local/lib/python3.12/site-packages/airflow/example_dags/example_external_task_marker_dag.py
[2024-05-21T09:34:21.998+0000] {processor.py:840} INFO - DAG(s) 'example_external_task_marker_parent', 'example_external_task_marker_child' retrieved from /home/airflow/.local/lib/python3.12/site-packages/airflow/example_dags/example_external_task_marker_dag.py
[2024-05-21T09:34:22.016+0000] {logging_mixin.py:188} INFO - [2024-05-21T09:34:22.016+0000] {dag.py:3096} INFO - Sync 2 DAGs
[2024-05-21T09:34:22.026+0000] {logging_mixin.py:188} INFO - [2024-05-21T09:34:22.026+0000] {dag.py:3954} INFO - Setting next_dagrun for example_external_task_marker_child to None, run_after=None
[2024-05-21T09:34:22.029+0000] {logging_mixin.py:188} INFO - [2024-05-21T09:34:22.029+0000] {dag.py:3954} INFO - Setting next_dagrun for example_external_task_marker_parent to None, run_after=None
[2024-05-21T09:34:22.045+0000] {processor.py:183} INFO - Processing /home/airflow/.local/lib/python3.12/site-packages/airflow/example_dags/example_external_task_marker_dag.py took 0.059 seconds
