[2024-05-21T09:33:21.457+0000] {processor.py:161} INFO - Started process (PID=69) to work on /home/airflow/.local/lib/python3.12/site-packages/airflow/example_dags/example_skip_dag.py
[2024-05-21T09:33:21.458+0000] {processor.py:830} INFO - Processing file /home/airflow/.local/lib/python3.12/site-packages/airflow/example_dags/example_skip_dag.py for tasks to queue
[2024-05-21T09:33:21.460+0000] {logging_mixin.py:188} INFO - [2024-05-21T09:33:21.459+0000] {dagbag.py:545} INFO - Filling up the DagBag from /home/airflow/.local/lib/python3.12/site-packages/airflow/example_dags/example_skip_dag.py
[2024-05-21T09:33:21.467+0000] {processor.py:840} INFO - DAG(s) 'example_skip_dag' retrieved from /home/airflow/.local/lib/python3.12/site-packages/airflow/example_dags/example_skip_dag.py
[2024-05-21T09:33:21.543+0000] {logging_mixin.py:188} INFO - [2024-05-21T09:33:21.542+0000] {override.py:1829} INFO - Created Permission View: can read on DAG:example_skip_dag
[2024-05-21T09:33:21.552+0000] {logging_mixin.py:188} INFO - [2024-05-21T09:33:21.552+0000] {override.py:1829} INFO - Created Permission View: can edit on DAG:example_skip_dag
[2024-05-21T09:33:21.557+0000] {logging_mixin.py:188} INFO - [2024-05-21T09:33:21.557+0000] {override.py:1829} INFO - Created Permission View: can delete on DAG:example_skip_dag
[2024-05-21T09:33:21.558+0000] {logging_mixin.py:188} INFO - [2024-05-21T09:33:21.558+0000] {dag.py:3096} INFO - Sync 1 DAGs
[2024-05-21T09:33:21.567+0000] {logging_mixin.py:188} INFO - [2024-05-21T09:33:21.566+0000] {dag.py:3118} INFO - Creating ORM DAG for example_skip_dag
[2024-05-21T09:33:21.575+0000] {logging_mixin.py:188} INFO - [2024-05-21T09:33:21.575+0000] {dag.py:3954} INFO - Setting next_dagrun for example_skip_dag to 2024-05-20 00:00:00+00:00, run_after=2024-05-21 00:00:00+00:00
[2024-05-21T09:33:21.590+0000] {processor.py:183} INFO - Processing /home/airflow/.local/lib/python3.12/site-packages/airflow/example_dags/example_skip_dag.py took 0.138 seconds
[2024-05-21T09:33:52.173+0000] {processor.py:161} INFO - Started process (PID=127) to work on /home/airflow/.local/lib/python3.12/site-packages/airflow/example_dags/example_skip_dag.py
[2024-05-21T09:33:52.175+0000] {processor.py:830} INFO - Processing file /home/airflow/.local/lib/python3.12/site-packages/airflow/example_dags/example_skip_dag.py for tasks to queue
[2024-05-21T09:33:52.176+0000] {logging_mixin.py:188} INFO - [2024-05-21T09:33:52.176+0000] {dagbag.py:545} INFO - Filling up the DagBag from /home/airflow/.local/lib/python3.12/site-packages/airflow/example_dags/example_skip_dag.py
[2024-05-21T09:33:52.181+0000] {processor.py:840} INFO - DAG(s) 'example_skip_dag' retrieved from /home/airflow/.local/lib/python3.12/site-packages/airflow/example_dags/example_skip_dag.py
[2024-05-21T09:33:52.196+0000] {logging_mixin.py:188} INFO - [2024-05-21T09:33:52.196+0000] {dag.py:3096} INFO - Sync 1 DAGs
[2024-05-21T09:33:52.212+0000] {logging_mixin.py:188} INFO - [2024-05-21T09:33:52.212+0000] {dag.py:3954} INFO - Setting next_dagrun for example_skip_dag to 2024-05-20 00:00:00+00:00, run_after=2024-05-21 00:00:00+00:00
[2024-05-21T09:33:52.238+0000] {processor.py:183} INFO - Processing /home/airflow/.local/lib/python3.12/site-packages/airflow/example_dags/example_skip_dag.py took 0.068 seconds
[2024-05-21T09:34:22.300+0000] {processor.py:161} INFO - Started process (PID=185) to work on /home/airflow/.local/lib/python3.12/site-packages/airflow/example_dags/example_skip_dag.py
[2024-05-21T09:34:22.301+0000] {processor.py:830} INFO - Processing file /home/airflow/.local/lib/python3.12/site-packages/airflow/example_dags/example_skip_dag.py for tasks to queue
[2024-05-21T09:34:22.302+0000] {logging_mixin.py:188} INFO - [2024-05-21T09:34:22.302+0000] {dagbag.py:545} INFO - Filling up the DagBag from /home/airflow/.local/lib/python3.12/site-packages/airflow/example_dags/example_skip_dag.py
[2024-05-21T09:34:22.307+0000] {processor.py:840} INFO - DAG(s) 'example_skip_dag' retrieved from /home/airflow/.local/lib/python3.12/site-packages/airflow/example_dags/example_skip_dag.py
[2024-05-21T09:34:22.325+0000] {logging_mixin.py:188} INFO - [2024-05-21T09:34:22.324+0000] {dag.py:3096} INFO - Sync 1 DAGs
[2024-05-21T09:34:22.343+0000] {logging_mixin.py:188} INFO - [2024-05-21T09:34:22.343+0000] {dag.py:3954} INFO - Setting next_dagrun for example_skip_dag to 2024-05-20 00:00:00+00:00, run_after=2024-05-21 00:00:00+00:00
[2024-05-21T09:34:22.360+0000] {processor.py:183} INFO - Processing /home/airflow/.local/lib/python3.12/site-packages/airflow/example_dags/example_skip_dag.py took 0.065 seconds
