[2024-05-21T09:33:19.288+0000] {processor.py:161} INFO - Started process (PID=48) to work on /home/airflow/.local/lib/python3.12/site-packages/airflow/example_dags/example_trigger_controller_dag.py
[2024-05-21T09:33:19.289+0000] {processor.py:830} INFO - Processing file /home/airflow/.local/lib/python3.12/site-packages/airflow/example_dags/example_trigger_controller_dag.py for tasks to queue
[2024-05-21T09:33:19.291+0000] {logging_mixin.py:188} INFO - [2024-05-21T09:33:19.291+0000] {dagbag.py:545} INFO - Filling up the DagBag from /home/airflow/.local/lib/python3.12/site-packages/airflow/example_dags/example_trigger_controller_dag.py
[2024-05-21T09:33:19.297+0000] {processor.py:840} INFO - DAG(s) 'example_trigger_controller_dag' retrieved from /home/airflow/.local/lib/python3.12/site-packages/airflow/example_dags/example_trigger_controller_dag.py
[2024-05-21T09:33:19.381+0000] {logging_mixin.py:188} INFO - [2024-05-21T09:33:19.380+0000] {override.py:1829} INFO - Created Permission View: can read on DAG:example_trigger_controller_dag
[2024-05-21T09:33:19.389+0000] {logging_mixin.py:188} INFO - [2024-05-21T09:33:19.389+0000] {override.py:1829} INFO - Created Permission View: can edit on DAG:example_trigger_controller_dag
[2024-05-21T09:33:19.395+0000] {logging_mixin.py:188} INFO - [2024-05-21T09:33:19.395+0000] {override.py:1829} INFO - Created Permission View: can delete on DAG:example_trigger_controller_dag
[2024-05-21T09:33:19.396+0000] {logging_mixin.py:188} INFO - [2024-05-21T09:33:19.395+0000] {dag.py:3096} INFO - Sync 1 DAGs
[2024-05-21T09:33:19.403+0000] {logging_mixin.py:188} INFO - [2024-05-21T09:33:19.403+0000] {dag.py:3118} INFO - Creating ORM DAG for example_trigger_controller_dag
[2024-05-21T09:33:19.410+0000] {logging_mixin.py:188} INFO - [2024-05-21T09:33:19.410+0000] {dag.py:3954} INFO - Setting next_dagrun for example_trigger_controller_dag to 2021-01-01 00:00:00+00:00, run_after=2021-01-01 00:00:00+00:00
[2024-05-21T09:33:19.424+0000] {processor.py:183} INFO - Processing /home/airflow/.local/lib/python3.12/site-packages/airflow/example_dags/example_trigger_controller_dag.py took 0.139 seconds
[2024-05-21T09:33:49.915+0000] {processor.py:161} INFO - Started process (PID=106) to work on /home/airflow/.local/lib/python3.12/site-packages/airflow/example_dags/example_trigger_controller_dag.py
[2024-05-21T09:33:49.916+0000] {processor.py:830} INFO - Processing file /home/airflow/.local/lib/python3.12/site-packages/airflow/example_dags/example_trigger_controller_dag.py for tasks to queue
[2024-05-21T09:33:49.918+0000] {logging_mixin.py:188} INFO - [2024-05-21T09:33:49.917+0000] {dagbag.py:545} INFO - Filling up the DagBag from /home/airflow/.local/lib/python3.12/site-packages/airflow/example_dags/example_trigger_controller_dag.py
[2024-05-21T09:33:49.922+0000] {processor.py:840} INFO - DAG(s) 'example_trigger_controller_dag' retrieved from /home/airflow/.local/lib/python3.12/site-packages/airflow/example_dags/example_trigger_controller_dag.py
[2024-05-21T09:33:49.940+0000] {logging_mixin.py:188} INFO - [2024-05-21T09:33:49.940+0000] {dag.py:3096} INFO - Sync 1 DAGs
[2024-05-21T09:33:49.957+0000] {logging_mixin.py:188} INFO - [2024-05-21T09:33:49.956+0000] {dag.py:3954} INFO - Setting next_dagrun for example_trigger_controller_dag to 2021-01-01 00:00:00+00:00, run_after=2021-01-01 00:00:00+00:00
[2024-05-21T09:33:49.983+0000] {processor.py:183} INFO - Processing /home/airflow/.local/lib/python3.12/site-packages/airflow/example_dags/example_trigger_controller_dag.py took 0.072 seconds
[2024-05-21T09:34:20.302+0000] {processor.py:161} INFO - Started process (PID=164) to work on /home/airflow/.local/lib/python3.12/site-packages/airflow/example_dags/example_trigger_controller_dag.py
[2024-05-21T09:34:20.303+0000] {processor.py:830} INFO - Processing file /home/airflow/.local/lib/python3.12/site-packages/airflow/example_dags/example_trigger_controller_dag.py for tasks to queue
[2024-05-21T09:34:20.305+0000] {logging_mixin.py:188} INFO - [2024-05-21T09:34:20.305+0000] {dagbag.py:545} INFO - Filling up the DagBag from /home/airflow/.local/lib/python3.12/site-packages/airflow/example_dags/example_trigger_controller_dag.py
[2024-05-21T09:34:20.309+0000] {processor.py:840} INFO - DAG(s) 'example_trigger_controller_dag' retrieved from /home/airflow/.local/lib/python3.12/site-packages/airflow/example_dags/example_trigger_controller_dag.py
[2024-05-21T09:34:20.327+0000] {logging_mixin.py:188} INFO - [2024-05-21T09:34:20.326+0000] {dag.py:3096} INFO - Sync 1 DAGs
[2024-05-21T09:34:20.343+0000] {logging_mixin.py:188} INFO - [2024-05-21T09:34:20.343+0000] {dag.py:3954} INFO - Setting next_dagrun for example_trigger_controller_dag to 2021-01-01 00:00:00+00:00, run_after=2021-01-01 00:00:00+00:00
[2024-05-21T09:34:20.373+0000] {processor.py:183} INFO - Processing /home/airflow/.local/lib/python3.12/site-packages/airflow/example_dags/example_trigger_controller_dag.py took 0.076 seconds
