[2024-05-21T09:33:22.260+0000] {processor.py:161} INFO - Started process (PID=78) to work on /home/airflow/.local/lib/python3.12/site-packages/airflow/example_dags/example_dynamic_task_mapping_with_no_taskflow_operators.py
[2024-05-21T09:33:22.261+0000] {processor.py:830} INFO - Processing file /home/airflow/.local/lib/python3.12/site-packages/airflow/example_dags/example_dynamic_task_mapping_with_no_taskflow_operators.py for tasks to queue
[2024-05-21T09:33:22.263+0000] {logging_mixin.py:188} INFO - [2024-05-21T09:33:22.262+0000] {dagbag.py:545} INFO - Filling up the DagBag from /home/airflow/.local/lib/python3.12/site-packages/airflow/example_dags/example_dynamic_task_mapping_with_no_taskflow_operators.py
[2024-05-21T09:33:22.269+0000] {processor.py:840} INFO - DAG(s) 'example_dynamic_task_mapping_with_no_taskflow_operators' retrieved from /home/airflow/.local/lib/python3.12/site-packages/airflow/example_dags/example_dynamic_task_mapping_with_no_taskflow_operators.py
[2024-05-21T09:33:22.345+0000] {logging_mixin.py:188} INFO - [2024-05-21T09:33:22.345+0000] {override.py:1829} INFO - Created Permission View: can read on DAG:example_dynamic_task_mapping_with_no_taskflow_operators
[2024-05-21T09:33:22.354+0000] {logging_mixin.py:188} INFO - [2024-05-21T09:33:22.354+0000] {override.py:1829} INFO - Created Permission View: can edit on DAG:example_dynamic_task_mapping_with_no_taskflow_operators
[2024-05-21T09:33:22.360+0000] {logging_mixin.py:188} INFO - [2024-05-21T09:33:22.360+0000] {override.py:1829} INFO - Created Permission View: can delete on DAG:example_dynamic_task_mapping_with_no_taskflow_operators
[2024-05-21T09:33:22.361+0000] {logging_mixin.py:188} INFO - [2024-05-21T09:33:22.361+0000] {dag.py:3096} INFO - Sync 1 DAGs
[2024-05-21T09:33:22.369+0000] {logging_mixin.py:188} INFO - [2024-05-21T09:33:22.369+0000] {dag.py:3118} INFO - Creating ORM DAG for example_dynamic_task_mapping_with_no_taskflow_operators
[2024-05-21T09:33:22.378+0000] {logging_mixin.py:188} INFO - [2024-05-21T09:33:22.378+0000] {dag.py:3954} INFO - Setting next_dagrun for example_dynamic_task_mapping_with_no_taskflow_operators to 2024-05-20 00:00:00+00:00, run_after=2024-05-21 00:00:00+00:00
[2024-05-21T09:33:22.388+0000] {processor.py:183} INFO - Processing /home/airflow/.local/lib/python3.12/site-packages/airflow/example_dags/example_dynamic_task_mapping_with_no_taskflow_operators.py took 0.132 seconds
[2024-05-21T09:33:52.892+0000] {processor.py:161} INFO - Started process (PID=136) to work on /home/airflow/.local/lib/python3.12/site-packages/airflow/example_dags/example_dynamic_task_mapping_with_no_taskflow_operators.py
[2024-05-21T09:33:52.893+0000] {processor.py:830} INFO - Processing file /home/airflow/.local/lib/python3.12/site-packages/airflow/example_dags/example_dynamic_task_mapping_with_no_taskflow_operators.py for tasks to queue
[2024-05-21T09:33:52.895+0000] {logging_mixin.py:188} INFO - [2024-05-21T09:33:52.895+0000] {dagbag.py:545} INFO - Filling up the DagBag from /home/airflow/.local/lib/python3.12/site-packages/airflow/example_dags/example_dynamic_task_mapping_with_no_taskflow_operators.py
[2024-05-21T09:33:52.900+0000] {processor.py:840} INFO - DAG(s) 'example_dynamic_task_mapping_with_no_taskflow_operators' retrieved from /home/airflow/.local/lib/python3.12/site-packages/airflow/example_dags/example_dynamic_task_mapping_with_no_taskflow_operators.py
[2024-05-21T09:33:52.917+0000] {logging_mixin.py:188} INFO - [2024-05-21T09:33:52.916+0000] {dag.py:3096} INFO - Sync 1 DAGs
[2024-05-21T09:33:52.935+0000] {logging_mixin.py:188} INFO - [2024-05-21T09:33:52.935+0000] {dag.py:3954} INFO - Setting next_dagrun for example_dynamic_task_mapping_with_no_taskflow_operators to 2024-05-20 00:00:00+00:00, run_after=2024-05-21 00:00:00+00:00
[2024-05-21T09:33:52.963+0000] {processor.py:183} INFO - Processing /home/airflow/.local/lib/python3.12/site-packages/airflow/example_dags/example_dynamic_task_mapping_with_no_taskflow_operators.py took 0.075 seconds
[2024-05-21T09:34:23.773+0000] {processor.py:161} INFO - Started process (PID=194) to work on /home/airflow/.local/lib/python3.12/site-packages/airflow/example_dags/example_dynamic_task_mapping_with_no_taskflow_operators.py
[2024-05-21T09:34:23.775+0000] {processor.py:830} INFO - Processing file /home/airflow/.local/lib/python3.12/site-packages/airflow/example_dags/example_dynamic_task_mapping_with_no_taskflow_operators.py for tasks to queue
[2024-05-21T09:34:23.776+0000] {logging_mixin.py:188} INFO - [2024-05-21T09:34:23.776+0000] {dagbag.py:545} INFO - Filling up the DagBag from /home/airflow/.local/lib/python3.12/site-packages/airflow/example_dags/example_dynamic_task_mapping_with_no_taskflow_operators.py
[2024-05-21T09:34:23.781+0000] {processor.py:840} INFO - DAG(s) 'example_dynamic_task_mapping_with_no_taskflow_operators' retrieved from /home/airflow/.local/lib/python3.12/site-packages/airflow/example_dags/example_dynamic_task_mapping_with_no_taskflow_operators.py
[2024-05-21T09:34:23.797+0000] {logging_mixin.py:188} INFO - [2024-05-21T09:34:23.796+0000] {dag.py:3096} INFO - Sync 1 DAGs
[2024-05-21T09:34:23.815+0000] {logging_mixin.py:188} INFO - [2024-05-21T09:34:23.815+0000] {dag.py:3954} INFO - Setting next_dagrun for example_dynamic_task_mapping_with_no_taskflow_operators to 2024-05-20 00:00:00+00:00, run_after=2024-05-21 00:00:00+00:00
[2024-05-21T09:34:23.842+0000] {processor.py:183} INFO - Processing /home/airflow/.local/lib/python3.12/site-packages/airflow/example_dags/example_dynamic_task_mapping_with_no_taskflow_operators.py took 0.074 seconds
