[2024-05-21T09:33:22.152+0000] {processor.py:161} INFO - Started process (PID=77) to work on /home/airflow/.local/lib/python3.12/site-packages/airflow/example_dags/example_branch_datetime_operator.py
[2024-05-21T09:33:22.153+0000] {processor.py:830} INFO - Processing file /home/airflow/.local/lib/python3.12/site-packages/airflow/example_dags/example_branch_datetime_operator.py for tasks to queue
[2024-05-21T09:33:22.154+0000] {logging_mixin.py:188} INFO - [2024-05-21T09:33:22.154+0000] {dagbag.py:545} INFO - Filling up the DagBag from /home/airflow/.local/lib/python3.12/site-packages/airflow/example_dags/example_branch_datetime_operator.py
[2024-05-21T09:33:22.163+0000] {processor.py:840} INFO - DAG(s) 'example_branch_datetime_operator', 'example_branch_datetime_operator_2', 'example_branch_datetime_operator_3' retrieved from /home/airflow/.local/lib/python3.12/site-packages/airflow/example_dags/example_branch_datetime_operator.py
[2024-05-21T09:33:22.240+0000] {logging_mixin.py:188} INFO - [2024-05-21T09:33:22.240+0000] {override.py:1829} INFO - Created Permission View: can read on DAG:example_branch_datetime_operator
[2024-05-21T09:33:22.248+0000] {logging_mixin.py:188} INFO - [2024-05-21T09:33:22.248+0000] {override.py:1829} INFO - Created Permission View: can edit on DAG:example_branch_datetime_operator
[2024-05-21T09:33:22.254+0000] {logging_mixin.py:188} INFO - [2024-05-21T09:33:22.254+0000] {override.py:1829} INFO - Created Permission View: can delete on DAG:example_branch_datetime_operator
[2024-05-21T09:33:22.266+0000] {logging_mixin.py:188} INFO - [2024-05-21T09:33:22.266+0000] {override.py:1829} INFO - Created Permission View: can read on DAG:example_branch_datetime_operator_2
[2024-05-21T09:33:22.272+0000] {logging_mixin.py:188} INFO - [2024-05-21T09:33:22.272+0000] {override.py:1829} INFO - Created Permission View: can edit on DAG:example_branch_datetime_operator_2
[2024-05-21T09:33:22.278+0000] {logging_mixin.py:188} INFO - [2024-05-21T09:33:22.278+0000] {override.py:1829} INFO - Created Permission View: can delete on DAG:example_branch_datetime_operator_2
[2024-05-21T09:33:22.288+0000] {logging_mixin.py:188} INFO - [2024-05-21T09:33:22.288+0000] {override.py:1829} INFO - Created Permission View: can read on DAG:example_branch_datetime_operator_3
[2024-05-21T09:33:22.294+0000] {logging_mixin.py:188} INFO - [2024-05-21T09:33:22.294+0000] {override.py:1829} INFO - Created Permission View: can edit on DAG:example_branch_datetime_operator_3
[2024-05-21T09:33:22.300+0000] {logging_mixin.py:188} INFO - [2024-05-21T09:33:22.299+0000] {override.py:1829} INFO - Created Permission View: can delete on DAG:example_branch_datetime_operator_3
[2024-05-21T09:33:22.300+0000] {logging_mixin.py:188} INFO - [2024-05-21T09:33:22.300+0000] {dag.py:3096} INFO - Sync 3 DAGs
[2024-05-21T09:33:22.310+0000] {logging_mixin.py:188} INFO - [2024-05-21T09:33:22.309+0000] {dag.py:3118} INFO - Creating ORM DAG for example_branch_datetime_operator_2
[2024-05-21T09:33:22.311+0000] {logging_mixin.py:188} INFO - [2024-05-21T09:33:22.310+0000] {dag.py:3118} INFO - Creating ORM DAG for example_branch_datetime_operator_3
[2024-05-21T09:33:22.311+0000] {logging_mixin.py:188} INFO - [2024-05-21T09:33:22.311+0000] {dag.py:3118} INFO - Creating ORM DAG for example_branch_datetime_operator
[2024-05-21T09:33:22.319+0000] {logging_mixin.py:188} INFO - [2024-05-21T09:33:22.319+0000] {dag.py:3954} INFO - Setting next_dagrun for example_branch_datetime_operator to 2024-05-20 00:00:00+00:00, run_after=2024-05-21 00:00:00+00:00
[2024-05-21T09:33:22.321+0000] {logging_mixin.py:188} INFO - [2024-05-21T09:33:22.321+0000] {dag.py:3954} INFO - Setting next_dagrun for example_branch_datetime_operator_2 to 2024-05-20 00:00:00+00:00, run_after=2024-05-21 00:00:00+00:00
[2024-05-21T09:33:22.323+0000] {logging_mixin.py:188} INFO - [2024-05-21T09:33:22.323+0000] {dag.py:3954} INFO - Setting next_dagrun for example_branch_datetime_operator_3 to 2024-05-20 00:00:00+00:00, run_after=2024-05-21 00:00:00+00:00
[2024-05-21T09:33:22.339+0000] {processor.py:183} INFO - Processing /home/airflow/.local/lib/python3.12/site-packages/airflow/example_dags/example_branch_datetime_operator.py took 0.193 seconds
[2024-05-21T09:33:52.768+0000] {processor.py:161} INFO - Started process (PID=135) to work on /home/airflow/.local/lib/python3.12/site-packages/airflow/example_dags/example_branch_datetime_operator.py
[2024-05-21T09:33:52.769+0000] {processor.py:830} INFO - Processing file /home/airflow/.local/lib/python3.12/site-packages/airflow/example_dags/example_branch_datetime_operator.py for tasks to queue
[2024-05-21T09:33:52.771+0000] {logging_mixin.py:188} INFO - [2024-05-21T09:33:52.770+0000] {dagbag.py:545} INFO - Filling up the DagBag from /home/airflow/.local/lib/python3.12/site-packages/airflow/example_dags/example_branch_datetime_operator.py
[2024-05-21T09:33:52.778+0000] {processor.py:840} INFO - DAG(s) 'example_branch_datetime_operator', 'example_branch_datetime_operator_3', 'example_branch_datetime_operator_2' retrieved from /home/airflow/.local/lib/python3.12/site-packages/airflow/example_dags/example_branch_datetime_operator.py
[2024-05-21T09:33:52.801+0000] {logging_mixin.py:188} INFO - [2024-05-21T09:33:52.801+0000] {dag.py:3096} INFO - Sync 3 DAGs
[2024-05-21T09:33:52.820+0000] {logging_mixin.py:188} INFO - [2024-05-21T09:33:52.819+0000] {dag.py:3954} INFO - Setting next_dagrun for example_branch_datetime_operator to 2024-05-20 00:00:00+00:00, run_after=2024-05-21 00:00:00+00:00
[2024-05-21T09:33:52.823+0000] {logging_mixin.py:188} INFO - [2024-05-21T09:33:52.823+0000] {dag.py:3954} INFO - Setting next_dagrun for example_branch_datetime_operator_2 to 2024-05-20 00:00:00+00:00, run_after=2024-05-21 00:00:00+00:00
[2024-05-21T09:33:52.826+0000] {logging_mixin.py:188} INFO - [2024-05-21T09:33:52.826+0000] {dag.py:3954} INFO - Setting next_dagrun for example_branch_datetime_operator_3 to 2024-05-20 00:00:00+00:00, run_after=2024-05-21 00:00:00+00:00
[2024-05-21T09:33:52.849+0000] {processor.py:183} INFO - Processing /home/airflow/.local/lib/python3.12/site-packages/airflow/example_dags/example_branch_datetime_operator.py took 0.086 seconds
[2024-05-21T09:34:23.768+0000] {processor.py:161} INFO - Started process (PID=193) to work on /home/airflow/.local/lib/python3.12/site-packages/airflow/example_dags/example_branch_datetime_operator.py
[2024-05-21T09:34:23.769+0000] {processor.py:830} INFO - Processing file /home/airflow/.local/lib/python3.12/site-packages/airflow/example_dags/example_branch_datetime_operator.py for tasks to queue
[2024-05-21T09:34:23.772+0000] {logging_mixin.py:188} INFO - [2024-05-21T09:34:23.772+0000] {dagbag.py:545} INFO - Filling up the DagBag from /home/airflow/.local/lib/python3.12/site-packages/airflow/example_dags/example_branch_datetime_operator.py
[2024-05-21T09:34:23.779+0000] {processor.py:840} INFO - DAG(s) 'example_branch_datetime_operator_3', 'example_branch_datetime_operator', 'example_branch_datetime_operator_2' retrieved from /home/airflow/.local/lib/python3.12/site-packages/airflow/example_dags/example_branch_datetime_operator.py
[2024-05-21T09:34:23.803+0000] {logging_mixin.py:188} INFO - [2024-05-21T09:34:23.803+0000] {dag.py:3096} INFO - Sync 3 DAGs
[2024-05-21T09:34:23.822+0000] {logging_mixin.py:188} INFO - [2024-05-21T09:34:23.822+0000] {dag.py:3954} INFO - Setting next_dagrun for example_branch_datetime_operator to 2024-05-20 00:00:00+00:00, run_after=2024-05-21 00:00:00+00:00
[2024-05-21T09:34:23.827+0000] {logging_mixin.py:188} INFO - [2024-05-21T09:34:23.827+0000] {dag.py:3954} INFO - Setting next_dagrun for example_branch_datetime_operator_2 to 2024-05-20 00:00:00+00:00, run_after=2024-05-21 00:00:00+00:00
[2024-05-21T09:34:23.829+0000] {logging_mixin.py:188} INFO - [2024-05-21T09:34:23.829+0000] {dag.py:3954} INFO - Setting next_dagrun for example_branch_datetime_operator_3 to 2024-05-20 00:00:00+00:00, run_after=2024-05-21 00:00:00+00:00
[2024-05-21T09:34:23.847+0000] {processor.py:183} INFO - Processing /home/airflow/.local/lib/python3.12/site-packages/airflow/example_dags/example_branch_datetime_operator.py took 0.083 seconds
