[2024-05-21T09:33:23.204+0000] {processor.py:161} INFO - Started process (PID=87) to work on /home/airflow/.local/lib/python3.12/site-packages/airflow/example_dags/example_bash_decorator.py
[2024-05-21T09:33:23.205+0000] {processor.py:830} INFO - Processing file /home/airflow/.local/lib/python3.12/site-packages/airflow/example_dags/example_bash_decorator.py for tasks to queue
[2024-05-21T09:33:23.207+0000] {logging_mixin.py:188} INFO - [2024-05-21T09:33:23.207+0000] {dagbag.py:545} INFO - Filling up the DagBag from /home/airflow/.local/lib/python3.12/site-packages/airflow/example_dags/example_bash_decorator.py
[2024-05-21T09:33:23.218+0000] {processor.py:840} INFO - DAG(s) 'example_bash_decorator' retrieved from /home/airflow/.local/lib/python3.12/site-packages/airflow/example_dags/example_bash_decorator.py
[2024-05-21T09:33:23.305+0000] {logging_mixin.py:188} INFO - [2024-05-21T09:33:23.305+0000] {override.py:1829} INFO - Created Permission View: can read on DAG:example_bash_decorator
[2024-05-21T09:33:23.315+0000] {logging_mixin.py:188} INFO - [2024-05-21T09:33:23.314+0000] {override.py:1829} INFO - Created Permission View: can edit on DAG:example_bash_decorator
[2024-05-21T09:33:23.321+0000] {logging_mixin.py:188} INFO - [2024-05-21T09:33:23.320+0000] {override.py:1829} INFO - Created Permission View: can delete on DAG:example_bash_decorator
[2024-05-21T09:33:23.321+0000] {logging_mixin.py:188} INFO - [2024-05-21T09:33:23.321+0000] {dag.py:3096} INFO - Sync 1 DAGs
[2024-05-21T09:33:23.329+0000] {logging_mixin.py:188} INFO - [2024-05-21T09:33:23.329+0000] {dag.py:3118} INFO - Creating ORM DAG for example_bash_decorator
[2024-05-21T09:33:23.330+0000] {logging_mixin.py:188} INFO - [2024-05-21T09:33:23.330+0000] {dag.py:3954} INFO - Setting next_dagrun for example_bash_decorator to None, run_after=None
[2024-05-21T09:33:23.345+0000] {processor.py:183} INFO - Processing /home/airflow/.local/lib/python3.12/site-packages/airflow/example_dags/example_bash_decorator.py took 0.145 seconds
[2024-05-21T09:33:53.669+0000] {processor.py:161} INFO - Started process (PID=145) to work on /home/airflow/.local/lib/python3.12/site-packages/airflow/example_dags/example_bash_decorator.py
[2024-05-21T09:33:53.670+0000] {processor.py:830} INFO - Processing file /home/airflow/.local/lib/python3.12/site-packages/airflow/example_dags/example_bash_decorator.py for tasks to queue
[2024-05-21T09:33:53.672+0000] {logging_mixin.py:188} INFO - [2024-05-21T09:33:53.672+0000] {dagbag.py:545} INFO - Filling up the DagBag from /home/airflow/.local/lib/python3.12/site-packages/airflow/example_dags/example_bash_decorator.py
[2024-05-21T09:33:53.682+0000] {processor.py:840} INFO - DAG(s) 'example_bash_decorator' retrieved from /home/airflow/.local/lib/python3.12/site-packages/airflow/example_dags/example_bash_decorator.py
[2024-05-21T09:33:53.703+0000] {logging_mixin.py:188} INFO - [2024-05-21T09:33:53.703+0000] {dag.py:3096} INFO - Sync 1 DAGs
[2024-05-21T09:33:53.715+0000] {logging_mixin.py:188} INFO - [2024-05-21T09:33:53.715+0000] {dag.py:3954} INFO - Setting next_dagrun for example_bash_decorator to None, run_after=None
[2024-05-21T09:33:53.744+0000] {processor.py:183} INFO - Processing /home/airflow/.local/lib/python3.12/site-packages/airflow/example_dags/example_bash_decorator.py took 0.079 seconds
[2024-05-21T09:34:24.389+0000] {processor.py:161} INFO - Started process (PID=203) to work on /home/airflow/.local/lib/python3.12/site-packages/airflow/example_dags/example_bash_decorator.py
[2024-05-21T09:34:24.390+0000] {processor.py:830} INFO - Processing file /home/airflow/.local/lib/python3.12/site-packages/airflow/example_dags/example_bash_decorator.py for tasks to queue
[2024-05-21T09:34:24.392+0000] {logging_mixin.py:188} INFO - [2024-05-21T09:34:24.391+0000] {dagbag.py:545} INFO - Filling up the DagBag from /home/airflow/.local/lib/python3.12/site-packages/airflow/example_dags/example_bash_decorator.py
[2024-05-21T09:34:24.402+0000] {processor.py:840} INFO - DAG(s) 'example_bash_decorator' retrieved from /home/airflow/.local/lib/python3.12/site-packages/airflow/example_dags/example_bash_decorator.py
[2024-05-21T09:34:24.421+0000] {logging_mixin.py:188} INFO - [2024-05-21T09:34:24.421+0000] {dag.py:3096} INFO - Sync 1 DAGs
[2024-05-21T09:34:24.431+0000] {logging_mixin.py:188} INFO - [2024-05-21T09:34:24.431+0000] {dag.py:3954} INFO - Setting next_dagrun for example_bash_decorator to None, run_after=None
[2024-05-21T09:34:24.444+0000] {processor.py:183} INFO - Processing /home/airflow/.local/lib/python3.12/site-packages/airflow/example_dags/example_bash_decorator.py took 0.059 seconds
