[2024-05-21T09:33:20.343+0000] {processor.py:161} INFO - Started process (PID=57) to work on /home/airflow/.local/lib/python3.12/site-packages/airflow/example_dags/example_time_delta_sensor_async.py
[2024-05-21T09:33:20.344+0000] {processor.py:830} INFO - Processing file /home/airflow/.local/lib/python3.12/site-packages/airflow/example_dags/example_time_delta_sensor_async.py for tasks to queue
[2024-05-21T09:33:20.346+0000] {logging_mixin.py:188} INFO - [2024-05-21T09:33:20.346+0000] {dagbag.py:545} INFO - Filling up the DagBag from /home/airflow/.local/lib/python3.12/site-packages/airflow/example_dags/example_time_delta_sensor_async.py
[2024-05-21T09:33:20.352+0000] {processor.py:840} INFO - DAG(s) 'example_time_delta_sensor_async' retrieved from /home/airflow/.local/lib/python3.12/site-packages/airflow/example_dags/example_time_delta_sensor_async.py
[2024-05-21T09:33:20.442+0000] {logging_mixin.py:188} INFO - [2024-05-21T09:33:20.442+0000] {override.py:1829} INFO - Created Permission View: can read on DAG:example_time_delta_sensor_async
[2024-05-21T09:33:20.451+0000] {logging_mixin.py:188} INFO - [2024-05-21T09:33:20.451+0000] {override.py:1829} INFO - Created Permission View: can edit on DAG:example_time_delta_sensor_async
[2024-05-21T09:33:20.457+0000] {logging_mixin.py:188} INFO - [2024-05-21T09:33:20.457+0000] {override.py:1829} INFO - Created Permission View: can delete on DAG:example_time_delta_sensor_async
[2024-05-21T09:33:20.458+0000] {logging_mixin.py:188} INFO - [2024-05-21T09:33:20.458+0000] {dag.py:3096} INFO - Sync 1 DAGs
[2024-05-21T09:33:20.467+0000] {logging_mixin.py:188} INFO - [2024-05-21T09:33:20.467+0000] {dag.py:3118} INFO - Creating ORM DAG for example_time_delta_sensor_async
[2024-05-21T09:33:20.468+0000] {logging_mixin.py:188} INFO - [2024-05-21T09:33:20.468+0000] {dag.py:3954} INFO - Setting next_dagrun for example_time_delta_sensor_async to None, run_after=None
[2024-05-21T09:33:20.482+0000] {processor.py:183} INFO - Processing /home/airflow/.local/lib/python3.12/site-packages/airflow/example_dags/example_time_delta_sensor_async.py took 0.143 seconds
[2024-05-21T09:33:51.441+0000] {processor.py:161} INFO - Started process (PID=115) to work on /home/airflow/.local/lib/python3.12/site-packages/airflow/example_dags/example_time_delta_sensor_async.py
[2024-05-21T09:33:51.443+0000] {processor.py:830} INFO - Processing file /home/airflow/.local/lib/python3.12/site-packages/airflow/example_dags/example_time_delta_sensor_async.py for tasks to queue
[2024-05-21T09:33:51.446+0000] {logging_mixin.py:188} INFO - [2024-05-21T09:33:51.445+0000] {dagbag.py:545} INFO - Filling up the DagBag from /home/airflow/.local/lib/python3.12/site-packages/airflow/example_dags/example_time_delta_sensor_async.py
[2024-05-21T09:33:51.450+0000] {processor.py:840} INFO - DAG(s) 'example_time_delta_sensor_async' retrieved from /home/airflow/.local/lib/python3.12/site-packages/airflow/example_dags/example_time_delta_sensor_async.py
[2024-05-21T09:33:51.471+0000] {logging_mixin.py:188} INFO - [2024-05-21T09:33:51.470+0000] {dag.py:3096} INFO - Sync 1 DAGs
[2024-05-21T09:33:51.482+0000] {logging_mixin.py:188} INFO - [2024-05-21T09:33:51.481+0000] {dag.py:3954} INFO - Setting next_dagrun for example_time_delta_sensor_async to None, run_after=None
[2024-05-21T09:33:51.514+0000] {processor.py:183} INFO - Processing /home/airflow/.local/lib/python3.12/site-packages/airflow/example_dags/example_time_delta_sensor_async.py took 0.078 seconds
[2024-05-21T09:34:21.711+0000] {processor.py:161} INFO - Started process (PID=173) to work on /home/airflow/.local/lib/python3.12/site-packages/airflow/example_dags/example_time_delta_sensor_async.py
[2024-05-21T09:34:21.712+0000] {processor.py:830} INFO - Processing file /home/airflow/.local/lib/python3.12/site-packages/airflow/example_dags/example_time_delta_sensor_async.py for tasks to queue
[2024-05-21T09:34:21.714+0000] {logging_mixin.py:188} INFO - [2024-05-21T09:34:21.714+0000] {dagbag.py:545} INFO - Filling up the DagBag from /home/airflow/.local/lib/python3.12/site-packages/airflow/example_dags/example_time_delta_sensor_async.py
[2024-05-21T09:34:21.718+0000] {processor.py:840} INFO - DAG(s) 'example_time_delta_sensor_async' retrieved from /home/airflow/.local/lib/python3.12/site-packages/airflow/example_dags/example_time_delta_sensor_async.py
[2024-05-21T09:34:21.735+0000] {logging_mixin.py:188} INFO - [2024-05-21T09:34:21.735+0000] {dag.py:3096} INFO - Sync 1 DAGs
[2024-05-21T09:34:21.745+0000] {logging_mixin.py:188} INFO - [2024-05-21T09:34:21.745+0000] {dag.py:3954} INFO - Setting next_dagrun for example_time_delta_sensor_async to None, run_after=None
[2024-05-21T09:34:21.761+0000] {processor.py:183} INFO - Processing /home/airflow/.local/lib/python3.12/site-packages/airflow/example_dags/example_time_delta_sensor_async.py took 0.055 seconds
