[2024-05-21T09:33:21.308+0000] {processor.py:161} INFO - Started process (PID=67) to work on /home/airflow/.local/lib/python3.12/site-packages/airflow/example_dags/example_display_name.py
[2024-05-21T09:33:21.310+0000] {processor.py:830} INFO - Processing file /home/airflow/.local/lib/python3.12/site-packages/airflow/example_dags/example_display_name.py for tasks to queue
[2024-05-21T09:33:21.311+0000] {logging_mixin.py:188} INFO - [2024-05-21T09:33:21.311+0000] {dagbag.py:545} INFO - Filling up the DagBag from /home/airflow/.local/lib/python3.12/site-packages/airflow/example_dags/example_display_name.py
[2024-05-21T09:33:21.318+0000] {processor.py:840} INFO - DAG(s) 'example_display_name' retrieved from /home/airflow/.local/lib/python3.12/site-packages/airflow/example_dags/example_display_name.py
[2024-05-21T09:33:21.393+0000] {logging_mixin.py:188} INFO - [2024-05-21T09:33:21.392+0000] {override.py:1829} INFO - Created Permission View: can read on DAG:example_display_name
[2024-05-21T09:33:21.401+0000] {logging_mixin.py:188} INFO - [2024-05-21T09:33:21.401+0000] {override.py:1829} INFO - Created Permission View: can edit on DAG:example_display_name
[2024-05-21T09:33:21.406+0000] {logging_mixin.py:188} INFO - [2024-05-21T09:33:21.405+0000] {override.py:1829} INFO - Created Permission View: can delete on DAG:example_display_name
[2024-05-21T09:33:21.407+0000] {logging_mixin.py:188} INFO - [2024-05-21T09:33:21.406+0000] {dag.py:3096} INFO - Sync 1 DAGs
[2024-05-21T09:33:21.414+0000] {logging_mixin.py:188} INFO - [2024-05-21T09:33:21.414+0000] {dag.py:3118} INFO - Creating ORM DAG for example_display_name
[2024-05-21T09:33:21.415+0000] {logging_mixin.py:188} INFO - [2024-05-21T09:33:21.414+0000] {dag.py:3954} INFO - Setting next_dagrun for example_display_name to None, run_after=None
[2024-05-21T09:33:21.430+0000] {processor.py:183} INFO - Processing /home/airflow/.local/lib/python3.12/site-packages/airflow/example_dags/example_display_name.py took 0.126 seconds
[2024-05-21T09:33:52.097+0000] {processor.py:161} INFO - Started process (PID=125) to work on /home/airflow/.local/lib/python3.12/site-packages/airflow/example_dags/example_display_name.py
[2024-05-21T09:33:52.098+0000] {processor.py:830} INFO - Processing file /home/airflow/.local/lib/python3.12/site-packages/airflow/example_dags/example_display_name.py for tasks to queue
[2024-05-21T09:33:52.100+0000] {logging_mixin.py:188} INFO - [2024-05-21T09:33:52.100+0000] {dagbag.py:545} INFO - Filling up the DagBag from /home/airflow/.local/lib/python3.12/site-packages/airflow/example_dags/example_display_name.py
[2024-05-21T09:33:52.106+0000] {processor.py:840} INFO - DAG(s) 'example_display_name' retrieved from /home/airflow/.local/lib/python3.12/site-packages/airflow/example_dags/example_display_name.py
[2024-05-21T09:33:52.120+0000] {logging_mixin.py:188} INFO - [2024-05-21T09:33:52.120+0000] {dag.py:3096} INFO - Sync 1 DAGs
[2024-05-21T09:33:52.130+0000] {logging_mixin.py:188} INFO - [2024-05-21T09:33:52.130+0000] {dag.py:3954} INFO - Setting next_dagrun for example_display_name to None, run_after=None
[2024-05-21T09:33:52.146+0000] {processor.py:183} INFO - Processing /home/airflow/.local/lib/python3.12/site-packages/airflow/example_dags/example_display_name.py took 0.052 seconds
[2024-05-21T09:34:22.229+0000] {processor.py:161} INFO - Started process (PID=183) to work on /home/airflow/.local/lib/python3.12/site-packages/airflow/example_dags/example_display_name.py
[2024-05-21T09:34:22.230+0000] {processor.py:830} INFO - Processing file /home/airflow/.local/lib/python3.12/site-packages/airflow/example_dags/example_display_name.py for tasks to queue
[2024-05-21T09:34:22.232+0000] {logging_mixin.py:188} INFO - [2024-05-21T09:34:22.231+0000] {dagbag.py:545} INFO - Filling up the DagBag from /home/airflow/.local/lib/python3.12/site-packages/airflow/example_dags/example_display_name.py
[2024-05-21T09:34:22.236+0000] {processor.py:840} INFO - DAG(s) 'example_display_name' retrieved from /home/airflow/.local/lib/python3.12/site-packages/airflow/example_dags/example_display_name.py
[2024-05-21T09:34:22.252+0000] {logging_mixin.py:188} INFO - [2024-05-21T09:34:22.252+0000] {dag.py:3096} INFO - Sync 1 DAGs
[2024-05-21T09:34:22.262+0000] {logging_mixin.py:188} INFO - [2024-05-21T09:34:22.262+0000] {dag.py:3954} INFO - Setting next_dagrun for example_display_name to None, run_after=None
[2024-05-21T09:34:22.277+0000] {processor.py:183} INFO - Processing /home/airflow/.local/lib/python3.12/site-packages/airflow/example_dags/example_display_name.py took 0.053 seconds
