[2024-05-21T09:33:23.030+0000] {processor.py:161} INFO - Started process (PID=86) to work on /home/airflow/.local/lib/python3.12/site-packages/airflow/example_dags/example_task_group.py
[2024-05-21T09:33:23.031+0000] {processor.py:830} INFO - Processing file /home/airflow/.local/lib/python3.12/site-packages/airflow/example_dags/example_task_group.py for tasks to queue
[2024-05-21T09:33:23.033+0000] {logging_mixin.py:188} INFO - [2024-05-21T09:33:23.033+0000] {dagbag.py:545} INFO - Filling up the DagBag from /home/airflow/.local/lib/python3.12/site-packages/airflow/example_dags/example_task_group.py
[2024-05-21T09:33:23.040+0000] {processor.py:840} INFO - DAG(s) 'example_task_group' retrieved from /home/airflow/.local/lib/python3.12/site-packages/airflow/example_dags/example_task_group.py
[2024-05-21T09:33:23.116+0000] {logging_mixin.py:188} INFO - [2024-05-21T09:33:23.116+0000] {override.py:1829} INFO - Created Permission View: can read on DAG:example_task_group
[2024-05-21T09:33:23.124+0000] {logging_mixin.py:188} INFO - [2024-05-21T09:33:23.124+0000] {override.py:1829} INFO - Created Permission View: can edit on DAG:example_task_group
[2024-05-21T09:33:23.129+0000] {logging_mixin.py:188} INFO - [2024-05-21T09:33:23.128+0000] {override.py:1829} INFO - Created Permission View: can delete on DAG:example_task_group
[2024-05-21T09:33:23.129+0000] {logging_mixin.py:188} INFO - [2024-05-21T09:33:23.129+0000] {dag.py:3096} INFO - Sync 1 DAGs
[2024-05-21T09:33:23.138+0000] {logging_mixin.py:188} INFO - [2024-05-21T09:33:23.138+0000] {dag.py:3118} INFO - Creating ORM DAG for example_task_group
[2024-05-21T09:33:23.145+0000] {logging_mixin.py:188} INFO - [2024-05-21T09:33:23.145+0000] {dag.py:3954} INFO - Setting next_dagrun for example_task_group to 2024-05-20 00:00:00+00:00, run_after=2024-05-21 00:00:00+00:00
[2024-05-21T09:33:23.158+0000] {processor.py:183} INFO - Processing /home/airflow/.local/lib/python3.12/site-packages/airflow/example_dags/example_task_group.py took 0.133 seconds
[2024-05-21T09:33:53.558+0000] {processor.py:161} INFO - Started process (PID=144) to work on /home/airflow/.local/lib/python3.12/site-packages/airflow/example_dags/example_task_group.py
[2024-05-21T09:33:53.560+0000] {processor.py:830} INFO - Processing file /home/airflow/.local/lib/python3.12/site-packages/airflow/example_dags/example_task_group.py for tasks to queue
[2024-05-21T09:33:53.562+0000] {logging_mixin.py:188} INFO - [2024-05-21T09:33:53.561+0000] {dagbag.py:545} INFO - Filling up the DagBag from /home/airflow/.local/lib/python3.12/site-packages/airflow/example_dags/example_task_group.py
[2024-05-21T09:33:53.567+0000] {processor.py:840} INFO - DAG(s) 'example_task_group' retrieved from /home/airflow/.local/lib/python3.12/site-packages/airflow/example_dags/example_task_group.py
[2024-05-21T09:33:53.587+0000] {logging_mixin.py:188} INFO - [2024-05-21T09:33:53.586+0000] {dag.py:3096} INFO - Sync 1 DAGs
[2024-05-21T09:33:53.605+0000] {logging_mixin.py:188} INFO - [2024-05-21T09:33:53.605+0000] {dag.py:3954} INFO - Setting next_dagrun for example_task_group to 2024-05-20 00:00:00+00:00, run_after=2024-05-21 00:00:00+00:00
[2024-05-21T09:33:53.630+0000] {processor.py:183} INFO - Processing /home/airflow/.local/lib/python3.12/site-packages/airflow/example_dags/example_task_group.py took 0.076 seconds
[2024-05-21T09:34:24.361+0000] {processor.py:161} INFO - Started process (PID=202) to work on /home/airflow/.local/lib/python3.12/site-packages/airflow/example_dags/example_task_group.py
[2024-05-21T09:34:24.362+0000] {processor.py:830} INFO - Processing file /home/airflow/.local/lib/python3.12/site-packages/airflow/example_dags/example_task_group.py for tasks to queue
[2024-05-21T09:34:24.364+0000] {logging_mixin.py:188} INFO - [2024-05-21T09:34:24.363+0000] {dagbag.py:545} INFO - Filling up the DagBag from /home/airflow/.local/lib/python3.12/site-packages/airflow/example_dags/example_task_group.py
[2024-05-21T09:34:24.369+0000] {processor.py:840} INFO - DAG(s) 'example_task_group' retrieved from /home/airflow/.local/lib/python3.12/site-packages/airflow/example_dags/example_task_group.py
[2024-05-21T09:34:24.386+0000] {logging_mixin.py:188} INFO - [2024-05-21T09:34:24.386+0000] {dag.py:3096} INFO - Sync 1 DAGs
[2024-05-21T09:34:24.405+0000] {logging_mixin.py:188} INFO - [2024-05-21T09:34:24.405+0000] {dag.py:3954} INFO - Setting next_dagrun for example_task_group to 2024-05-20 00:00:00+00:00, run_after=2024-05-21 00:00:00+00:00
[2024-05-21T09:34:24.419+0000] {processor.py:183} INFO - Processing /home/airflow/.local/lib/python3.12/site-packages/airflow/example_dags/example_task_group.py took 0.062 seconds
