[2024-05-21T09:33:20.160+0000] {processor.py:161} INFO - Started process (PID=56) to work on /home/airflow/.local/lib/python3.12/site-packages/airflow/example_dags/tutorial_dag.py
[2024-05-21T09:33:20.161+0000] {processor.py:830} INFO - Processing file /home/airflow/.local/lib/python3.12/site-packages/airflow/example_dags/tutorial_dag.py for tasks to queue
[2024-05-21T09:33:20.163+0000] {logging_mixin.py:188} INFO - [2024-05-21T09:33:20.162+0000] {dagbag.py:545} INFO - Filling up the DagBag from /home/airflow/.local/lib/python3.12/site-packages/airflow/example_dags/tutorial_dag.py
[2024-05-21T09:33:20.169+0000] {processor.py:840} INFO - DAG(s) 'tutorial_dag' retrieved from /home/airflow/.local/lib/python3.12/site-packages/airflow/example_dags/tutorial_dag.py
[2024-05-21T09:33:20.263+0000] {logging_mixin.py:188} INFO - [2024-05-21T09:33:20.262+0000] {override.py:1829} INFO - Created Permission View: can read on DAG:tutorial_dag
[2024-05-21T09:33:20.273+0000] {logging_mixin.py:188} INFO - [2024-05-21T09:33:20.272+0000] {override.py:1829} INFO - Created Permission View: can edit on DAG:tutorial_dag
[2024-05-21T09:33:20.279+0000] {logging_mixin.py:188} INFO - [2024-05-21T09:33:20.279+0000] {override.py:1829} INFO - Created Permission View: can delete on DAG:tutorial_dag
[2024-05-21T09:33:20.280+0000] {logging_mixin.py:188} INFO - [2024-05-21T09:33:20.280+0000] {dag.py:3096} INFO - Sync 1 DAGs
[2024-05-21T09:33:20.288+0000] {logging_mixin.py:188} INFO - [2024-05-21T09:33:20.288+0000] {dag.py:3118} INFO - Creating ORM DAG for tutorial_dag
[2024-05-21T09:33:20.290+0000] {logging_mixin.py:188} INFO - [2024-05-21T09:33:20.289+0000] {dag.py:3954} INFO - Setting next_dagrun for tutorial_dag to None, run_after=None
[2024-05-21T09:33:20.302+0000] {processor.py:183} INFO - Processing /home/airflow/.local/lib/python3.12/site-packages/airflow/example_dags/tutorial_dag.py took 0.146 seconds
[2024-05-21T09:33:50.404+0000] {processor.py:161} INFO - Started process (PID=114) to work on /home/airflow/.local/lib/python3.12/site-packages/airflow/example_dags/tutorial_dag.py
[2024-05-21T09:33:50.405+0000] {processor.py:830} INFO - Processing file /home/airflow/.local/lib/python3.12/site-packages/airflow/example_dags/tutorial_dag.py for tasks to queue
[2024-05-21T09:33:50.407+0000] {logging_mixin.py:188} INFO - [2024-05-21T09:33:50.407+0000] {dagbag.py:545} INFO - Filling up the DagBag from /home/airflow/.local/lib/python3.12/site-packages/airflow/example_dags/tutorial_dag.py
[2024-05-21T09:33:50.412+0000] {processor.py:840} INFO - DAG(s) 'tutorial_dag' retrieved from /home/airflow/.local/lib/python3.12/site-packages/airflow/example_dags/tutorial_dag.py
[2024-05-21T09:33:50.431+0000] {logging_mixin.py:188} INFO - [2024-05-21T09:33:50.430+0000] {dag.py:3096} INFO - Sync 1 DAGs
[2024-05-21T09:33:50.442+0000] {logging_mixin.py:188} INFO - [2024-05-21T09:33:50.442+0000] {dag.py:3954} INFO - Setting next_dagrun for tutorial_dag to None, run_after=None
[2024-05-21T09:33:50.458+0000] {processor.py:183} INFO - Processing /home/airflow/.local/lib/python3.12/site-packages/airflow/example_dags/tutorial_dag.py took 0.059 seconds
[2024-05-21T09:34:20.706+0000] {processor.py:161} INFO - Started process (PID=172) to work on /home/airflow/.local/lib/python3.12/site-packages/airflow/example_dags/tutorial_dag.py
[2024-05-21T09:34:20.708+0000] {processor.py:830} INFO - Processing file /home/airflow/.local/lib/python3.12/site-packages/airflow/example_dags/tutorial_dag.py for tasks to queue
[2024-05-21T09:34:20.709+0000] {logging_mixin.py:188} INFO - [2024-05-21T09:34:20.709+0000] {dagbag.py:545} INFO - Filling up the DagBag from /home/airflow/.local/lib/python3.12/site-packages/airflow/example_dags/tutorial_dag.py
[2024-05-21T09:34:20.715+0000] {processor.py:840} INFO - DAG(s) 'tutorial_dag' retrieved from /home/airflow/.local/lib/python3.12/site-packages/airflow/example_dags/tutorial_dag.py
[2024-05-21T09:34:20.734+0000] {logging_mixin.py:188} INFO - [2024-05-21T09:34:20.734+0000] {dag.py:3096} INFO - Sync 1 DAGs
[2024-05-21T09:34:20.746+0000] {logging_mixin.py:188} INFO - [2024-05-21T09:34:20.745+0000] {dag.py:3954} INFO - Setting next_dagrun for tutorial_dag to None, run_after=None
[2024-05-21T09:34:20.761+0000] {processor.py:183} INFO - Processing /home/airflow/.local/lib/python3.12/site-packages/airflow/example_dags/tutorial_dag.py took 0.060 seconds
