[2024-05-21T09:33:19.288+0000] {processor.py:161} INFO - Started process (PID=47) to work on /home/airflow/.local/lib/python3.12/site-packages/airflow/example_dags/tutorial.py
[2024-05-21T09:33:19.289+0000] {processor.py:830} INFO - Processing file /home/airflow/.local/lib/python3.12/site-packages/airflow/example_dags/tutorial.py for tasks to queue
[2024-05-21T09:33:19.291+0000] {logging_mixin.py:188} INFO - [2024-05-21T09:33:19.291+0000] {dagbag.py:545} INFO - Filling up the DagBag from /home/airflow/.local/lib/python3.12/site-packages/airflow/example_dags/tutorial.py
[2024-05-21T09:33:19.297+0000] {processor.py:840} INFO - DAG(s) 'tutorial' retrieved from /home/airflow/.local/lib/python3.12/site-packages/airflow/example_dags/tutorial.py
[2024-05-21T09:33:19.381+0000] {logging_mixin.py:188} INFO - [2024-05-21T09:33:19.381+0000] {override.py:1829} INFO - Created Permission View: can read on DAG:tutorial
[2024-05-21T09:33:19.390+0000] {logging_mixin.py:188} INFO - [2024-05-21T09:33:19.389+0000] {override.py:1829} INFO - Created Permission View: can edit on DAG:tutorial
[2024-05-21T09:33:19.395+0000] {logging_mixin.py:188} INFO - [2024-05-21T09:33:19.395+0000] {override.py:1829} INFO - Created Permission View: can delete on DAG:tutorial
[2024-05-21T09:33:19.396+0000] {logging_mixin.py:188} INFO - [2024-05-21T09:33:19.396+0000] {dag.py:3096} INFO - Sync 1 DAGs
[2024-05-21T09:33:19.403+0000] {logging_mixin.py:188} INFO - [2024-05-21T09:33:19.403+0000] {dag.py:3118} INFO - Creating ORM DAG for tutorial
[2024-05-21T09:33:19.411+0000] {logging_mixin.py:188} INFO - [2024-05-21T09:33:19.411+0000] {dag.py:3954} INFO - Setting next_dagrun for tutorial to 2024-05-20 00:00:00+00:00, run_after=2024-05-21 00:00:00+00:00
[2024-05-21T09:33:19.424+0000] {processor.py:183} INFO - Processing /home/airflow/.local/lib/python3.12/site-packages/airflow/example_dags/tutorial.py took 0.140 seconds
[2024-05-21T09:33:49.918+0000] {processor.py:161} INFO - Started process (PID=105) to work on /home/airflow/.local/lib/python3.12/site-packages/airflow/example_dags/tutorial.py
[2024-05-21T09:33:49.920+0000] {processor.py:830} INFO - Processing file /home/airflow/.local/lib/python3.12/site-packages/airflow/example_dags/tutorial.py for tasks to queue
[2024-05-21T09:33:49.922+0000] {logging_mixin.py:188} INFO - [2024-05-21T09:33:49.921+0000] {dagbag.py:545} INFO - Filling up the DagBag from /home/airflow/.local/lib/python3.12/site-packages/airflow/example_dags/tutorial.py
[2024-05-21T09:33:49.927+0000] {processor.py:840} INFO - DAG(s) 'tutorial' retrieved from /home/airflow/.local/lib/python3.12/site-packages/airflow/example_dags/tutorial.py
[2024-05-21T09:33:49.943+0000] {logging_mixin.py:188} INFO - [2024-05-21T09:33:49.943+0000] {dag.py:3096} INFO - Sync 1 DAGs
[2024-05-21T09:33:49.960+0000] {logging_mixin.py:188} INFO - [2024-05-21T09:33:49.960+0000] {dag.py:3954} INFO - Setting next_dagrun for tutorial to 2024-05-20 00:00:00+00:00, run_after=2024-05-21 00:00:00+00:00
[2024-05-21T09:33:49.986+0000] {processor.py:183} INFO - Processing /home/airflow/.local/lib/python3.12/site-packages/airflow/example_dags/tutorial.py took 0.072 seconds
[2024-05-21T09:34:20.224+0000] {processor.py:161} INFO - Started process (PID=163) to work on /home/airflow/.local/lib/python3.12/site-packages/airflow/example_dags/tutorial.py
[2024-05-21T09:34:20.225+0000] {processor.py:830} INFO - Processing file /home/airflow/.local/lib/python3.12/site-packages/airflow/example_dags/tutorial.py for tasks to queue
[2024-05-21T09:34:20.228+0000] {logging_mixin.py:188} INFO - [2024-05-21T09:34:20.228+0000] {dagbag.py:545} INFO - Filling up the DagBag from /home/airflow/.local/lib/python3.12/site-packages/airflow/example_dags/tutorial.py
[2024-05-21T09:34:20.232+0000] {processor.py:840} INFO - DAG(s) 'tutorial' retrieved from /home/airflow/.local/lib/python3.12/site-packages/airflow/example_dags/tutorial.py
[2024-05-21T09:34:20.251+0000] {logging_mixin.py:188} INFO - [2024-05-21T09:34:20.251+0000] {dag.py:3096} INFO - Sync 1 DAGs
[2024-05-21T09:34:20.268+0000] {logging_mixin.py:188} INFO - [2024-05-21T09:34:20.267+0000] {dag.py:3954} INFO - Setting next_dagrun for tutorial to 2024-05-20 00:00:00+00:00, run_after=2024-05-21 00:00:00+00:00
[2024-05-21T09:34:20.285+0000] {processor.py:183} INFO - Processing /home/airflow/.local/lib/python3.12/site-packages/airflow/example_dags/tutorial.py took 0.066 seconds
